<?xml version="1.0" encoding="UTF-8"?>
<!-- Generated by org.testng.reporters.JUnitXMLReporter -->
<testsuite hostname="CIPLWKT014" ignored="1" name="EdgeTest" tests="9" failures="2" timestamp="25 Sep 2023 13:03:46 GMT" time="308.737" errors="0">
  <testcase name="LaunchCVSBrow" time="16.908" classname="Generic.CrossBrowserTesting"/>
  <testcase name="LogVCS" time="23.439" classname="Script.PrintFunctionality">
    <failure type="org.openqa.selenium.NoSuchElementException" message="no such element: Unable to locate element: {&amp;quot;method&amp;quot;:&amp;quot;xpath&amp;quot;,&amp;quot;selector&amp;quot;:&amp;quot;//button[@id=&amp;apos;cvModelLoginValidationOk&amp;apos;]&amp;quot;}
  (Session info: MicrosoftEdge=117.0.2045.36)
For documentation on this error, please visit: https://www.seleniumhq.org/exceptions/no_such_element.html
Build info: version: &amp;apos;3.141.59&amp;apos;, revision: &amp;apos;e82be7d358&amp;apos;, time: &amp;apos;2018-11-14T08:25:53&amp;apos;
System info: host: &amp;apos;CIPLWKT014&amp;apos;, ip: &amp;apos;10.4.8.14&amp;apos;, os.name: &amp;apos;Windows 10&amp;apos;, os.arch: &amp;apos;x86&amp;apos;, os.version: &amp;apos;10.0&amp;apos;, java.version: &amp;apos;1.8.0_351&amp;apos;
Driver info: org.openqa.selenium.edge.EdgeDriver
Capabilities {acceptInsecureCerts: false, browserName: msedge, browserVersion: 117.0.2045.36, fedcm:accounts: true, javascriptEnabled: true, ms:edgeOptions: {debuggerAddress: localhost:64090}, msedge: {msedgedriverVersion: 117.0.2045.41 (b895513e9807..., userDataDir: C:\Users\nisha.r\AppData\Lo...}, networkConnectionEnabled: false, pageLoadStrategy: normal, platform: WINDOWS, platformName: WINDOWS, proxy: Proxy(), setWindowRect: true, strictFileInteractability: false, timeouts: {implicit: 0, pageLoad: 300000, script: 30000}, unhandledPromptBehavior: dismiss and notify, webauthn:extension:credBlob: true, webauthn:extension:largeBlob: true, webauthn:extension:minPinLength: true, webauthn:extension:prf: true, webauthn:virtualAuthenticators: true}
Session ID: 54f731800042f5f99352d57e2fd6b326
*** Element info: {Using=xpath, value=//button[@id=&amp;apos;cvModelLoginValidationOk&amp;apos;]}">
      <![CDATA[org.openqa.selenium.NoSuchElementException: no such element: Unable to locate element: {"method":"xpath","selector":"//button[@id='cvModelLoginValidationOk']"}
  (Session info: MicrosoftEdge=117.0.2045.36)
For documentation on this error, please visit: https://www.seleniumhq.org/exceptions/no_such_element.html
Build info: version: '3.141.59', revision: 'e82be7d358', time: '2018-11-14T08:25:53'
System info: host: 'CIPLWKT014', ip: '10.4.8.14', os.name: 'Windows 10', os.arch: 'x86', os.version: '10.0', java.version: '1.8.0_351'
Driver info: org.openqa.selenium.edge.EdgeDriver
Capabilities {acceptInsecureCerts: false, browserName: msedge, browserVersion: 117.0.2045.36, fedcm:accounts: true, javascriptEnabled: true, ms:edgeOptions: {debuggerAddress: localhost:64090}, msedge: {msedgedriverVersion: 117.0.2045.41 (b895513e9807..., userDataDir: C:\Users\nisha.r\AppData\Lo...}, networkConnectionEnabled: false, pageLoadStrategy: normal, platform: WINDOWS, platformName: WINDOWS, proxy: Proxy(), setWindowRect: true, strictFileInteractability: false, timeouts: {implicit: 0, pageLoad: 300000, script: 30000}, unhandledPromptBehavior: dismiss and notify, webauthn:extension:credBlob: true, webauthn:extension:largeBlob: true, webauthn:extension:minPinLength: true, webauthn:extension:prf: true, webauthn:virtualAuthenticators: true}
Session ID: 54f731800042f5f99352d57e2fd6b326
*** Element info: {Using=xpath, value=//button[@id='cvModelLoginValidationOk']}
at org.openqa.selenium.remote.http.W3CHttpResponseCodec.createException(W3CHttpResponseCodec.java:187)
at org.openqa.selenium.remote.http.W3CHttpResponseCodec.decode(W3CHttpResponseCodec.java:122)
at org.openqa.selenium.remote.http.W3CHttpResponseCodec.decode(W3CHttpResponseCodec.java:49)
at org.openqa.selenium.remote.HttpCommandExecutor.execute(HttpCommandExecutor.java:158)
at org.openqa.selenium.remote.service.DriverCommandExecutor.execute(DriverCommandExecutor.java:83)
at org.openqa.selenium.remote.RemoteWebDriver.execute(RemoteWebDriver.java:552)
at org.openqa.selenium.remote.RemoteWebDriver.findElement(RemoteWebDriver.java:323)
at org.openqa.selenium.remote.RemoteWebDriver.findElementByXPath(RemoteWebDriver.java:428)
at org.openqa.selenium.By$ByXPath.findElement(By.java:353)
at org.openqa.selenium.remote.RemoteWebDriver.findElement(RemoteWebDriver.java:315)
at Pom.ToDoListTab.LogVidyaTaskUser1(ToDoListTab.java:190)
at Script.PrintFunctionality.LogVCS(PrintFunctionality.java:49)
at java.util.concurrent.ThreadPoolExecutor.runWorker(Unknown Source)
at java.util.concurrent.ThreadPoolExecutor$Worker.run(Unknown Source)
at java.lang.Thread.run(Unknown Source)
... Removed 14 stack frames]]>
    </failure>
  </testcase> <!-- LogVCS -->
  <testcase name="Email_Reference" time="38.815" classname="Script.PrintFunctionality">
    <failure type="org.openqa.selenium.UnhandledAlertException" message="unexpected alert open: {Alert text : LEADTOOLS 21 License Notice

Warning: License file is not verified to work in this domain.

This application is using a LEADTOOLS temporary evaluation license.
In order to legally deploy the application in production, the developer must first obtain a Production Deployment License.
If you believe you are getting this message in error, contact LEAD Technologies, Inc. at licensing@leadtools.com (+1-704-332-5532).
Without a valid Production Deployment License, this application will cease functioning in the near future.
}
  (Session info: MicrosoftEdge=117.0.2045.36): LEADTOOLS 21 License Notice

Warning: License file is not verified to work in this domain.

This application is using a LEADTOOLS temporary evaluation license.
In order to legally deploy the application in production, the developer must first obtain a Production Deployment License.
If you believe you are getting this message in error, contact LEAD Technologies, Inc. at licensing@leadtools.com (+1-704-332-5532).
Without a valid Production Deployment License, this application will cease functioning in the near future.

Build info: version: &amp;apos;3.141.59&amp;apos;, revision: &amp;apos;e82be7d358&amp;apos;, time: &amp;apos;2018-11-14T08:25:53&amp;apos;
System info: host: &amp;apos;CIPLWKT014&amp;apos;, ip: &amp;apos;10.4.8.14&amp;apos;, os.name: &amp;apos;Windows 10&amp;apos;, os.arch: &amp;apos;x86&amp;apos;, os.version: &amp;apos;10.0&amp;apos;, java.version: &amp;apos;1.8.0_351&amp;apos;
Driver info: org.openqa.selenium.edge.EdgeDriver
Capabilities {acceptInsecureCerts: false, browserName: msedge, browserVersion: 117.0.2045.36, fedcm:accounts: true, javascriptEnabled: true, ms:edgeOptions: {debuggerAddress: localhost:64090}, msedge: {msedgedriverVersion: 117.0.2045.41 (b895513e9807..., userDataDir: C:\Users\nisha.r\AppData\Lo...}, networkConnectionEnabled: false, pageLoadStrategy: normal, platform: WINDOWS, platformName: WINDOWS, proxy: Proxy(), setWindowRect: true, strictFileInteractability: false, timeouts: {implicit: 0, pageLoad: 300000, script: 30000}, unhandledPromptBehavior: dismiss and notify, webauthn:extension:credBlob: true, webauthn:extension:largeBlob: true, webauthn:extension:minPinLength: true, webauthn:extension:prf: true, webauthn:virtualAuthenticators: true}
Session ID: 54f731800042f5f99352d57e2fd6b326">
      <![CDATA[org.openqa.selenium.UnhandledAlertException: unexpected alert open: {Alert text : LEADTOOLS 21 License Notice

Warning: License file is not verified to work in this domain.

This application is using a LEADTOOLS temporary evaluation license.
In order to legally deploy the application in production, the developer must first obtain a Production Deployment License.
If you believe you are getting this message in error, contact LEAD Technologies, Inc. at licensing@leadtools.com (+1-704-332-5532).
Without a valid Production Deployment License, this application will cease functioning in the near future.
}
  (Session info: MicrosoftEdge=117.0.2045.36): LEADTOOLS 21 License Notice

Warning: License file is not verified to work in this domain.

This application is using a LEADTOOLS temporary evaluation license.
In order to legally deploy the application in production, the developer must first obtain a Production Deployment License.
If you believe you are getting this message in error, contact LEAD Technologies, Inc. at licensing@leadtools.com (+1-704-332-5532).
Without a valid Production Deployment License, this application will cease functioning in the near future.

Build info: version: '3.141.59', revision: 'e82be7d358', time: '2018-11-14T08:25:53'
System info: host: 'CIPLWKT014', ip: '10.4.8.14', os.name: 'Windows 10', os.arch: 'x86', os.version: '10.0', java.version: '1.8.0_351'
Driver info: org.openqa.selenium.edge.EdgeDriver
Capabilities {acceptInsecureCerts: false, browserName: msedge, browserVersion: 117.0.2045.36, fedcm:accounts: true, javascriptEnabled: true, ms:edgeOptions: {debuggerAddress: localhost:64090}, msedge: {msedgedriverVersion: 117.0.2045.41 (b895513e9807..., userDataDir: C:\Users\nisha.r\AppData\Lo...}, networkConnectionEnabled: false, pageLoadStrategy: normal, platform: WINDOWS, platformName: WINDOWS, proxy: Proxy(), setWindowRect: true, strictFileInteractability: false, timeouts: {implicit: 0, pageLoad: 300000, script: 30000}, unhandledPromptBehavior: dismiss and notify, webauthn:extension:credBlob: true, webauthn:extension:largeBlob: true, webauthn:extension:minPinLength: true, webauthn:extension:prf: true, webauthn:virtualAuthenticators: true}
Session ID: 54f731800042f5f99352d57e2fd6b326
at org.openqa.selenium.remote.http.W3CHttpResponseCodec.decode(W3CHttpResponseCodec.java:120)
at org.openqa.selenium.remote.http.W3CHttpResponseCodec.decode(W3CHttpResponseCodec.java:49)
at org.openqa.selenium.remote.HttpCommandExecutor.execute(HttpCommandExecutor.java:158)
at org.openqa.selenium.remote.service.DriverCommandExecutor.execute(DriverCommandExecutor.java:83)
at org.openqa.selenium.remote.RemoteWebDriver.execute(RemoteWebDriver.java:552)
at org.openqa.selenium.remote.RemoteWebElement.execute(RemoteWebElement.java:285)
at org.openqa.selenium.remote.RemoteWebElement.isDisplayed(RemoteWebElement.java:326)
at org.openqa.selenium.support.pagefactory.internal.LocatingElementHandler.invoke(LocatingElementHandler.java:51)
at com.sun.proxy.$Proxy5.isDisplayed(Unknown Source)
at Script.PrintFunctionality.Email_Reference(PrintFunctionality.java:120)
at java.util.concurrent.ThreadPoolExecutor.runWorker(Unknown Source)
at java.util.concurrent.ThreadPoolExecutor$Worker.run(Unknown Source)
at java.lang.Thread.run(Unknown Source)
... Removed 14 stack frames]]>
    </failure>
  </testcase> <!-- Email_Reference -->
  <testcase name="Email_Copy_WithMsgBox_SubjectBox" time="55.386" classname="Script.PrintFunctionality"/>
  <testcase name="Email_ConvertPDF_WithAll_Annotations" time="60.735" classname="Script.PrintFunctionality"/>
  <testcase name="exports_with_convert_to_pdf_with_passwords" time="22.078" classname="Script.PrintFunctionality"/>
  <testcase name="exports_with_Retain_and_average_quality" time="35.199" classname="Script.PrintFunctionality"/>
  <testcase name="exports_with_convert_to_pdf_and_best_quality" time="31.441" classname="Script.PrintFunctionality"/>
  <testcase name="exports_with_convert_to_pdf_and_include_workflow_summary" time="24.725" classname="Script.PrintFunctionality"/>
  <testcase name="UploadingNewFile" time="0.0" classname="Script.PrintFunctionality">
    <ignored/>
  </testcase> <!-- UploadingNewFile -->
</testsuite> <!-- EdgeTest -->
