<?xml version="1.0" encoding="UTF-8"?>
<!-- Generated by org.testng.reporters.JUnitXMLReporter -->
<testsuite hostname="CIPLWKT014" ignored="1" name="Test" tests="28" failures="7" timestamp="27 Sep 2023 13:56:33 GMT" time="164.373" errors="0">
  <testcase name="Email_Reference" time="3.047" classname="Script.PrintFunctionality">
    <skipped/>
  </testcase> <!-- Email_Reference -->
  <testcase name="Email_Reference" time="3.004" classname="Script.PrintFunctionality">
    <skipped/>
  </testcase> <!-- Email_Reference -->
  <testcase name="Email_Reference" time="3.012" classname="Script.PrintFunctionality">
    <skipped/>
  </testcase> <!-- Email_Reference -->
  <testcase name="Email_Reference" time="3.016" classname="Script.PrintFunctionality">
    <failure type="java.lang.NullPointerException">
      <![CDATA[java.lang.NullPointerException
at java.util.Objects.requireNonNull(Unknown Source)
at org.openqa.selenium.interactions.Actions.<init>(Actions.java:65)
at Generic.BaseClass.movingDoublecli(BaseClass.java:281)
at Script.PrintFunctionality.Email_Reference(PrintFunctionality.java:116)
... Removed 25 stack frames]]>
    </failure>
  </testcase> <!-- Email_Reference -->
  <testcase name="Email_Copy_WithMsgBox_SubjectBox" time="0.049" classname="Script.PrintFunctionality">
    <skipped/>
  </testcase> <!-- Email_Copy_WithMsgBox_SubjectBox -->
  <testcase name="Email_Copy_WithMsgBox_SubjectBox" time="0.001" classname="Script.PrintFunctionality">
    <skipped/>
  </testcase> <!-- Email_Copy_WithMsgBox_SubjectBox -->
  <testcase name="Email_Copy_WithMsgBox_SubjectBox" time="0.002" classname="Script.PrintFunctionality">
    <skipped/>
  </testcase> <!-- Email_Copy_WithMsgBox_SubjectBox -->
  <testcase name="Email_Copy_WithMsgBox_SubjectBox" time="0.002" classname="Script.PrintFunctionality">
    <failure type="java.lang.NullPointerException">
      <![CDATA[java.lang.NullPointerException
at java.util.Objects.requireNonNull(Unknown Source)
at org.openqa.selenium.support.ui.FluentWait.<init>(FluentWait.java:106)
at org.openqa.selenium.support.ui.WebDriverWait.<init>(WebDriverWait.java:85)
at org.openqa.selenium.support.ui.WebDriverWait.<init>(WebDriverWait.java:45)
at Script.PrintFunctionality.Email_Copy_WithMsgBox_SubjectBox(PrintFunctionality.java:147)
... Removed 25 stack frames]]>
    </failure>
  </testcase> <!-- Email_Copy_WithMsgBox_SubjectBox -->
  <testcase name="Email_ConvertPDF_WithAll_Annotations" time="0.005" classname="Script.PrintFunctionality">
    <skipped/>
  </testcase> <!-- Email_ConvertPDF_WithAll_Annotations -->
  <testcase name="Email_ConvertPDF_WithAll_Annotations" time="0.002" classname="Script.PrintFunctionality">
    <skipped/>
  </testcase> <!-- Email_ConvertPDF_WithAll_Annotations -->
  <testcase name="Email_ConvertPDF_WithAll_Annotations" time="0.002" classname="Script.PrintFunctionality">
    <skipped/>
  </testcase> <!-- Email_ConvertPDF_WithAll_Annotations -->
  <testcase name="Email_ConvertPDF_WithAll_Annotations" time="0.001" classname="Script.PrintFunctionality">
    <failure type="java.lang.NullPointerException">
      <![CDATA[java.lang.NullPointerException
at java.util.Objects.requireNonNull(Unknown Source)
at org.openqa.selenium.support.ui.FluentWait.<init>(FluentWait.java:106)
at org.openqa.selenium.support.ui.WebDriverWait.<init>(WebDriverWait.java:85)
at org.openqa.selenium.support.ui.WebDriverWait.<init>(WebDriverWait.java:45)
at Script.PrintFunctionality.Email_ConvertPDF_WithAll_Annotations(PrintFunctionality.java:83)
... Removed 25 stack frames]]>
    </failure>
  </testcase> <!-- Email_ConvertPDF_WithAll_Annotations -->
  <testcase name="exports_with_convert_to_pdf_with_passwords" time="5.012" classname="Script.PrintFunctionality">
    <skipped/>
  </testcase> <!-- exports_with_convert_to_pdf_with_passwords -->
  <testcase name="exports_with_convert_to_pdf_with_passwords" time="5.011" classname="Script.PrintFunctionality">
    <skipped/>
  </testcase> <!-- exports_with_convert_to_pdf_with_passwords -->
  <testcase name="exports_with_convert_to_pdf_with_passwords" time="5.004" classname="Script.PrintFunctionality">
    <skipped/>
  </testcase> <!-- exports_with_convert_to_pdf_with_passwords -->
  <testcase name="exports_with_convert_to_pdf_with_passwords" time="5.011" classname="Script.PrintFunctionality">
    <failure type="java.lang.NullPointerException">
      <![CDATA[java.lang.NullPointerException
at java.util.Objects.requireNonNull(Unknown Source)
at org.openqa.selenium.support.ui.FluentWait.<init>(FluentWait.java:106)
at org.openqa.selenium.support.ui.WebDriverWait.<init>(WebDriverWait.java:85)
at org.openqa.selenium.support.ui.WebDriverWait.<init>(WebDriverWait.java:45)
at Script.PrintFunctionality.exports_with_convert_to_pdf_with_passwords(PrintFunctionality.java:180)
... Removed 25 stack frames]]>
    </failure>
  </testcase> <!-- exports_with_convert_to_pdf_with_passwords -->
  <testcase name="exports_with_Retain" time="10.004" classname="Script.PrintFunctionality">
    <skipped/>
  </testcase> <!-- exports_with_Retain -->
  <testcase name="exports_with_Retain" time="10.008" classname="Script.PrintFunctionality">
    <skipped/>
  </testcase> <!-- exports_with_Retain -->
  <testcase name="exports_with_Retain" time="10.015" classname="Script.PrintFunctionality">
    <skipped/>
  </testcase> <!-- exports_with_Retain -->
  <testcase name="exports_with_Retain" time="10.014" classname="Script.PrintFunctionality">
    <failure type="java.lang.NullPointerException">
      <![CDATA[java.lang.NullPointerException
at java.util.Objects.requireNonNull(Unknown Source)
at org.openqa.selenium.support.ui.FluentWait.<init>(FluentWait.java:106)
at org.openqa.selenium.support.ui.WebDriverWait.<init>(WebDriverWait.java:85)
at org.openqa.selenium.support.ui.WebDriverWait.<init>(WebDriverWait.java:45)
at Script.PrintFunctionality.exports_with_Retain(PrintFunctionality.java:206)
... Removed 25 stack frames]]>
    </failure>
  </testcase> <!-- exports_with_Retain -->
  <testcase name="exports_with_convert_to_pdf_and_best_quality" time="15.006" classname="Script.PrintFunctionality">
    <skipped/>
  </testcase> <!-- exports_with_convert_to_pdf_and_best_quality -->
  <testcase name="exports_with_convert_to_pdf_and_best_quality" time="15.019" classname="Script.PrintFunctionality">
    <skipped/>
  </testcase> <!-- exports_with_convert_to_pdf_and_best_quality -->
  <testcase name="exports_with_convert_to_pdf_and_best_quality" time="15.007" classname="Script.PrintFunctionality">
    <skipped/>
  </testcase> <!-- exports_with_convert_to_pdf_and_best_quality -->
  <testcase name="exports_with_convert_to_pdf_and_best_quality" time="15.012" classname="Script.PrintFunctionality">
    <failure type="java.lang.NullPointerException">
      <![CDATA[java.lang.NullPointerException
at java.util.Objects.requireNonNull(Unknown Source)
at org.openqa.selenium.support.ui.FluentWait.<init>(FluentWait.java:106)
at org.openqa.selenium.support.ui.WebDriverWait.<init>(WebDriverWait.java:85)
at org.openqa.selenium.support.ui.WebDriverWait.<init>(WebDriverWait.java:45)
at Script.PrintFunctionality.exports_with_convert_to_pdf_and_best_quality(PrintFunctionality.java:232)
... Removed 25 stack frames]]>
    </failure>
  </testcase> <!-- exports_with_convert_to_pdf_and_best_quality -->
  <testcase name="exports_with_convert_to_pdf_and_include_workflow_summary" time="8.013" classname="Script.PrintFunctionality">
    <skipped/>
  </testcase> <!-- exports_with_convert_to_pdf_and_include_workflow_summary -->
  <testcase name="exports_with_convert_to_pdf_and_include_workflow_summary" time="8.014" classname="Script.PrintFunctionality">
    <skipped/>
  </testcase> <!-- exports_with_convert_to_pdf_and_include_workflow_summary -->
  <testcase name="exports_with_convert_to_pdf_and_include_workflow_summary" time="8.002" classname="Script.PrintFunctionality">
    <skipped/>
  </testcase> <!-- exports_with_convert_to_pdf_and_include_workflow_summary -->
  <testcase name="exports_with_convert_to_pdf_and_include_workflow_summary" time="8.008" classname="Script.PrintFunctionality">
    <failure type="java.lang.NullPointerException">
      <![CDATA[java.lang.NullPointerException
at java.util.Objects.requireNonNull(Unknown Source)
at org.openqa.selenium.support.ui.FluentWait.<init>(FluentWait.java:106)
at org.openqa.selenium.support.ui.WebDriverWait.<init>(WebDriverWait.java:85)
at org.openqa.selenium.support.ui.WebDriverWait.<init>(WebDriverWait.java:45)
at Script.PrintFunctionality.exports_with_convert_to_pdf_and_include_workflow_summary(PrintFunctionality.java:262)
... Removed 25 stack frames]]>
    </failure>
  </testcase> <!-- exports_with_convert_to_pdf_and_include_workflow_summary -->
  <testcase name="UploadingNewFile" time="0.0" classname="Script.PrintFunctionality">
    <ignored/>
  </testcase> <!-- UploadingNewFile -->
</testsuite> <!-- Test -->
