<html>
<head>
<title>TestNG:  Test1</title>
<link href="../testng.css" rel="stylesheet" type="text/css" />
<link href="../my-testng.css" rel="stylesheet" type="text/css" />

<style type="text/css">
.log { display: none;} 
.stack-trace { display: none;} 
</style>
<script type="text/javascript">
<!--
function flip(e) {
  current = e.style.display;
  if (current == 'block') {
    e.style.display = 'none';
    return 0;
  }
  else {
    e.style.display = 'block';
    return 1;
  }
}

function toggleBox(szDivId, elem, msg1, msg2)
{
  var res = -1;  if (document.getElementById) {
    res = flip(document.getElementById(szDivId));
  }
  else if (document.all) {
    // this is the way old msie versions work
    res = flip(document.all[szDivId]);
  }
  if(elem) {
    if(res == 0) elem.innerHTML = msg1; else elem.innerHTML = msg2;
  }

}

function toggleAllBoxes() {
  if (document.getElementsByTagName) {
    d = document.getElementsByTagName('div');
    for (i = 0; i < d.length; i++) {
      if (d[i].className == 'log') {
        flip(d[i]);
      }
    }
  }
}

// -->
</script>

</head>
<body>
<h2 align='center'>Test1</h2><table border='1' align="center">
<tr>
<td>Tests passed/Failed/Skipped:</td><td>7/0/1</td>
</tr><tr>
<td>Started on:</td><td>Wed Sep 27 03:31:49 PDT 2023</td>
</tr>
<tr><td>Total time:</td><td>345 seconds (345231 ms)</td>
</tr><tr>
<td>Included groups:</td><td></td>
</tr><tr>
<td>Excluded groups:</td><td></td>
</tr>
</table><p/>
<small><i>(Hover the method name to see the test class name)</i></small><p/>
<table width='100%' border='1' class='invocation-passed'>
<tr><td colspan='4' align='center'><b>PASSED TESTS</b></td></tr>
<tr><td><b>Test method</b></td>
<td width="30%"><b>Exception</b></td>
<td width="10%"><b>Time (seconds)</b></td>
<td><b>Instance</b></td>
</tr>
<tr>
<td title='Script.PrintFunctionality.Email_ConvertPDF_WithAll_Annotations()'><b>Email_ConvertPDF_WithAll_Annotations</b><br>Test class: Script.PrintFunctionality<br/>
<a href="#Output-28506923" onClick='toggleBox("Output-28506923", this, "Show output", "Hide output");'>Show output</a>

<a href="#Output-28506923" onClick="toggleAllBoxes();">Show all outputs</a>
<div class='log' id="Output-28506923">
Verifying Email Functionality<br/>
Email Functionality with all annotation settings,sent successfull<br/>
</div>
</td>
<td></td>
<td>58</td>
<td>Script.PrintFunctionality@1bbf57e</td></tr>
<tr>
<td title='Script.PrintFunctionality.Email_Copy_WithMsgBox_SubjectBox()'><b>Email_Copy_WithMsgBox_SubjectBox</b><br>Test class: Script.PrintFunctionality<br/>
<a href="#Output-26872254" onClick='toggleBox("Output-26872254", this, "Show output", "Hide output");'>Show output</a>

<a href="#Output-26872254" onClick="toggleAllBoxes();">Show all outputs</a>
<div class='log' id="Output-26872254">
Copy Email sent successfull<br/>
</div>
</td>
<td></td>
<td>54</td>
<td>Script.PrintFunctionality@1bbf57e</td></tr>
<tr>
<td title='Script.PrintFunctionality.Email_Reference()'><b>Email_Reference</b><br>Test class: Script.PrintFunctionality<br/>
<a href="#Output-21160813" onClick='toggleBox("Output-21160813", this, "Show output", "Hide output");'>Show output</a>

<a href="#Output-21160813" onClick="toggleAllBoxes();">Show all outputs</a>
<div class='log' id="Output-21160813">
Reference Email sent successfull<br/>
</div>
</td>
<td></td>
<td>70</td>
<td>Script.PrintFunctionality@1bbf57e</td></tr>
<tr>
<td title='Script.PrintFunctionality.exports_with_Retain()'><b>exports_with_Retain</b><br>Test class: Script.PrintFunctionality<br/>
<a href="#Output-32051286" onClick='toggleBox("Output-32051286", this, "Show output", "Hide output");'>Show output</a>

<a href="#Output-32051286" onClick="toggleAllBoxes();">Show all outputs</a>
<div class='log' id="Output-32051286">
verifying export functionality retain format,with average quality and zip password<br/>
verifying export functionality retain format,with zip password<br/>
</div>
</td>
<td></td>
<td>41</td>
<td>Script.PrintFunctionality@1bbf57e</td></tr>
<tr>
<td title='Script.PrintFunctionality.exports_with_convert_to_pdf_and_best_quality()'><b>exports_with_convert_to_pdf_and_best_quality</b><br>Test class: Script.PrintFunctionality<br/>
<a href="#Output-22200551" onClick='toggleBox("Output-22200551", this, "Show output", "Hide output");'>Show output</a>

<a href="#Output-22200551" onClick="toggleAllBoxes();">Show all outputs</a>
<div class='log' id="Output-22200551">
verifying export functionality covertToPDF format,with best quality and zip password,PDF password,Export with annotations,unlock redactions with delimit password options<br/>
the document export with convert to pdf and best quality succcessfully<br/>
</div>
</td>
<td></td>
<td>48</td>
<td>Script.PrintFunctionality@1bbf57e</td></tr>
<tr>
<td title='Script.PrintFunctionality.exports_with_convert_to_pdf_and_include_workflow_summary()'><b>exports_with_convert_to_pdf_and_include_workflow_summary</b><br>Test class: Script.PrintFunctionality<br/>
<a href="#Output-27818477" onClick='toggleBox("Output-27818477", this, "Show output", "Hide output");'>Show output</a>

<a href="#Output-27818477" onClick="toggleAllBoxes();">Show all outputs</a>
<div class='log' id="Output-27818477">
the document exports with convert to pdf and include workflow summary succcessfully<br/>
</div>
</td>
<td></td>
<td>35</td>
<td>Script.PrintFunctionality@1bbf57e</td></tr>
<tr>
<td title='Script.PrintFunctionality.exports_with_convert_to_pdf_with_passwords()'><b>exports_with_convert_to_pdf_with_passwords</b><br>Test class: Script.PrintFunctionality<br/>
<a href="#Output-2912975" onClick='toggleBox("Output-2912975", this, "Show output", "Hide output");'>Show output</a>

<a href="#Output-2912975" onClick="toggleAllBoxes();">Show all outputs</a>
<div class='log' id="Output-2912975">
Verifying Export Functionality convertToPDF with Zippassword and convertToPdF password option <br/>
exporting documents dialog displayed<br/>
</div>
</td>
<td></td>
<td>32</td>
<td>Script.PrintFunctionality@1bbf57e</td></tr>
</table><p>
<table width='100%' border='1' class='invocation-skipped'>
<tr><td colspan='4' align='center'><b>SKIPPED TESTS</b></td></tr>
<tr><td><b>Test method</b></td>
<td width="30%"><b>Exception</b></td>
<td width="10%"><b>Time (seconds)</b></td>
<td><b>Instance</b></td>
</tr>
<tr>
<td title='Script.PrintFunctionality.Email_Reference()'><b>Email_Reference</b><br>Test class: Script.PrintFunctionality</td>
<td><div><pre>org.openqa.selenium.StaleElementReferenceException: stale element reference: stale element not found
  (Session info: chrome=117.0.5938.92)
For documentation on this error, please visit: https://www.seleniumhq.org/exceptions/stale_element_reference.html
Build info: version: &apos;3.141.59&apos;, revision: &apos;e82be7d358&apos;, time: &apos;2018-11-14T08:25:53&apos;
System info: host: &apos;CIPLWKT014&apos;, ip: &apos;10.4.8.14&apos;, os.name: &apos;Windows 10&apos;, os.arch: &apos;x86&apos;, os.version: &apos;10.0&apos;, java.version: &apos;1.8.0_351&apos;
Driver info: org.openqa.selenium.chrome.ChromeDriver
Capabilities {acceptInsecureCerts: false, browserName: chrome, browserVersion: 117.0.5938.92, chrome: {chromedriverVersion: 117.0.5938.92 (67649b10b92b..., userDataDir: C:\Users\nisha.r\AppData\Lo...}, fedcm:accounts: true, goog:chromeOptions: {debuggerAddress: localhost:62426}, javascriptEnabled: true, networkConnectionEnabled: false, pageLoadStrategy: normal, platform: WINDOWS, platformName: WINDOWS, proxy: Proxy(), setWindowRect: true, strictFileInteractability: false, timeouts: {implicit: 0, pageLoad: 300000, script: 30000}, unhandledPromptBehavior: dismiss and notify, webauthn:extension:credBlob: true, webauthn:extension:largeBlob: true, webauthn:extension:minPinLength: true, webauthn:extension:prf: true, webauthn:virtualAuthenticators: true}
Session ID: d6ba59a40f64185445c5282e194f9b28
	at org.openqa.selenium.remote.http.W3CHttpResponseCodec.createException(W3CHttpResponseCodec.java:187)
	at org.openqa.selenium.remote.http.W3CHttpResponseCodec.decode(W3CHttpResponseCodec.java:122)
	at org.openqa.selenium.remote.http.W3CHttpResponseCodec.decode(W3CHttpResponseCodec.java:49)
	at org.openqa.selenium.remote.HttpCommandExecutor.execute(HttpCommandExecutor.java:158)
	at org.openqa.selenium.remote.service.DriverCommandExecutor.execute(DriverCommandExecutor.java:83)
	at org.openqa.selenium.remote.RemoteWebDriver.execute(RemoteWebDriver.java:552)
	at org.openqa.selenium.remote.RemoteWebElement.execute(RemoteWebElement.java:285)
	at org.openqa.selenium.remote.RemoteWebElement.click(RemoteWebElement.java:84)
	at org.openqa.selenium.support.pagefactory.internal.LocatingElementHandler.invoke(LocatingElementHandler.java:51)
	at com.sun.proxy.$Proxy7.click(Unknown Source)
	at Pom.POM.getCabinet(POM.java:301)
	at Script.PrintFunctionality.Email_Reference(PrintFunctionality.java:114)
... Removed 32 stack frames</pre></div><a href='#' onClick='toggleBox("stack-trace21144668", this, "Click to show all stack frames", "Click to hide stack frames")'>Click to show all stack frames</a>
<div class='stack-trace' id='stack-trace21144668'><pre>org.openqa.selenium.StaleElementReferenceException: stale element reference: stale element not found
  (Session info: chrome=117.0.5938.92)
For documentation on this error, please visit: https://www.seleniumhq.org/exceptions/stale_element_reference.html
Build info: version: &apos;3.141.59&apos;, revision: &apos;e82be7d358&apos;, time: &apos;2018-11-14T08:25:53&apos;
System info: host: &apos;CIPLWKT014&apos;, ip: &apos;10.4.8.14&apos;, os.name: &apos;Windows 10&apos;, os.arch: &apos;x86&apos;, os.version: &apos;10.0&apos;, java.version: &apos;1.8.0_351&apos;
Driver info: org.openqa.selenium.chrome.ChromeDriver
Capabilities {acceptInsecureCerts: false, browserName: chrome, browserVersion: 117.0.5938.92, chrome: {chromedriverVersion: 117.0.5938.92 (67649b10b92b..., userDataDir: C:\Users\nisha.r\AppData\Lo...}, fedcm:accounts: true, goog:chromeOptions: {debuggerAddress: localhost:62426}, javascriptEnabled: true, networkConnectionEnabled: false, pageLoadStrategy: normal, platform: WINDOWS, platformName: WINDOWS, proxy: Proxy(), setWindowRect: true, strictFileInteractability: false, timeouts: {implicit: 0, pageLoad: 300000, script: 30000}, unhandledPromptBehavior: dismiss and notify, webauthn:extension:credBlob: true, webauthn:extension:largeBlob: true, webauthn:extension:minPinLength: true, webauthn:extension:prf: true, webauthn:virtualAuthenticators: true}
Session ID: d6ba59a40f64185445c5282e194f9b28
	at sun.reflect.NativeConstructorAccessorImpl.newInstance0(Native Method)
	at sun.reflect.NativeConstructorAccessorImpl.newInstance(Unknown Source)
	at sun.reflect.DelegatingConstructorAccessorImpl.newInstance(Unknown Source)
	at java.lang.reflect.Constructor.newInstance(Unknown Source)
	at org.openqa.selenium.remote.http.W3CHttpResponseCodec.createException(W3CHttpResponseCodec.java:187)
	at org.openqa.selenium.remote.http.W3CHttpResponseCodec.decode(W3CHttpResponseCodec.java:122)
	at org.openqa.selenium.remote.http.W3CHttpResponseCodec.decode(W3CHttpResponseCodec.java:49)
	at org.openqa.selenium.remote.HttpCommandExecutor.execute(HttpCommandExecutor.java:158)
	at org.openqa.selenium.remote.service.DriverCommandExecutor.execute(DriverCommandExecutor.java:83)
	at org.openqa.selenium.remote.RemoteWebDriver.execute(RemoteWebDriver.java:552)
	at org.openqa.selenium.remote.RemoteWebElement.execute(RemoteWebElement.java:285)
	at org.openqa.selenium.remote.RemoteWebElement.click(RemoteWebElement.java:84)
	at sun.reflect.GeneratedMethodAccessor3.invoke(Unknown Source)
	at sun.reflect.DelegatingMethodAccessorImpl.invoke(Unknown Source)
	at java.lang.reflect.Method.invoke(Unknown Source)
	at org.openqa.selenium.support.pagefactory.internal.LocatingElementHandler.invoke(LocatingElementHandler.java:51)
	at com.sun.proxy.$Proxy7.click(Unknown Source)
	at Pom.POM.getCabinet(POM.java:301)
	at Script.PrintFunctionality.Email_Reference(PrintFunctionality.java:114)
	at sun.reflect.NativeMethodAccessorImpl.invoke0(Native Method)
	at sun.reflect.NativeMethodAccessorImpl.invoke(Unknown Source)
	at sun.reflect.DelegatingMethodAccessorImpl.invoke(Unknown Source)
	at java.lang.reflect.Method.invoke(Unknown Source)
	at org.testng.internal.MethodInvocationHelper.invokeMethod(MethodInvocationHelper.java:124)
	at org.testng.internal.Invoker.invokeMethod(Invoker.java:583)
	at org.testng.internal.Invoker.invokeTestMethod(Invoker.java:719)
	at org.testng.internal.Invoker.invokeTestMethods(Invoker.java:989)
	at org.testng.internal.TestMethodWorker.invokeTestMethods(TestMethodWorker.java:125)
	at org.testng.internal.TestMethodWorker.run(TestMethodWorker.java:109)
	at org.testng.TestRunner.privateRun(TestRunner.java:648)
	at org.testng.TestRunner.run(TestRunner.java:505)
	at org.testng.SuiteRunner.runTest(SuiteRunner.java:455)
	at org.testng.SuiteRunner.runSequentially(SuiteRunner.java:450)
	at org.testng.SuiteRunner.privateRun(SuiteRunner.java:415)
	at org.testng.SuiteRunner.run(SuiteRunner.java:364)
	at org.testng.SuiteRunnerWorker.runSuite(SuiteRunnerWorker.java:52)
	at org.testng.SuiteRunnerWorker.run(SuiteRunnerWorker.java:84)
	at org.testng.TestNG.runSuitesSequentially(TestNG.java:1208)
	at org.testng.TestNG.runSuitesLocally(TestNG.java:1137)
	at org.testng.TestNG.runSuites(TestNG.java:1049)
	at org.testng.TestNG.run(TestNG.java:1017)
	at org.testng.remote.AbstractRemoteTestNG.run(AbstractRemoteTestNG.java:114)
	at org.testng.remote.RemoteTestNG.initAndRun(RemoteTestNG.java:251)
	at org.testng.remote.RemoteTestNG.main(RemoteTestNG.java:77)
</pre></div></td>
<td>3</td>
<td>Script.PrintFunctionality@1bbf57e</td></tr>
</table><p>
</body>
</html>