<?xml version="1.0" encoding="UTF-8"?>
<!-- Generated by org.testng.reporters.JUnitXMLReporter -->
<testsuite hostname="CIPLWKT014" ignored="0" name="Test7" tests="69" failures="9" timestamp="25 Apr 2024 19:01:30 GMT" time="8067.273" errors="0">
  <testcase name="Login_EWA" time="22.462" classname="Script.INWARD_EXTERNAL_WORKFLOW"/>
  <testcase name="TC_01_Create_INWARD_Document_and_sendTo_Inward_Workflow" time="132.766" classname="Script.INWARD_EXTERNAL_WORKFLOW">
    <skipped/>
  </testcase> <!-- TC_01_Create_INWARD_Document_and_sendTo_Inward_Workflow -->
  <testcase name="TC_01_Create_INWARD_Document_and_sendTo_Inward_Workflow" time="72.45" classname="Script.INWARD_EXTERNAL_WORKFLOW">
    <skipped/>
  </testcase> <!-- TC_01_Create_INWARD_Document_and_sendTo_Inward_Workflow -->
  <testcase name="TC_01_Create_INWARD_Document_and_sendTo_Inward_Workflow" time="75.587" classname="Script.INWARD_EXTERNAL_WORKFLOW">
    <skipped/>
  </testcase> <!-- TC_01_Create_INWARD_Document_and_sendTo_Inward_Workflow -->
  <testcase name="TC_01_Create_INWARD_Document_and_sendTo_Inward_Workflow" time="65.739" classname="Script.INWARD_EXTERNAL_WORKFLOW">
    <failure type="org.openqa.selenium.JavascriptException" message="javascript error: {&amp;quot;status&amp;quot;:60,&amp;quot;value&amp;quot;:&amp;quot;http://10.4.10.72:8080/CVWeb/cvLgn# has no size and location&amp;quot;}
  (Session info: MicrosoftEdge=124.0.2478.51)
Build info: version: &amp;apos;3.141.59&amp;apos;, revision: &amp;apos;e82be7d358&amp;apos;, time: &amp;apos;2018-11-14T08:17:03&amp;apos;
System info: host: &amp;apos;CIPLWKT014&amp;apos;, ip: &amp;apos;10.4.8.14&amp;apos;, os.name: &amp;apos;Windows 10&amp;apos;, os.arch: &amp;apos;x86&amp;apos;, os.version: &amp;apos;10.0&amp;apos;, java.version: &amp;apos;1.8.0_351&amp;apos;
Driver info: org.openqa.selenium.edge.EdgeDriver
Capabilities {acceptInsecureCerts: false, browserName: MicrosoftEdge, browserVersion: 124.0.2478.51, fedcm:accounts: true, javascriptEnabled: true, ms:edgeOptions: {debuggerAddress: localhost:60195}, msedge: {msedgedriverVersion: 124.0.2478.51 (e23a9b7d0a14..., userDataDir: C:\Users\nisha.r\AppData\Lo...}, networkConnectionEnabled: false, pageLoadStrategy: normal, platform: WINDOWS, platformName: WINDOWS, proxy: Proxy(), setWindowRect: true, strictFileInteractability: false, timeouts: {implicit: 0, pageLoad: 300000, script: 30000}, unhandledPromptBehavior: dismiss and notify, webauthn:extension:credBlob: true, webauthn:extension:largeBlob: true, webauthn:extension:minPinLength: true, webauthn:extension:prf: true, webauthn:virtualAuthenticators: true}
Session ID: e553cdb7d660f41d660b1e4e766fab55">
      <![CDATA[org.openqa.selenium.JavascriptException: javascript error: {"status":60,"value":"http://10.4.10.72:8080/CVWeb/cvLgn# has no size and location"}
  (Session info: MicrosoftEdge=124.0.2478.51)
Build info: version: '3.141.59', revision: 'e82be7d358', time: '2018-11-14T08:17:03'
System info: host: 'CIPLWKT014', ip: '10.4.8.14', os.name: 'Windows 10', os.arch: 'x86', os.version: '10.0', java.version: '1.8.0_351'
Driver info: org.openqa.selenium.edge.EdgeDriver
Capabilities {acceptInsecureCerts: false, browserName: MicrosoftEdge, browserVersion: 124.0.2478.51, fedcm:accounts: true, javascriptEnabled: true, ms:edgeOptions: {debuggerAddress: localhost:60195}, msedge: {msedgedriverVersion: 124.0.2478.51 (e23a9b7d0a14..., userDataDir: C:\Users\nisha.r\AppData\Lo...}, networkConnectionEnabled: false, pageLoadStrategy: normal, platform: WINDOWS, platformName: WINDOWS, proxy: Proxy(), setWindowRect: true, strictFileInteractability: false, timeouts: {implicit: 0, pageLoad: 300000, script: 30000}, unhandledPromptBehavior: dismiss and notify, webauthn:extension:credBlob: true, webauthn:extension:largeBlob: true, webauthn:extension:minPinLength: true, webauthn:extension:prf: true, webauthn:virtualAuthenticators: true}
Session ID: e553cdb7d660f41d660b1e4e766fab55
at org.openqa.selenium.remote.http.W3CHttpResponseCodec.createException(W3CHttpResponseCodec.java:187)
at org.openqa.selenium.remote.http.W3CHttpResponseCodec.decode(W3CHttpResponseCodec.java:122)
at org.openqa.selenium.remote.http.W3CHttpResponseCodec.decode(W3CHttpResponseCodec.java:49)
at org.openqa.selenium.remote.HttpCommandExecutor.execute(HttpCommandExecutor.java:158)
at org.openqa.selenium.remote.service.DriverCommandExecutor.execute(DriverCommandExecutor.java:83)
at org.openqa.selenium.remote.RemoteWebDriver.execute(RemoteWebDriver.java:552)
at org.openqa.selenium.remote.RemoteWebDriver.perform(RemoteWebDriver.java:618)
at org.openqa.selenium.interactions.Actions$BuiltAction.perform(Actions.java:639)
at org.openqa.selenium.interactions.Actions.perform(Actions.java:595)
at Generic.BaseClass.selectElement(BaseClass.java:424)
at Pom.Create_DOC.Create_INWARD_Document_and_sendTo_Inward_Workflow(Create_DOC.java:672)
at Script.INWARD_EXTERNAL_WORKFLOW.TC_01_Create_INWARD_Document_and_sendTo_Inward_Workflow(INWARD_EXTERNAL_WORKFLOW.java:34)
... Removed 30 stack frames]]>
    </failure>
  </testcase> <!-- TC_01_Create_INWARD_Document_and_sendTo_Inward_Workflow -->
  <testcase name="TC_02_Accept_and_Forward_INWARD_Workflow_Document_from_User1" time="170.904" classname="Script.INWARD_EXTERNAL_WORKFLOW">
    <skipped/>
  </testcase> <!-- TC_02_Accept_and_Forward_INWARD_Workflow_Document_from_User1 -->
  <testcase name="TC_02_Accept_and_Forward_INWARD_Workflow_Document_from_User1" time="149.328" classname="Script.INWARD_EXTERNAL_WORKFLOW">
    <skipped/>
  </testcase> <!-- TC_02_Accept_and_Forward_INWARD_Workflow_Document_from_User1 -->
  <testcase name="TC_02_Accept_and_Forward_INWARD_Workflow_Document_from_User1" time="172.443" classname="Script.INWARD_EXTERNAL_WORKFLOW">
    <skipped/>
  </testcase> <!-- TC_02_Accept_and_Forward_INWARD_Workflow_Document_from_User1 -->
  <testcase name="TC_02_Accept_and_Forward_INWARD_Workflow_Document_from_User1" time="162.237" classname="Script.INWARD_EXTERNAL_WORKFLOW">
    <failure type="org.openqa.selenium.ElementNotInteractableException" message="element not interactable
  (Session info: MicrosoftEdge=124.0.2478.51)
Build info: version: &amp;apos;3.141.59&amp;apos;, revision: &amp;apos;e82be7d358&amp;apos;, time: &amp;apos;2018-11-14T08:17:03&amp;apos;
System info: host: &amp;apos;CIPLWKT014&amp;apos;, ip: &amp;apos;10.4.8.14&amp;apos;, os.name: &amp;apos;Windows 10&amp;apos;, os.arch: &amp;apos;x86&amp;apos;, os.version: &amp;apos;10.0&amp;apos;, java.version: &amp;apos;1.8.0_351&amp;apos;
Driver info: org.openqa.selenium.edge.EdgeDriver
Capabilities {acceptInsecureCerts: false, browserName: MicrosoftEdge, browserVersion: 124.0.2478.51, fedcm:accounts: true, javascriptEnabled: true, ms:edgeOptions: {debuggerAddress: localhost:60195}, msedge: {msedgedriverVersion: 124.0.2478.51 (e23a9b7d0a14..., userDataDir: C:\Users\nisha.r\AppData\Lo...}, networkConnectionEnabled: false, pageLoadStrategy: normal, platform: WINDOWS, platformName: WINDOWS, proxy: Proxy(), setWindowRect: true, strictFileInteractability: false, timeouts: {implicit: 0, pageLoad: 300000, script: 30000}, unhandledPromptBehavior: dismiss and notify, webauthn:extension:credBlob: true, webauthn:extension:largeBlob: true, webauthn:extension:minPinLength: true, webauthn:extension:prf: true, webauthn:virtualAuthenticators: true}
Session ID: e553cdb7d660f41d660b1e4e766fab55">
      <![CDATA[org.openqa.selenium.ElementNotInteractableException: element not interactable
  (Session info: MicrosoftEdge=124.0.2478.51)
Build info: version: '3.141.59', revision: 'e82be7d358', time: '2018-11-14T08:17:03'
System info: host: 'CIPLWKT014', ip: '10.4.8.14', os.name: 'Windows 10', os.arch: 'x86', os.version: '10.0', java.version: '1.8.0_351'
Driver info: org.openqa.selenium.edge.EdgeDriver
Capabilities {acceptInsecureCerts: false, browserName: MicrosoftEdge, browserVersion: 124.0.2478.51, fedcm:accounts: true, javascriptEnabled: true, ms:edgeOptions: {debuggerAddress: localhost:60195}, msedge: {msedgedriverVersion: 124.0.2478.51 (e23a9b7d0a14..., userDataDir: C:\Users\nisha.r\AppData\Lo...}, networkConnectionEnabled: false, pageLoadStrategy: normal, platform: WINDOWS, platformName: WINDOWS, proxy: Proxy(), setWindowRect: true, strictFileInteractability: false, timeouts: {implicit: 0, pageLoad: 300000, script: 30000}, unhandledPromptBehavior: dismiss and notify, webauthn:extension:credBlob: true, webauthn:extension:largeBlob: true, webauthn:extension:minPinLength: true, webauthn:extension:prf: true, webauthn:virtualAuthenticators: true}
Session ID: e553cdb7d660f41d660b1e4e766fab55
at org.openqa.selenium.remote.http.W3CHttpResponseCodec.createException(W3CHttpResponseCodec.java:187)
at org.openqa.selenium.remote.http.W3CHttpResponseCodec.decode(W3CHttpResponseCodec.java:122)
at org.openqa.selenium.remote.http.W3CHttpResponseCodec.decode(W3CHttpResponseCodec.java:49)
at org.openqa.selenium.remote.HttpCommandExecutor.execute(HttpCommandExecutor.java:158)
at org.openqa.selenium.remote.service.DriverCommandExecutor.execute(DriverCommandExecutor.java:83)
at org.openqa.selenium.remote.RemoteWebDriver.execute(RemoteWebDriver.java:552)
at org.openqa.selenium.remote.RemoteWebElement.execute(RemoteWebElement.java:285)
at org.openqa.selenium.remote.RemoteWebElement.sendKeys(RemoteWebElement.java:106)
at org.openqa.selenium.support.pagefactory.internal.LocatingElementHandler.invoke(LocatingElementHandler.java:51)
at com.sun.proxy.$Proxy25.sendKeys(Unknown Source)
at Pom.Create_DOC.Accept_and_Forward_INWARD_Workflow_Document_from_User1(Create_DOC.java:1582)
at Script.INWARD_EXTERNAL_WORKFLOW.TC_02_Accept_and_Forward_INWARD_Workflow_Document_from_User1(INWARD_EXTERNAL_WORKFLOW.java:45)
... Removed 33 stack frames]]>
    </failure>
  </testcase> <!-- TC_02_Accept_and_Forward_INWARD_Workflow_Document_from_User1 -->
  <testcase name="TC_03_Accept_and_Forward_INWARD_Workflow_Document_from_User2" time="157.204" classname="Script.INWARD_EXTERNAL_WORKFLOW"/>
  <testcase name="TC_04_Accept_and_Forward_INWARD_Workflow_Document_from_User3" time="165.949" classname="Script.INWARD_EXTERNAL_WORKFLOW"/>
  <testcase name="TC_05_Accept_and_Forward_INWARD_Workflow_Document_from_User4" time="166.236" classname="Script.INWARD_EXTERNAL_WORKFLOW"/>
  <testcase name="TC_06_Accept_and_Forward_INWARD_Workflow_Document_from_User5" time="159.508" classname="Script.INWARD_EXTERNAL_WORKFLOW"/>
  <testcase name="TC_07_Accept_and_Forward_INWARD_Workflow_Document_from_User6" time="108.685" classname="Script.INWARD_EXTERNAL_WORKFLOW">
    <skipped/>
  </testcase> <!-- TC_07_Accept_and_Forward_INWARD_Workflow_Document_from_User6 -->
  <testcase name="TC_07_Accept_and_Forward_INWARD_Workflow_Document_from_User6" time="108.014" classname="Script.INWARD_EXTERNAL_WORKFLOW">
    <skipped/>
  </testcase> <!-- TC_07_Accept_and_Forward_INWARD_Workflow_Document_from_User6 -->
  <testcase name="TC_07_Accept_and_Forward_INWARD_Workflow_Document_from_User6" time="110.532" classname="Script.INWARD_EXTERNAL_WORKFLOW">
    <skipped/>
  </testcase> <!-- TC_07_Accept_and_Forward_INWARD_Workflow_Document_from_User6 -->
  <testcase name="TC_07_Accept_and_Forward_INWARD_Workflow_Document_from_User6" time="93.049" classname="Script.INWARD_EXTERNAL_WORKFLOW">
    <failure type="org.openqa.selenium.ElementNotInteractableException" message="element not interactable
  (Session info: MicrosoftEdge=124.0.2478.51)
Build info: version: &amp;apos;3.141.59&amp;apos;, revision: &amp;apos;e82be7d358&amp;apos;, time: &amp;apos;2018-11-14T08:17:03&amp;apos;
System info: host: &amp;apos;CIPLWKT014&amp;apos;, ip: &amp;apos;10.4.8.14&amp;apos;, os.name: &amp;apos;Windows 10&amp;apos;, os.arch: &amp;apos;x86&amp;apos;, os.version: &amp;apos;10.0&amp;apos;, java.version: &amp;apos;1.8.0_351&amp;apos;
Driver info: org.openqa.selenium.edge.EdgeDriver
Capabilities {acceptInsecureCerts: false, browserName: MicrosoftEdge, browserVersion: 124.0.2478.51, fedcm:accounts: true, javascriptEnabled: true, ms:edgeOptions: {debuggerAddress: localhost:60195}, msedge: {msedgedriverVersion: 124.0.2478.51 (e23a9b7d0a14..., userDataDir: C:\Users\nisha.r\AppData\Lo...}, networkConnectionEnabled: false, pageLoadStrategy: normal, platform: WINDOWS, platformName: WINDOWS, proxy: Proxy(), setWindowRect: true, strictFileInteractability: false, timeouts: {implicit: 0, pageLoad: 300000, script: 30000}, unhandledPromptBehavior: dismiss and notify, webauthn:extension:credBlob: true, webauthn:extension:largeBlob: true, webauthn:extension:minPinLength: true, webauthn:extension:prf: true, webauthn:virtualAuthenticators: true}
Session ID: e553cdb7d660f41d660b1e4e766fab55">
      <![CDATA[org.openqa.selenium.ElementNotInteractableException: element not interactable
  (Session info: MicrosoftEdge=124.0.2478.51)
Build info: version: '3.141.59', revision: 'e82be7d358', time: '2018-11-14T08:17:03'
System info: host: 'CIPLWKT014', ip: '10.4.8.14', os.name: 'Windows 10', os.arch: 'x86', os.version: '10.0', java.version: '1.8.0_351'
Driver info: org.openqa.selenium.edge.EdgeDriver
Capabilities {acceptInsecureCerts: false, browserName: MicrosoftEdge, browserVersion: 124.0.2478.51, fedcm:accounts: true, javascriptEnabled: true, ms:edgeOptions: {debuggerAddress: localhost:60195}, msedge: {msedgedriverVersion: 124.0.2478.51 (e23a9b7d0a14..., userDataDir: C:\Users\nisha.r\AppData\Lo...}, networkConnectionEnabled: false, pageLoadStrategy: normal, platform: WINDOWS, platformName: WINDOWS, proxy: Proxy(), setWindowRect: true, strictFileInteractability: false, timeouts: {implicit: 0, pageLoad: 300000, script: 30000}, unhandledPromptBehavior: dismiss and notify, webauthn:extension:credBlob: true, webauthn:extension:largeBlob: true, webauthn:extension:minPinLength: true, webauthn:extension:prf: true, webauthn:virtualAuthenticators: true}
Session ID: e553cdb7d660f41d660b1e4e766fab55
at org.openqa.selenium.remote.http.W3CHttpResponseCodec.createException(W3CHttpResponseCodec.java:187)
at org.openqa.selenium.remote.http.W3CHttpResponseCodec.decode(W3CHttpResponseCodec.java:122)
at org.openqa.selenium.remote.http.W3CHttpResponseCodec.decode(W3CHttpResponseCodec.java:49)
at org.openqa.selenium.remote.HttpCommandExecutor.execute(HttpCommandExecutor.java:158)
at org.openqa.selenium.remote.service.DriverCommandExecutor.execute(DriverCommandExecutor.java:83)
at org.openqa.selenium.remote.RemoteWebDriver.execute(RemoteWebDriver.java:552)
at org.openqa.selenium.remote.RemoteWebElement.execute(RemoteWebElement.java:285)
at org.openqa.selenium.remote.RemoteWebElement.sendKeys(RemoteWebElement.java:106)
at org.openqa.selenium.support.pagefactory.internal.LocatingElementHandler.invoke(LocatingElementHandler.java:51)
at com.sun.proxy.$Proxy25.sendKeys(Unknown Source)
at Pom.Create_DOC.Accept_and_Forward_INWARD_Workflow_Document_from_User6(Create_DOC.java:1887)
at Script.INWARD_EXTERNAL_WORKFLOW.TC_07_Accept_and_Forward_INWARD_Workflow_Document_from_User6(INWARD_EXTERNAL_WORKFLOW.java:90)
... Removed 33 stack frames]]>
    </failure>
  </testcase> <!-- TC_07_Accept_and_Forward_INWARD_Workflow_Document_from_User6 -->
  <testcase name="TC_08_Accept_and_Forward_INWARD_Workflow_Document_from_User7" time="106.371" classname="Script.INWARD_EXTERNAL_WORKFLOW"/>
  <testcase name="TC_09_Accept_and_Forward_INWARD_Workflow_Document_from_User8" time="133.59" classname="Script.INWARD_EXTERNAL_WORKFLOW"/>
  <testcase name="TC_10_Accept_and_Forward_INWARD_Workflow_Document_from_User9" time="139.083" classname="Script.INWARD_EXTERNAL_WORKFLOW"/>
  <testcase name="TC_11_Approve_and_End_INWARD_Workflow_Document_from_User10" time="207.5" classname="Script.INWARD_EXTERNAL_WORKFLOW"/>
  <testcase name="LandBrowser1" time="23.581" classname="Script.INWARD_EXTERNAL_WORKFLOW">
    <skipped/>
  </testcase> <!-- LandBrowser1 -->
  <testcase name="LandBrowser1" time="78.405" classname="Script.INWARD_EXTERNAL_WORKFLOW"/>
  <testcase name="Login_EWA1" time="31.73" classname="Script.INWARD_EXTERNAL_WORKFLOW"/>
  <testcase name="TC_12_Create_INWARD_Document_and_sendTo_Inward_Workflow_Approve_and_PSR" time="96.717" classname="Script.INWARD_EXTERNAL_WORKFLOW">
    <skipped/>
  </testcase> <!-- TC_12_Create_INWARD_Document_and_sendTo_Inward_Workflow_Approve_and_PSR -->
  <testcase name="TC_12_Create_INWARD_Document_and_sendTo_Inward_Workflow_Approve_and_PSR" time="23.76" classname="Script.INWARD_EXTERNAL_WORKFLOW">
    <skipped/>
  </testcase> <!-- TC_12_Create_INWARD_Document_and_sendTo_Inward_Workflow_Approve_and_PSR -->
  <testcase name="TC_12_Create_INWARD_Document_and_sendTo_Inward_Workflow_Approve_and_PSR" time="28.072" classname="Script.INWARD_EXTERNAL_WORKFLOW">
    <skipped/>
  </testcase> <!-- TC_12_Create_INWARD_Document_and_sendTo_Inward_Workflow_Approve_and_PSR -->
  <testcase name="TC_12_Create_INWARD_Document_and_sendTo_Inward_Workflow_Approve_and_PSR" time="27.732" classname="Script.INWARD_EXTERNAL_WORKFLOW">
    <failure type="org.openqa.selenium.JavascriptException" message="javascript error: {&amp;quot;status&amp;quot;:60,&amp;quot;value&amp;quot;:&amp;quot;http://10.4.10.72:8080/CVWeb/cvLgn# has no size and location&amp;quot;}
  (Session info: MicrosoftEdge=124.0.2478.51)
Build info: version: &amp;apos;3.141.59&amp;apos;, revision: &amp;apos;e82be7d358&amp;apos;, time: &amp;apos;2018-11-14T08:17:03&amp;apos;
System info: host: &amp;apos;CIPLWKT014&amp;apos;, ip: &amp;apos;10.4.8.14&amp;apos;, os.name: &amp;apos;Windows 10&amp;apos;, os.arch: &amp;apos;x86&amp;apos;, os.version: &amp;apos;10.0&amp;apos;, java.version: &amp;apos;1.8.0_351&amp;apos;
Driver info: org.openqa.selenium.edge.EdgeDriver
Capabilities {acceptInsecureCerts: false, browserName: MicrosoftEdge, browserVersion: 124.0.2478.51, fedcm:accounts: true, javascriptEnabled: true, ms:edgeOptions: {debuggerAddress: localhost:64076}, msedge: {msedgedriverVersion: 124.0.2478.51 (e23a9b7d0a14..., userDataDir: C:\Users\nisha.r\AppData\Lo...}, networkConnectionEnabled: false, pageLoadStrategy: normal, platform: WINDOWS, platformName: WINDOWS, proxy: Proxy(), setWindowRect: true, strictFileInteractability: false, timeouts: {implicit: 0, pageLoad: 300000, script: 30000}, unhandledPromptBehavior: dismiss and notify, webauthn:extension:credBlob: true, webauthn:extension:largeBlob: true, webauthn:extension:minPinLength: true, webauthn:extension:prf: true, webauthn:virtualAuthenticators: true}
Session ID: cea75aeac54d65339661ef21bbbe79b6">
      <![CDATA[org.openqa.selenium.JavascriptException: javascript error: {"status":60,"value":"http://10.4.10.72:8080/CVWeb/cvLgn# has no size and location"}
  (Session info: MicrosoftEdge=124.0.2478.51)
Build info: version: '3.141.59', revision: 'e82be7d358', time: '2018-11-14T08:17:03'
System info: host: 'CIPLWKT014', ip: '10.4.8.14', os.name: 'Windows 10', os.arch: 'x86', os.version: '10.0', java.version: '1.8.0_351'
Driver info: org.openqa.selenium.edge.EdgeDriver
Capabilities {acceptInsecureCerts: false, browserName: MicrosoftEdge, browserVersion: 124.0.2478.51, fedcm:accounts: true, javascriptEnabled: true, ms:edgeOptions: {debuggerAddress: localhost:64076}, msedge: {msedgedriverVersion: 124.0.2478.51 (e23a9b7d0a14..., userDataDir: C:\Users\nisha.r\AppData\Lo...}, networkConnectionEnabled: false, pageLoadStrategy: normal, platform: WINDOWS, platformName: WINDOWS, proxy: Proxy(), setWindowRect: true, strictFileInteractability: false, timeouts: {implicit: 0, pageLoad: 300000, script: 30000}, unhandledPromptBehavior: dismiss and notify, webauthn:extension:credBlob: true, webauthn:extension:largeBlob: true, webauthn:extension:minPinLength: true, webauthn:extension:prf: true, webauthn:virtualAuthenticators: true}
Session ID: cea75aeac54d65339661ef21bbbe79b6
at org.openqa.selenium.remote.http.W3CHttpResponseCodec.createException(W3CHttpResponseCodec.java:187)
at org.openqa.selenium.remote.http.W3CHttpResponseCodec.decode(W3CHttpResponseCodec.java:122)
at org.openqa.selenium.remote.http.W3CHttpResponseCodec.decode(W3CHttpResponseCodec.java:49)
at org.openqa.selenium.remote.HttpCommandExecutor.execute(HttpCommandExecutor.java:158)
at org.openqa.selenium.remote.service.DriverCommandExecutor.execute(DriverCommandExecutor.java:83)
at org.openqa.selenium.remote.RemoteWebDriver.execute(RemoteWebDriver.java:552)
at org.openqa.selenium.remote.RemoteWebDriver.perform(RemoteWebDriver.java:618)
at org.openqa.selenium.interactions.Actions$BuiltAction.perform(Actions.java:639)
at org.openqa.selenium.interactions.Actions.perform(Actions.java:595)
at Generic.BaseClass.selectElement(BaseClass.java:424)
at Pom.Create_DOC.Create_INWARD_Document_and_sendTo_Inward_Workflow_Approve_and_PSR(Create_DOC.java:1118)
at Script.INWARD_EXTERNAL_WORKFLOW.TC_12_Create_INWARD_Document_and_sendTo_Inward_Workflow_Approve_and_PSR(INWARD_EXTERNAL_WORKFLOW.java:155)
... Removed 30 stack frames]]>
    </failure>
  </testcase> <!-- TC_12_Create_INWARD_Document_and_sendTo_Inward_Workflow_Approve_and_PSR -->
  <testcase name="TC_13_Approve_and_PSR_INWARD_Workflow_Document_from_User1" time="95.646" classname="Script.INWARD_EXTERNAL_WORKFLOW">
    <skipped/>
  </testcase> <!-- TC_13_Approve_and_PSR_INWARD_Workflow_Document_from_User1 -->
  <testcase name="TC_13_Approve_and_PSR_INWARD_Workflow_Document_from_User1" time="111.028" classname="Script.INWARD_EXTERNAL_WORKFLOW">
    <skipped/>
  </testcase> <!-- TC_13_Approve_and_PSR_INWARD_Workflow_Document_from_User1 -->
  <testcase name="TC_13_Approve_and_PSR_INWARD_Workflow_Document_from_User1" time="94.269" classname="Script.INWARD_EXTERNAL_WORKFLOW">
    <skipped/>
  </testcase> <!-- TC_13_Approve_and_PSR_INWARD_Workflow_Document_from_User1 -->
  <testcase name="TC_13_Approve_and_PSR_INWARD_Workflow_Document_from_User1" time="100.471" classname="Script.INWARD_EXTERNAL_WORKFLOW">
    <failure type="org.openqa.selenium.ElementNotInteractableException" message="element not interactable
  (Session info: MicrosoftEdge=124.0.2478.51)
Build info: version: &amp;apos;3.141.59&amp;apos;, revision: &amp;apos;e82be7d358&amp;apos;, time: &amp;apos;2018-11-14T08:17:03&amp;apos;
System info: host: &amp;apos;CIPLWKT014&amp;apos;, ip: &amp;apos;10.4.8.14&amp;apos;, os.name: &amp;apos;Windows 10&amp;apos;, os.arch: &amp;apos;x86&amp;apos;, os.version: &amp;apos;10.0&amp;apos;, java.version: &amp;apos;1.8.0_351&amp;apos;
Driver info: org.openqa.selenium.edge.EdgeDriver
Capabilities {acceptInsecureCerts: false, browserName: MicrosoftEdge, browserVersion: 124.0.2478.51, fedcm:accounts: true, javascriptEnabled: true, ms:edgeOptions: {debuggerAddress: localhost:64076}, msedge: {msedgedriverVersion: 124.0.2478.51 (e23a9b7d0a14..., userDataDir: C:\Users\nisha.r\AppData\Lo...}, networkConnectionEnabled: false, pageLoadStrategy: normal, platform: WINDOWS, platformName: WINDOWS, proxy: Proxy(), setWindowRect: true, strictFileInteractability: false, timeouts: {implicit: 0, pageLoad: 300000, script: 30000}, unhandledPromptBehavior: dismiss and notify, webauthn:extension:credBlob: true, webauthn:extension:largeBlob: true, webauthn:extension:minPinLength: true, webauthn:extension:prf: true, webauthn:virtualAuthenticators: true}
Session ID: cea75aeac54d65339661ef21bbbe79b6">
      <![CDATA[org.openqa.selenium.ElementNotInteractableException: element not interactable
  (Session info: MicrosoftEdge=124.0.2478.51)
Build info: version: '3.141.59', revision: 'e82be7d358', time: '2018-11-14T08:17:03'
System info: host: 'CIPLWKT014', ip: '10.4.8.14', os.name: 'Windows 10', os.arch: 'x86', os.version: '10.0', java.version: '1.8.0_351'
Driver info: org.openqa.selenium.edge.EdgeDriver
Capabilities {acceptInsecureCerts: false, browserName: MicrosoftEdge, browserVersion: 124.0.2478.51, fedcm:accounts: true, javascriptEnabled: true, ms:edgeOptions: {debuggerAddress: localhost:64076}, msedge: {msedgedriverVersion: 124.0.2478.51 (e23a9b7d0a14..., userDataDir: C:\Users\nisha.r\AppData\Lo...}, networkConnectionEnabled: false, pageLoadStrategy: normal, platform: WINDOWS, platformName: WINDOWS, proxy: Proxy(), setWindowRect: true, strictFileInteractability: false, timeouts: {implicit: 0, pageLoad: 300000, script: 30000}, unhandledPromptBehavior: dismiss and notify, webauthn:extension:credBlob: true, webauthn:extension:largeBlob: true, webauthn:extension:minPinLength: true, webauthn:extension:prf: true, webauthn:virtualAuthenticators: true}
Session ID: cea75aeac54d65339661ef21bbbe79b6
at org.openqa.selenium.remote.http.W3CHttpResponseCodec.createException(W3CHttpResponseCodec.java:187)
at org.openqa.selenium.remote.http.W3CHttpResponseCodec.decode(W3CHttpResponseCodec.java:122)
at org.openqa.selenium.remote.http.W3CHttpResponseCodec.decode(W3CHttpResponseCodec.java:49)
at org.openqa.selenium.remote.HttpCommandExecutor.execute(HttpCommandExecutor.java:158)
at org.openqa.selenium.remote.service.DriverCommandExecutor.execute(DriverCommandExecutor.java:83)
at org.openqa.selenium.remote.RemoteWebDriver.execute(RemoteWebDriver.java:552)
at org.openqa.selenium.remote.RemoteWebElement.execute(RemoteWebElement.java:285)
at org.openqa.selenium.remote.RemoteWebElement.sendKeys(RemoteWebElement.java:106)
at org.openqa.selenium.support.pagefactory.internal.LocatingElementHandler.invoke(LocatingElementHandler.java:51)
at com.sun.proxy.$Proxy25.sendKeys(Unknown Source)
at Pom.Create_DOC.Approve_and_PSR_INWARD_Workflow_Document_from_User1(Create_DOC.java:2134)
at Script.INWARD_EXTERNAL_WORKFLOW.TC_13_Approve_and_PSR_INWARD_Workflow_Document_from_User1(INWARD_EXTERNAL_WORKFLOW.java:166)
... Removed 33 stack frames]]>
    </failure>
  </testcase> <!-- TC_13_Approve_and_PSR_INWARD_Workflow_Document_from_User1 -->
  <testcase name="TC_14_Approve_and_PSR_INWARD_Workflow_Document_from_User2" time="162.92" classname="Script.INWARD_EXTERNAL_WORKFLOW"/>
  <testcase name="TC_15_Approve_and_PSR_INWARD_Workflow_Document_from_User3" time="169.819" classname="Script.INWARD_EXTERNAL_WORKFLOW"/>
  <testcase name="TC_16_Approve_and_PSR_INWARD_Workflow_Document_from_User4" time="174.512" classname="Script.INWARD_EXTERNAL_WORKFLOW"/>
  <testcase name="TC_17_Approve_and_PSR_INWARD_Workflow_Document_from_User5" time="158.21" classname="Script.INWARD_EXTERNAL_WORKFLOW"/>
  <testcase name="TC_18_Approve_and_PSR_INWARD_Workflow_Document_from_User6" time="112.53" classname="Script.INWARD_EXTERNAL_WORKFLOW">
    <skipped/>
  </testcase> <!-- TC_18_Approve_and_PSR_INWARD_Workflow_Document_from_User6 -->
  <testcase name="TC_18_Approve_and_PSR_INWARD_Workflow_Document_from_User6" time="99.538" classname="Script.INWARD_EXTERNAL_WORKFLOW">
    <skipped/>
  </testcase> <!-- TC_18_Approve_and_PSR_INWARD_Workflow_Document_from_User6 -->
  <testcase name="TC_18_Approve_and_PSR_INWARD_Workflow_Document_from_User6" time="111.499" classname="Script.INWARD_EXTERNAL_WORKFLOW">
    <skipped/>
  </testcase> <!-- TC_18_Approve_and_PSR_INWARD_Workflow_Document_from_User6 -->
  <testcase name="TC_18_Approve_and_PSR_INWARD_Workflow_Document_from_User6" time="104.421" classname="Script.INWARD_EXTERNAL_WORKFLOW">
    <failure type="org.openqa.selenium.ElementNotInteractableException" message="element not interactable
  (Session info: MicrosoftEdge=124.0.2478.51)
Build info: version: &amp;apos;3.141.59&amp;apos;, revision: &amp;apos;e82be7d358&amp;apos;, time: &amp;apos;2018-11-14T08:17:03&amp;apos;
System info: host: &amp;apos;CIPLWKT014&amp;apos;, ip: &amp;apos;10.4.8.14&amp;apos;, os.name: &amp;apos;Windows 10&amp;apos;, os.arch: &amp;apos;x86&amp;apos;, os.version: &amp;apos;10.0&amp;apos;, java.version: &amp;apos;1.8.0_351&amp;apos;
Driver info: org.openqa.selenium.edge.EdgeDriver
Capabilities {acceptInsecureCerts: false, browserName: MicrosoftEdge, browserVersion: 124.0.2478.51, fedcm:accounts: true, javascriptEnabled: true, ms:edgeOptions: {debuggerAddress: localhost:64076}, msedge: {msedgedriverVersion: 124.0.2478.51 (e23a9b7d0a14..., userDataDir: C:\Users\nisha.r\AppData\Lo...}, networkConnectionEnabled: false, pageLoadStrategy: normal, platform: WINDOWS, platformName: WINDOWS, proxy: Proxy(), setWindowRect: true, strictFileInteractability: false, timeouts: {implicit: 0, pageLoad: 300000, script: 30000}, unhandledPromptBehavior: dismiss and notify, webauthn:extension:credBlob: true, webauthn:extension:largeBlob: true, webauthn:extension:minPinLength: true, webauthn:extension:prf: true, webauthn:virtualAuthenticators: true}
Session ID: cea75aeac54d65339661ef21bbbe79b6">
      <![CDATA[org.openqa.selenium.ElementNotInteractableException: element not interactable
  (Session info: MicrosoftEdge=124.0.2478.51)
Build info: version: '3.141.59', revision: 'e82be7d358', time: '2018-11-14T08:17:03'
System info: host: 'CIPLWKT014', ip: '10.4.8.14', os.name: 'Windows 10', os.arch: 'x86', os.version: '10.0', java.version: '1.8.0_351'
Driver info: org.openqa.selenium.edge.EdgeDriver
Capabilities {acceptInsecureCerts: false, browserName: MicrosoftEdge, browserVersion: 124.0.2478.51, fedcm:accounts: true, javascriptEnabled: true, ms:edgeOptions: {debuggerAddress: localhost:64076}, msedge: {msedgedriverVersion: 124.0.2478.51 (e23a9b7d0a14..., userDataDir: C:\Users\nisha.r\AppData\Lo...}, networkConnectionEnabled: false, pageLoadStrategy: normal, platform: WINDOWS, platformName: WINDOWS, proxy: Proxy(), setWindowRect: true, strictFileInteractability: false, timeouts: {implicit: 0, pageLoad: 300000, script: 30000}, unhandledPromptBehavior: dismiss and notify, webauthn:extension:credBlob: true, webauthn:extension:largeBlob: true, webauthn:extension:minPinLength: true, webauthn:extension:prf: true, webauthn:virtualAuthenticators: true}
Session ID: cea75aeac54d65339661ef21bbbe79b6
at org.openqa.selenium.remote.http.W3CHttpResponseCodec.createException(W3CHttpResponseCodec.java:187)
at org.openqa.selenium.remote.http.W3CHttpResponseCodec.decode(W3CHttpResponseCodec.java:122)
at org.openqa.selenium.remote.http.W3CHttpResponseCodec.decode(W3CHttpResponseCodec.java:49)
at org.openqa.selenium.remote.HttpCommandExecutor.execute(HttpCommandExecutor.java:158)
at org.openqa.selenium.remote.service.DriverCommandExecutor.execute(DriverCommandExecutor.java:83)
at org.openqa.selenium.remote.RemoteWebDriver.execute(RemoteWebDriver.java:552)
at org.openqa.selenium.remote.RemoteWebElement.execute(RemoteWebElement.java:285)
at org.openqa.selenium.remote.RemoteWebElement.sendKeys(RemoteWebElement.java:106)
at org.openqa.selenium.support.pagefactory.internal.LocatingElementHandler.invoke(LocatingElementHandler.java:51)
at com.sun.proxy.$Proxy25.sendKeys(Unknown Source)
at Pom.Create_DOC.Approve_and_PSR_INWARD_Workflow_Document_from_User6(Create_DOC.java:2439)
at Script.INWARD_EXTERNAL_WORKFLOW.TC_18_Approve_and_PSR_INWARD_Workflow_Document_from_User6(INWARD_EXTERNAL_WORKFLOW.java:211)
... Removed 33 stack frames]]>
    </failure>
  </testcase> <!-- TC_18_Approve_and_PSR_INWARD_Workflow_Document_from_User6 -->
  <testcase name="TC_19_Approve_and_PSR_INWARD_Workflow_Document_from_User7" time="126.699" classname="Script.INWARD_EXTERNAL_WORKFLOW"/>
  <testcase name="TC_20_Approve_and_PSR_INWARD_Workflow_Document_from_User8" time="123.627" classname="Script.INWARD_EXTERNAL_WORKFLOW"/>
  <testcase name="TC_21_Approve_and_PSR_INWARD_Workflow_Document_from_User9" time="124.53" classname="Script.INWARD_EXTERNAL_WORKFLOW"/>
  <testcase name="TC_22_PSR_and_EndWorkflow_INWARD_Workflow_Document_from_User10" time="143.99" classname="Script.INWARD_EXTERNAL_WORKFLOW"/>
  <testcase name="LandBrowser2" time="59.063" classname="Script.INWARD_EXTERNAL_WORKFLOW"/>
  <testcase name="Login_EWA2" time="21.81" classname="Script.INWARD_EXTERNAL_WORKFLOW"/>
  <testcase name="TC_23_Create_INWARD_Document_and_sendTo_Inward_Workflow" time="136.371" classname="Script.INWARD_EXTERNAL_WORKFLOW">
    <skipped/>
  </testcase> <!-- TC_23_Create_INWARD_Document_and_sendTo_Inward_Workflow -->
  <testcase name="TC_23_Create_INWARD_Document_and_sendTo_Inward_Workflow" time="75.198" classname="Script.INWARD_EXTERNAL_WORKFLOW">
    <skipped/>
  </testcase> <!-- TC_23_Create_INWARD_Document_and_sendTo_Inward_Workflow -->
  <testcase name="TC_23_Create_INWARD_Document_and_sendTo_Inward_Workflow" time="70.037" classname="Script.INWARD_EXTERNAL_WORKFLOW">
    <skipped/>
  </testcase> <!-- TC_23_Create_INWARD_Document_and_sendTo_Inward_Workflow -->
  <testcase name="TC_23_Create_INWARD_Document_and_sendTo_Inward_Workflow" time="69.878" classname="Script.INWARD_EXTERNAL_WORKFLOW">
    <failure type="org.openqa.selenium.JavascriptException" message="javascript error: {&amp;quot;status&amp;quot;:60,&amp;quot;value&amp;quot;:&amp;quot;http://10.4.10.72:8080/CVWeb/cvLgn# has no size and location&amp;quot;}
  (Session info: MicrosoftEdge=124.0.2478.51)
Build info: version: &amp;apos;3.141.59&amp;apos;, revision: &amp;apos;e82be7d358&amp;apos;, time: &amp;apos;2018-11-14T08:17:03&amp;apos;
System info: host: &amp;apos;CIPLWKT014&amp;apos;, ip: &amp;apos;10.4.8.14&amp;apos;, os.name: &amp;apos;Windows 10&amp;apos;, os.arch: &amp;apos;x86&amp;apos;, os.version: &amp;apos;10.0&amp;apos;, java.version: &amp;apos;1.8.0_351&amp;apos;
Driver info: org.openqa.selenium.edge.EdgeDriver
Capabilities {acceptInsecureCerts: false, browserName: MicrosoftEdge, browserVersion: 124.0.2478.51, fedcm:accounts: true, javascriptEnabled: true, ms:edgeOptions: {debuggerAddress: localhost:64699}, msedge: {msedgedriverVersion: 124.0.2478.51 (e23a9b7d0a14..., userDataDir: C:\Users\nisha.r\AppData\Lo...}, networkConnectionEnabled: false, pageLoadStrategy: normal, platform: WINDOWS, platformName: WINDOWS, proxy: Proxy(), setWindowRect: true, strictFileInteractability: false, timeouts: {implicit: 0, pageLoad: 300000, script: 30000}, unhandledPromptBehavior: dismiss and notify, webauthn:extension:credBlob: true, webauthn:extension:largeBlob: true, webauthn:extension:minPinLength: true, webauthn:extension:prf: true, webauthn:virtualAuthenticators: true}
Session ID: 8e25bd0355ceae3c17d5ca7d144e7c8f">
      <![CDATA[org.openqa.selenium.JavascriptException: javascript error: {"status":60,"value":"http://10.4.10.72:8080/CVWeb/cvLgn# has no size and location"}
  (Session info: MicrosoftEdge=124.0.2478.51)
Build info: version: '3.141.59', revision: 'e82be7d358', time: '2018-11-14T08:17:03'
System info: host: 'CIPLWKT014', ip: '10.4.8.14', os.name: 'Windows 10', os.arch: 'x86', os.version: '10.0', java.version: '1.8.0_351'
Driver info: org.openqa.selenium.edge.EdgeDriver
Capabilities {acceptInsecureCerts: false, browserName: MicrosoftEdge, browserVersion: 124.0.2478.51, fedcm:accounts: true, javascriptEnabled: true, ms:edgeOptions: {debuggerAddress: localhost:64699}, msedge: {msedgedriverVersion: 124.0.2478.51 (e23a9b7d0a14..., userDataDir: C:\Users\nisha.r\AppData\Lo...}, networkConnectionEnabled: false, pageLoadStrategy: normal, platform: WINDOWS, platformName: WINDOWS, proxy: Proxy(), setWindowRect: true, strictFileInteractability: false, timeouts: {implicit: 0, pageLoad: 300000, script: 30000}, unhandledPromptBehavior: dismiss and notify, webauthn:extension:credBlob: true, webauthn:extension:largeBlob: true, webauthn:extension:minPinLength: true, webauthn:extension:prf: true, webauthn:virtualAuthenticators: true}
Session ID: 8e25bd0355ceae3c17d5ca7d144e7c8f
at org.openqa.selenium.remote.http.W3CHttpResponseCodec.createException(W3CHttpResponseCodec.java:187)
at org.openqa.selenium.remote.http.W3CHttpResponseCodec.decode(W3CHttpResponseCodec.java:122)
at org.openqa.selenium.remote.http.W3CHttpResponseCodec.decode(W3CHttpResponseCodec.java:49)
at org.openqa.selenium.remote.HttpCommandExecutor.execute(HttpCommandExecutor.java:158)
at org.openqa.selenium.remote.service.DriverCommandExecutor.execute(DriverCommandExecutor.java:83)
at org.openqa.selenium.remote.RemoteWebDriver.execute(RemoteWebDriver.java:552)
at org.openqa.selenium.remote.RemoteWebDriver.perform(RemoteWebDriver.java:618)
at org.openqa.selenium.interactions.Actions$BuiltAction.perform(Actions.java:639)
at org.openqa.selenium.interactions.Actions.perform(Actions.java:595)
at Generic.BaseClass.selectElement(BaseClass.java:424)
at Pom.Create_DOC.Create_INWARD_Document_and_sendTo_Inward_Workflow(Create_DOC.java:672)
at Script.INWARD_EXTERNAL_WORKFLOW.TC_23_Create_INWARD_Document_and_sendTo_Inward_Workflow(INWARD_EXTERNAL_WORKFLOW.java:276)
... Removed 30 stack frames]]>
    </failure>
  </testcase> <!-- TC_23_Create_INWARD_Document_and_sendTo_Inward_Workflow -->
  <testcase name="TC_24_Accept_and_Forward_INWARD_Workflow_Document_from_User1" time="160.513" classname="Script.INWARD_EXTERNAL_WORKFLOW">
    <skipped/>
  </testcase> <!-- TC_24_Accept_and_Forward_INWARD_Workflow_Document_from_User1 -->
  <testcase name="TC_24_Accept_and_Forward_INWARD_Workflow_Document_from_User1" time="154.32" classname="Script.INWARD_EXTERNAL_WORKFLOW">
    <skipped/>
  </testcase> <!-- TC_24_Accept_and_Forward_INWARD_Workflow_Document_from_User1 -->
  <testcase name="TC_24_Accept_and_Forward_INWARD_Workflow_Document_from_User1" time="153.972" classname="Script.INWARD_EXTERNAL_WORKFLOW">
    <skipped/>
  </testcase> <!-- TC_24_Accept_and_Forward_INWARD_Workflow_Document_from_User1 -->
  <testcase name="TC_24_Accept_and_Forward_INWARD_Workflow_Document_from_User1" time="157.105" classname="Script.INWARD_EXTERNAL_WORKFLOW">
    <failure type="org.openqa.selenium.ElementNotInteractableException" message="element not interactable
  (Session info: MicrosoftEdge=124.0.2478.51)
Build info: version: &amp;apos;3.141.59&amp;apos;, revision: &amp;apos;e82be7d358&amp;apos;, time: &amp;apos;2018-11-14T08:17:03&amp;apos;
System info: host: &amp;apos;CIPLWKT014&amp;apos;, ip: &amp;apos;10.4.8.14&amp;apos;, os.name: &amp;apos;Windows 10&amp;apos;, os.arch: &amp;apos;x86&amp;apos;, os.version: &amp;apos;10.0&amp;apos;, java.version: &amp;apos;1.8.0_351&amp;apos;
Driver info: org.openqa.selenium.edge.EdgeDriver
Capabilities {acceptInsecureCerts: false, browserName: MicrosoftEdge, browserVersion: 124.0.2478.51, fedcm:accounts: true, javascriptEnabled: true, ms:edgeOptions: {debuggerAddress: localhost:64699}, msedge: {msedgedriverVersion: 124.0.2478.51 (e23a9b7d0a14..., userDataDir: C:\Users\nisha.r\AppData\Lo...}, networkConnectionEnabled: false, pageLoadStrategy: normal, platform: WINDOWS, platformName: WINDOWS, proxy: Proxy(), setWindowRect: true, strictFileInteractability: false, timeouts: {implicit: 0, pageLoad: 300000, script: 30000}, unhandledPromptBehavior: dismiss and notify, webauthn:extension:credBlob: true, webauthn:extension:largeBlob: true, webauthn:extension:minPinLength: true, webauthn:extension:prf: true, webauthn:virtualAuthenticators: true}
Session ID: 8e25bd0355ceae3c17d5ca7d144e7c8f">
      <![CDATA[org.openqa.selenium.ElementNotInteractableException: element not interactable
  (Session info: MicrosoftEdge=124.0.2478.51)
Build info: version: '3.141.59', revision: 'e82be7d358', time: '2018-11-14T08:17:03'
System info: host: 'CIPLWKT014', ip: '10.4.8.14', os.name: 'Windows 10', os.arch: 'x86', os.version: '10.0', java.version: '1.8.0_351'
Driver info: org.openqa.selenium.edge.EdgeDriver
Capabilities {acceptInsecureCerts: false, browserName: MicrosoftEdge, browserVersion: 124.0.2478.51, fedcm:accounts: true, javascriptEnabled: true, ms:edgeOptions: {debuggerAddress: localhost:64699}, msedge: {msedgedriverVersion: 124.0.2478.51 (e23a9b7d0a14..., userDataDir: C:\Users\nisha.r\AppData\Lo...}, networkConnectionEnabled: false, pageLoadStrategy: normal, platform: WINDOWS, platformName: WINDOWS, proxy: Proxy(), setWindowRect: true, strictFileInteractability: false, timeouts: {implicit: 0, pageLoad: 300000, script: 30000}, unhandledPromptBehavior: dismiss and notify, webauthn:extension:credBlob: true, webauthn:extension:largeBlob: true, webauthn:extension:minPinLength: true, webauthn:extension:prf: true, webauthn:virtualAuthenticators: true}
Session ID: 8e25bd0355ceae3c17d5ca7d144e7c8f
at org.openqa.selenium.remote.http.W3CHttpResponseCodec.createException(W3CHttpResponseCodec.java:187)
at org.openqa.selenium.remote.http.W3CHttpResponseCodec.decode(W3CHttpResponseCodec.java:122)
at org.openqa.selenium.remote.http.W3CHttpResponseCodec.decode(W3CHttpResponseCodec.java:49)
at org.openqa.selenium.remote.HttpCommandExecutor.execute(HttpCommandExecutor.java:158)
at org.openqa.selenium.remote.service.DriverCommandExecutor.execute(DriverCommandExecutor.java:83)
at org.openqa.selenium.remote.RemoteWebDriver.execute(RemoteWebDriver.java:552)
at org.openqa.selenium.remote.RemoteWebElement.execute(RemoteWebElement.java:285)
at org.openqa.selenium.remote.RemoteWebElement.sendKeys(RemoteWebElement.java:106)
at org.openqa.selenium.support.pagefactory.internal.LocatingElementHandler.invoke(LocatingElementHandler.java:51)
at com.sun.proxy.$Proxy25.sendKeys(Unknown Source)
at Pom.Create_DOC.Accept_and_Forward_INWARD_Workflow_Document_from_User1(Create_DOC.java:1582)
at Script.INWARD_EXTERNAL_WORKFLOW.TC_24_Accept_and_Forward_INWARD_Workflow_Document_from_User1(INWARD_EXTERNAL_WORKFLOW.java:287)
... Removed 32 stack frames]]>
    </failure>
  </testcase> <!-- TC_24_Accept_and_Forward_INWARD_Workflow_Document_from_User1 -->
  <testcase name="TC_25_Accept_and_Forward_INWARD_Workflow_Document_from_User2" time="169.81" classname="Script.INWARD_EXTERNAL_WORKFLOW"/>
  <testcase name="TC_26_Accept_and_Forward_INWARD_Workflow_Document_from_User3" time="168.523" classname="Script.INWARD_EXTERNAL_WORKFLOW"/>
  <testcase name="TC_27_Accept_and_Forward_INWARD_Workflow_Document_from_User4" time="163.464" classname="Script.INWARD_EXTERNAL_WORKFLOW"/>
  <testcase name="TC_28_Accept_and_Forward_INWARD_Workflow_Document_from_User5" time="152.245" classname="Script.INWARD_EXTERNAL_WORKFLOW"/>
  <testcase name="TC_29_Accept_and_Forward_INWARD_Workflow_Document_from_User6" time="107.443" classname="Script.INWARD_EXTERNAL_WORKFLOW">
    <skipped/>
  </testcase> <!-- TC_29_Accept_and_Forward_INWARD_Workflow_Document_from_User6 -->
  <testcase name="TC_29_Accept_and_Forward_INWARD_Workflow_Document_from_User6" time="99.535" classname="Script.INWARD_EXTERNAL_WORKFLOW">
    <skipped/>
  </testcase> <!-- TC_29_Accept_and_Forward_INWARD_Workflow_Document_from_User6 -->
  <testcase name="TC_29_Accept_and_Forward_INWARD_Workflow_Document_from_User6" time="102.236" classname="Script.INWARD_EXTERNAL_WORKFLOW">
    <skipped/>
  </testcase> <!-- TC_29_Accept_and_Forward_INWARD_Workflow_Document_from_User6 -->
  <testcase name="TC_29_Accept_and_Forward_INWARD_Workflow_Document_from_User6" time="109.248" classname="Script.INWARD_EXTERNAL_WORKFLOW">
    <failure type="org.openqa.selenium.ElementNotInteractableException" message="element not interactable
  (Session info: MicrosoftEdge=124.0.2478.51)
Build info: version: &amp;apos;3.141.59&amp;apos;, revision: &amp;apos;e82be7d358&amp;apos;, time: &amp;apos;2018-11-14T08:17:03&amp;apos;
System info: host: &amp;apos;CIPLWKT014&amp;apos;, ip: &amp;apos;10.4.8.14&amp;apos;, os.name: &amp;apos;Windows 10&amp;apos;, os.arch: &amp;apos;x86&amp;apos;, os.version: &amp;apos;10.0&amp;apos;, java.version: &amp;apos;1.8.0_351&amp;apos;
Driver info: org.openqa.selenium.edge.EdgeDriver
Capabilities {acceptInsecureCerts: false, browserName: MicrosoftEdge, browserVersion: 124.0.2478.51, fedcm:accounts: true, javascriptEnabled: true, ms:edgeOptions: {debuggerAddress: localhost:64699}, msedge: {msedgedriverVersion: 124.0.2478.51 (e23a9b7d0a14..., userDataDir: C:\Users\nisha.r\AppData\Lo...}, networkConnectionEnabled: false, pageLoadStrategy: normal, platform: WINDOWS, platformName: WINDOWS, proxy: Proxy(), setWindowRect: true, strictFileInteractability: false, timeouts: {implicit: 0, pageLoad: 300000, script: 30000}, unhandledPromptBehavior: dismiss and notify, webauthn:extension:credBlob: true, webauthn:extension:largeBlob: true, webauthn:extension:minPinLength: true, webauthn:extension:prf: true, webauthn:virtualAuthenticators: true}
Session ID: 8e25bd0355ceae3c17d5ca7d144e7c8f">
      <![CDATA[org.openqa.selenium.ElementNotInteractableException: element not interactable
  (Session info: MicrosoftEdge=124.0.2478.51)
Build info: version: '3.141.59', revision: 'e82be7d358', time: '2018-11-14T08:17:03'
System info: host: 'CIPLWKT014', ip: '10.4.8.14', os.name: 'Windows 10', os.arch: 'x86', os.version: '10.0', java.version: '1.8.0_351'
Driver info: org.openqa.selenium.edge.EdgeDriver
Capabilities {acceptInsecureCerts: false, browserName: MicrosoftEdge, browserVersion: 124.0.2478.51, fedcm:accounts: true, javascriptEnabled: true, ms:edgeOptions: {debuggerAddress: localhost:64699}, msedge: {msedgedriverVersion: 124.0.2478.51 (e23a9b7d0a14..., userDataDir: C:\Users\nisha.r\AppData\Lo...}, networkConnectionEnabled: false, pageLoadStrategy: normal, platform: WINDOWS, platformName: WINDOWS, proxy: Proxy(), setWindowRect: true, strictFileInteractability: false, timeouts: {implicit: 0, pageLoad: 300000, script: 30000}, unhandledPromptBehavior: dismiss and notify, webauthn:extension:credBlob: true, webauthn:extension:largeBlob: true, webauthn:extension:minPinLength: true, webauthn:extension:prf: true, webauthn:virtualAuthenticators: true}
Session ID: 8e25bd0355ceae3c17d5ca7d144e7c8f
at org.openqa.selenium.remote.http.W3CHttpResponseCodec.createException(W3CHttpResponseCodec.java:187)
at org.openqa.selenium.remote.http.W3CHttpResponseCodec.decode(W3CHttpResponseCodec.java:122)
at org.openqa.selenium.remote.http.W3CHttpResponseCodec.decode(W3CHttpResponseCodec.java:49)
at org.openqa.selenium.remote.HttpCommandExecutor.execute(HttpCommandExecutor.java:158)
at org.openqa.selenium.remote.service.DriverCommandExecutor.execute(DriverCommandExecutor.java:83)
at org.openqa.selenium.remote.RemoteWebDriver.execute(RemoteWebDriver.java:552)
at org.openqa.selenium.remote.RemoteWebElement.execute(RemoteWebElement.java:285)
at org.openqa.selenium.remote.RemoteWebElement.sendKeys(RemoteWebElement.java:106)
at org.openqa.selenium.support.pagefactory.internal.LocatingElementHandler.invoke(LocatingElementHandler.java:51)
at com.sun.proxy.$Proxy25.sendKeys(Unknown Source)
at Pom.Create_DOC.Accept_and_Forward_INWARD_Workflow_Document_from_User6(Create_DOC.java:1887)
at Script.INWARD_EXTERNAL_WORKFLOW.TC_29_Accept_and_Forward_INWARD_Workflow_Document_from_User6(INWARD_EXTERNAL_WORKFLOW.java:332)
... Removed 32 stack frames]]>
    </failure>
  </testcase> <!-- TC_29_Accept_and_Forward_INWARD_Workflow_Document_from_User6 -->
  <testcase name="TC_30_Rework_INWARD_Workflow_Document_from_User7" time="127.479" classname="Script.INWARD_EXTERNAL_WORKFLOW"/>
  <testcase name="LandBrowser21" time="52.54" classname="Script.INWARD_EXTERNAL_WORKFLOW"/>
  <testcase name="Login_EWA21" time="16.381" classname="Script.INWARD_EXTERNAL_WORKFLOW"/>
  <testcase name="TC_31_Create_INWARD_EXTERNAL_Document" time="348.918" classname="Script.INWARD_EXTERNAL_WORKFLOW"/>
  <testcase name="TC_32_Intimate_INWARD_Workflow_Document_from_User1" time="80.373" classname="Script.INWARD_EXTERNAL_WORKFLOW"/>
  <testcase name="TC_33_Intimate_INWARD_Workflow_Document_from_User2" time="125.793" classname="Script.INWARD_EXTERNAL_WORKFLOW"/>
  <testcase name="TC_34_Intimate_End_INWARD_Workflow_Document_from_User3" time="103.509" classname="Script.INWARD_EXTERNAL_WORKFLOW"/>
</testsuite> <!-- Test7 -->
