<?xml version="1.0" encoding="UTF-8"?>
<!-- Generated by org.testng.reporters.JUnitXMLReporter -->
<testsuite hostname="CIPLWKT014" ignored="0" name="Test8" tests="50" failures="6" timestamp="25 Apr 2024 21:08:58 GMT" time="7648.085" errors="0">
  <testcase name="Login_EWA" time="17.524" classname="Script.INWARD_INTERNAL_WORKFLOW"/>
  <testcase name="TC_01_Create_INWARD_Document_and_sendTo_Inward_Workflow" time="823.47" classname="Script.INWARD_INTERNAL_WORKFLOW"/>
  <testcase name="TC_02_Accept_and_Forward_INWARD_Workflow_Document_from_User1" time="180.19" classname="Script.INWARD_INTERNAL_WORKFLOW"/>
  <testcase name="TC_03_Accept_and_Forward_INWARD_Workflow_Document_from_User2" time="156.481" classname="Script.INWARD_INTERNAL_WORKFLOW"/>
  <testcase name="TC_04_Accept_and_Forward_INWARD_Workflow_Document_from_User3" time="159.282" classname="Script.INWARD_INTERNAL_WORKFLOW"/>
  <testcase name="TC_05_Accept_and_Forward_INWARD_Workflow_Document_from_User4" time="168.309" classname="Script.INWARD_INTERNAL_WORKFLOW"/>
  <testcase name="TC_06_Accept_and_Forward_INWARD_Workflow_Document_from_User5" time="156.362" classname="Script.INWARD_INTERNAL_WORKFLOW"/>
  <testcase name="TC_07_Accept_and_Forward_INWARD_Workflow_Document_from_User6" time="130.218" classname="Script.INWARD_INTERNAL_WORKFLOW"/>
  <testcase name="TC_08_Accept_and_Forward_INWARD_Workflow_Document_from_User7" time="109.852" classname="Script.INWARD_INTERNAL_WORKFLOW"/>
  <testcase name="TC_09_Accept_and_Forward_INWARD_Workflow_Document_from_User8" time="117.478" classname="Script.INWARD_INTERNAL_WORKFLOW"/>
  <testcase name="TC_10_Accept_and_Forward_INWARD_Workflow_Document_from_User9" time="107.094" classname="Script.INWARD_INTERNAL_WORKFLOW"/>
  <testcase name="TC_11_Approve_and_End_INWARD_Workflow_Document_from_User10" time="129.298" classname="Script.INWARD_INTERNAL_WORKFLOW"/>
  <testcase name="LandBrowser1" time="22.231" classname="Script.INWARD_INTERNAL_WORKFLOW"/>
  <testcase name="Login_EWA1" time="16.001" classname="Script.INWARD_INTERNAL_WORKFLOW"/>
  <testcase name="TC_12_Create_INWARD_Document_and_sendTo_Inward_Workflow_Approve_and_PSR" time="798.213" classname="Script.INWARD_INTERNAL_WORKFLOW"/>
  <testcase name="TC_13_Approve_and_PSR_INWARD_Workflow_Document_from_User1" time="109.064" classname="Script.INWARD_INTERNAL_WORKFLOW"/>
  <testcase name="TC_14_Approve_and_PSR_INWARD_Workflow_Document_from_User2" time="153.507" classname="Script.INWARD_INTERNAL_WORKFLOW"/>
  <testcase name="TC_15_Approve_and_PSR_INWARD_Workflow_Document_from_User3" time="167.792" classname="Script.INWARD_INTERNAL_WORKFLOW"/>
  <testcase name="TC_16_Approve_and_PSR_INWARD_Workflow_Document_from_User4" time="162.474" classname="Script.INWARD_INTERNAL_WORKFLOW"/>
  <testcase name="TC_17_Approve_and_PSR_INWARD_Workflow_Document_from_User5" time="171.332" classname="Script.INWARD_INTERNAL_WORKFLOW"/>
  <testcase name="TC_18_Approve_and_PSR_INWARD_Workflow_Document_from_User6" time="119.685" classname="Script.INWARD_INTERNAL_WORKFLOW"/>
  <testcase name="TC_19_Approve_and_PSR_INWARD_Workflow_Document_from_User7" time="108.318" classname="Script.INWARD_INTERNAL_WORKFLOW"/>
  <testcase name="TC_20_Approve_and_PSR_INWARD_Workflow_Document_from_User8" time="108.083" classname="Script.INWARD_INTERNAL_WORKFLOW"/>
  <testcase name="TC_21_Approve_and_PSR_INWARD_Workflow_Document_from_User9" time="99.346" classname="Script.INWARD_INTERNAL_WORKFLOW"/>
  <testcase name="TC_22_PSR_and_EndWorkflow_INWARD_Workflow_Document_from_User10" time="155.954" classname="Script.INWARD_INTERNAL_WORKFLOW"/>
  <testcase name="LandBrowser2" time="13.723" classname="Script.INWARD_INTERNAL_WORKFLOW"/>
  <testcase name="Login_EWA2" time="25.799" classname="Script.INWARD_INTERNAL_WORKFLOW"/>
  <testcase name="TC_23_Create_INWARD_Document_and_sendTo_Inward_Workflow" time="774.271" classname="Script.INWARD_INTERNAL_WORKFLOW">
    <skipped/>
  </testcase> <!-- TC_23_Create_INWARD_Document_and_sendTo_Inward_Workflow -->
  <testcase name="TC_23_Create_INWARD_Document_and_sendTo_Inward_Workflow" time="71.543" classname="Script.INWARD_INTERNAL_WORKFLOW">
    <skipped/>
  </testcase> <!-- TC_23_Create_INWARD_Document_and_sendTo_Inward_Workflow -->
  <testcase name="TC_23_Create_INWARD_Document_and_sendTo_Inward_Workflow" time="67.753" classname="Script.INWARD_INTERNAL_WORKFLOW">
    <skipped/>
  </testcase> <!-- TC_23_Create_INWARD_Document_and_sendTo_Inward_Workflow -->
  <testcase name="TC_23_Create_INWARD_Document_and_sendTo_Inward_Workflow" time="67.906" classname="Script.INWARD_INTERNAL_WORKFLOW">
    <failure type="org.openqa.selenium.JavascriptException" message="javascript error: {&amp;quot;status&amp;quot;:60,&amp;quot;value&amp;quot;:&amp;quot;http://10.4.10.72:8080/CVWeb/cvLgn# has no size and location&amp;quot;}
  (Session info: MicrosoftEdge=124.0.2478.51)
Build info: version: &amp;apos;3.141.59&amp;apos;, revision: &amp;apos;e82be7d358&amp;apos;, time: &amp;apos;2018-11-14T08:17:03&amp;apos;
System info: host: &amp;apos;CIPLWKT014&amp;apos;, ip: &amp;apos;10.4.8.14&amp;apos;, os.name: &amp;apos;Windows 10&amp;apos;, os.arch: &amp;apos;x86&amp;apos;, os.version: &amp;apos;10.0&amp;apos;, java.version: &amp;apos;1.8.0_351&amp;apos;
Driver info: org.openqa.selenium.edge.EdgeDriver
Capabilities {acceptInsecureCerts: false, browserName: MicrosoftEdge, browserVersion: 124.0.2478.51, fedcm:accounts: true, javascriptEnabled: true, ms:edgeOptions: {debuggerAddress: localhost:63189}, msedge: {msedgedriverVersion: 124.0.2478.51 (e23a9b7d0a14..., userDataDir: C:\Users\nisha.r\AppData\Lo...}, networkConnectionEnabled: false, pageLoadStrategy: normal, platform: WINDOWS, platformName: WINDOWS, proxy: Proxy(), setWindowRect: true, strictFileInteractability: false, timeouts: {implicit: 0, pageLoad: 300000, script: 30000}, unhandledPromptBehavior: dismiss and notify, webauthn:extension:credBlob: true, webauthn:extension:largeBlob: true, webauthn:extension:minPinLength: true, webauthn:extension:prf: true, webauthn:virtualAuthenticators: true}
Session ID: 8d1795a7f9c4b0f0c09cbeb86ab8c342">
      <![CDATA[org.openqa.selenium.JavascriptException: javascript error: {"status":60,"value":"http://10.4.10.72:8080/CVWeb/cvLgn# has no size and location"}
  (Session info: MicrosoftEdge=124.0.2478.51)
Build info: version: '3.141.59', revision: 'e82be7d358', time: '2018-11-14T08:17:03'
System info: host: 'CIPLWKT014', ip: '10.4.8.14', os.name: 'Windows 10', os.arch: 'x86', os.version: '10.0', java.version: '1.8.0_351'
Driver info: org.openqa.selenium.edge.EdgeDriver
Capabilities {acceptInsecureCerts: false, browserName: MicrosoftEdge, browserVersion: 124.0.2478.51, fedcm:accounts: true, javascriptEnabled: true, ms:edgeOptions: {debuggerAddress: localhost:63189}, msedge: {msedgedriverVersion: 124.0.2478.51 (e23a9b7d0a14..., userDataDir: C:\Users\nisha.r\AppData\Lo...}, networkConnectionEnabled: false, pageLoadStrategy: normal, platform: WINDOWS, platformName: WINDOWS, proxy: Proxy(), setWindowRect: true, strictFileInteractability: false, timeouts: {implicit: 0, pageLoad: 300000, script: 30000}, unhandledPromptBehavior: dismiss and notify, webauthn:extension:credBlob: true, webauthn:extension:largeBlob: true, webauthn:extension:minPinLength: true, webauthn:extension:prf: true, webauthn:virtualAuthenticators: true}
Session ID: 8d1795a7f9c4b0f0c09cbeb86ab8c342
at org.openqa.selenium.remote.http.W3CHttpResponseCodec.createException(W3CHttpResponseCodec.java:187)
at org.openqa.selenium.remote.http.W3CHttpResponseCodec.decode(W3CHttpResponseCodec.java:122)
at org.openqa.selenium.remote.http.W3CHttpResponseCodec.decode(W3CHttpResponseCodec.java:49)
at org.openqa.selenium.remote.HttpCommandExecutor.execute(HttpCommandExecutor.java:158)
at org.openqa.selenium.remote.service.DriverCommandExecutor.execute(DriverCommandExecutor.java:83)
at org.openqa.selenium.remote.RemoteWebDriver.execute(RemoteWebDriver.java:552)
at org.openqa.selenium.remote.RemoteWebDriver.perform(RemoteWebDriver.java:618)
at org.openqa.selenium.interactions.Actions$BuiltAction.perform(Actions.java:639)
at org.openqa.selenium.interactions.Actions.perform(Actions.java:595)
at Generic.BaseClass.selectElement(BaseClass.java:424)
at Pom.Create_DOC.Create_INWARD_Document_and_sendTo_Inward_Workflow(Create_DOC.java:672)
at Script.INWARD_INTERNAL_WORKFLOW.TC_23_Create_INWARD_Document_and_sendTo_Inward_Workflow(INWARD_INTERNAL_WORKFLOW.java:276)
... Removed 30 stack frames]]>
    </failure>
  </testcase> <!-- TC_23_Create_INWARD_Document_and_sendTo_Inward_Workflow -->
  <testcase name="TC_24_Accept_and_Forward_INWARD_Workflow_Document_from_User1" time="148.556" classname="Script.INWARD_INTERNAL_WORKFLOW">
    <skipped/>
  </testcase> <!-- TC_24_Accept_and_Forward_INWARD_Workflow_Document_from_User1 -->
  <testcase name="TC_24_Accept_and_Forward_INWARD_Workflow_Document_from_User1" time="150.015" classname="Script.INWARD_INTERNAL_WORKFLOW">
    <skipped/>
  </testcase> <!-- TC_24_Accept_and_Forward_INWARD_Workflow_Document_from_User1 -->
  <testcase name="TC_24_Accept_and_Forward_INWARD_Workflow_Document_from_User1" time="148.5" classname="Script.INWARD_INTERNAL_WORKFLOW">
    <skipped/>
  </testcase> <!-- TC_24_Accept_and_Forward_INWARD_Workflow_Document_from_User1 -->
  <testcase name="TC_24_Accept_and_Forward_INWARD_Workflow_Document_from_User1" time="143.878" classname="Script.INWARD_INTERNAL_WORKFLOW">
    <failure type="org.openqa.selenium.ElementNotInteractableException" message="element not interactable
  (Session info: MicrosoftEdge=124.0.2478.51)
Build info: version: &amp;apos;3.141.59&amp;apos;, revision: &amp;apos;e82be7d358&amp;apos;, time: &amp;apos;2018-11-14T08:17:03&amp;apos;
System info: host: &amp;apos;CIPLWKT014&amp;apos;, ip: &amp;apos;10.4.8.14&amp;apos;, os.name: &amp;apos;Windows 10&amp;apos;, os.arch: &amp;apos;x86&amp;apos;, os.version: &amp;apos;10.0&amp;apos;, java.version: &amp;apos;1.8.0_351&amp;apos;
Driver info: org.openqa.selenium.edge.EdgeDriver
Capabilities {acceptInsecureCerts: false, browserName: MicrosoftEdge, browserVersion: 124.0.2478.51, fedcm:accounts: true, javascriptEnabled: true, ms:edgeOptions: {debuggerAddress: localhost:63189}, msedge: {msedgedriverVersion: 124.0.2478.51 (e23a9b7d0a14..., userDataDir: C:\Users\nisha.r\AppData\Lo...}, networkConnectionEnabled: false, pageLoadStrategy: normal, platform: WINDOWS, platformName: WINDOWS, proxy: Proxy(), setWindowRect: true, strictFileInteractability: false, timeouts: {implicit: 0, pageLoad: 300000, script: 30000}, unhandledPromptBehavior: dismiss and notify, webauthn:extension:credBlob: true, webauthn:extension:largeBlob: true, webauthn:extension:minPinLength: true, webauthn:extension:prf: true, webauthn:virtualAuthenticators: true}
Session ID: 8d1795a7f9c4b0f0c09cbeb86ab8c342">
      <![CDATA[org.openqa.selenium.ElementNotInteractableException: element not interactable
  (Session info: MicrosoftEdge=124.0.2478.51)
Build info: version: '3.141.59', revision: 'e82be7d358', time: '2018-11-14T08:17:03'
System info: host: 'CIPLWKT014', ip: '10.4.8.14', os.name: 'Windows 10', os.arch: 'x86', os.version: '10.0', java.version: '1.8.0_351'
Driver info: org.openqa.selenium.edge.EdgeDriver
Capabilities {acceptInsecureCerts: false, browserName: MicrosoftEdge, browserVersion: 124.0.2478.51, fedcm:accounts: true, javascriptEnabled: true, ms:edgeOptions: {debuggerAddress: localhost:63189}, msedge: {msedgedriverVersion: 124.0.2478.51 (e23a9b7d0a14..., userDataDir: C:\Users\nisha.r\AppData\Lo...}, networkConnectionEnabled: false, pageLoadStrategy: normal, platform: WINDOWS, platformName: WINDOWS, proxy: Proxy(), setWindowRect: true, strictFileInteractability: false, timeouts: {implicit: 0, pageLoad: 300000, script: 30000}, unhandledPromptBehavior: dismiss and notify, webauthn:extension:credBlob: true, webauthn:extension:largeBlob: true, webauthn:extension:minPinLength: true, webauthn:extension:prf: true, webauthn:virtualAuthenticators: true}
Session ID: 8d1795a7f9c4b0f0c09cbeb86ab8c342
at org.openqa.selenium.remote.http.W3CHttpResponseCodec.createException(W3CHttpResponseCodec.java:187)
at org.openqa.selenium.remote.http.W3CHttpResponseCodec.decode(W3CHttpResponseCodec.java:122)
at org.openqa.selenium.remote.http.W3CHttpResponseCodec.decode(W3CHttpResponseCodec.java:49)
at org.openqa.selenium.remote.HttpCommandExecutor.execute(HttpCommandExecutor.java:158)
at org.openqa.selenium.remote.service.DriverCommandExecutor.execute(DriverCommandExecutor.java:83)
at org.openqa.selenium.remote.RemoteWebDriver.execute(RemoteWebDriver.java:552)
at org.openqa.selenium.remote.RemoteWebElement.execute(RemoteWebElement.java:285)
at org.openqa.selenium.remote.RemoteWebElement.sendKeys(RemoteWebElement.java:106)
at org.openqa.selenium.support.pagefactory.internal.LocatingElementHandler.invoke(LocatingElementHandler.java:51)
at com.sun.proxy.$Proxy25.sendKeys(Unknown Source)
at Pom.Create_DOC.Accept_and_Forward_INWARD_Workflow_Document_from_User1(Create_DOC.java:1582)
at Script.INWARD_INTERNAL_WORKFLOW.TC_24_Accept_and_Forward_INWARD_Workflow_Document_from_User1(INWARD_INTERNAL_WORKFLOW.java:287)
... Removed 32 stack frames]]>
    </failure>
  </testcase> <!-- TC_24_Accept_and_Forward_INWARD_Workflow_Document_from_User1 -->
  <testcase name="TC_25_Accept_and_Forward_INWARD_Workflow_Document_from_User2" time="157.416" classname="Script.INWARD_INTERNAL_WORKFLOW"/>
  <testcase name="TC_26_Accept_and_Forward_INWARD_Workflow_Document_from_User3" time="162.84" classname="Script.INWARD_INTERNAL_WORKFLOW"/>
  <testcase name="TC_27_Accept_and_Forward_INWARD_Workflow_Document_from_User4" time="162.897" classname="Script.INWARD_INTERNAL_WORKFLOW"/>
  <testcase name="TC_28_Accept_and_Forward_INWARD_Workflow_Document_from_User5" time="158.858" classname="Script.INWARD_INTERNAL_WORKFLOW"/>
  <testcase name="TC_29_Accept_and_Forward_INWARD_Workflow_Document_from_User6" time="116.525" classname="Script.INWARD_INTERNAL_WORKFLOW">
    <skipped/>
  </testcase> <!-- TC_29_Accept_and_Forward_INWARD_Workflow_Document_from_User6 -->
  <testcase name="TC_29_Accept_and_Forward_INWARD_Workflow_Document_from_User6" time="95.498" classname="Script.INWARD_INTERNAL_WORKFLOW">
    <skipped/>
  </testcase> <!-- TC_29_Accept_and_Forward_INWARD_Workflow_Document_from_User6 -->
  <testcase name="TC_29_Accept_and_Forward_INWARD_Workflow_Document_from_User6" time="106.524" classname="Script.INWARD_INTERNAL_WORKFLOW">
    <skipped/>
  </testcase> <!-- TC_29_Accept_and_Forward_INWARD_Workflow_Document_from_User6 -->
  <testcase name="TC_29_Accept_and_Forward_INWARD_Workflow_Document_from_User6" time="109.531" classname="Script.INWARD_INTERNAL_WORKFLOW">
    <failure type="org.openqa.selenium.ElementNotInteractableException" message="element not interactable
  (Session info: MicrosoftEdge=124.0.2478.51)
Build info: version: &amp;apos;3.141.59&amp;apos;, revision: &amp;apos;e82be7d358&amp;apos;, time: &amp;apos;2018-11-14T08:17:03&amp;apos;
System info: host: &amp;apos;CIPLWKT014&amp;apos;, ip: &amp;apos;10.4.8.14&amp;apos;, os.name: &amp;apos;Windows 10&amp;apos;, os.arch: &amp;apos;x86&amp;apos;, os.version: &amp;apos;10.0&amp;apos;, java.version: &amp;apos;1.8.0_351&amp;apos;
Driver info: org.openqa.selenium.edge.EdgeDriver
Capabilities {acceptInsecureCerts: false, browserName: MicrosoftEdge, browserVersion: 124.0.2478.51, fedcm:accounts: true, javascriptEnabled: true, ms:edgeOptions: {debuggerAddress: localhost:63189}, msedge: {msedgedriverVersion: 124.0.2478.51 (e23a9b7d0a14..., userDataDir: C:\Users\nisha.r\AppData\Lo...}, networkConnectionEnabled: false, pageLoadStrategy: normal, platform: WINDOWS, platformName: WINDOWS, proxy: Proxy(), setWindowRect: true, strictFileInteractability: false, timeouts: {implicit: 0, pageLoad: 300000, script: 30000}, unhandledPromptBehavior: dismiss and notify, webauthn:extension:credBlob: true, webauthn:extension:largeBlob: true, webauthn:extension:minPinLength: true, webauthn:extension:prf: true, webauthn:virtualAuthenticators: true}
Session ID: 8d1795a7f9c4b0f0c09cbeb86ab8c342">
      <![CDATA[org.openqa.selenium.ElementNotInteractableException: element not interactable
  (Session info: MicrosoftEdge=124.0.2478.51)
Build info: version: '3.141.59', revision: 'e82be7d358', time: '2018-11-14T08:17:03'
System info: host: 'CIPLWKT014', ip: '10.4.8.14', os.name: 'Windows 10', os.arch: 'x86', os.version: '10.0', java.version: '1.8.0_351'
Driver info: org.openqa.selenium.edge.EdgeDriver
Capabilities {acceptInsecureCerts: false, browserName: MicrosoftEdge, browserVersion: 124.0.2478.51, fedcm:accounts: true, javascriptEnabled: true, ms:edgeOptions: {debuggerAddress: localhost:63189}, msedge: {msedgedriverVersion: 124.0.2478.51 (e23a9b7d0a14..., userDataDir: C:\Users\nisha.r\AppData\Lo...}, networkConnectionEnabled: false, pageLoadStrategy: normal, platform: WINDOWS, platformName: WINDOWS, proxy: Proxy(), setWindowRect: true, strictFileInteractability: false, timeouts: {implicit: 0, pageLoad: 300000, script: 30000}, unhandledPromptBehavior: dismiss and notify, webauthn:extension:credBlob: true, webauthn:extension:largeBlob: true, webauthn:extension:minPinLength: true, webauthn:extension:prf: true, webauthn:virtualAuthenticators: true}
Session ID: 8d1795a7f9c4b0f0c09cbeb86ab8c342
at org.openqa.selenium.remote.http.W3CHttpResponseCodec.createException(W3CHttpResponseCodec.java:187)
at org.openqa.selenium.remote.http.W3CHttpResponseCodec.decode(W3CHttpResponseCodec.java:122)
at org.openqa.selenium.remote.http.W3CHttpResponseCodec.decode(W3CHttpResponseCodec.java:49)
at org.openqa.selenium.remote.HttpCommandExecutor.execute(HttpCommandExecutor.java:158)
at org.openqa.selenium.remote.service.DriverCommandExecutor.execute(DriverCommandExecutor.java:83)
at org.openqa.selenium.remote.RemoteWebDriver.execute(RemoteWebDriver.java:552)
at org.openqa.selenium.remote.RemoteWebElement.execute(RemoteWebElement.java:285)
at org.openqa.selenium.remote.RemoteWebElement.sendKeys(RemoteWebElement.java:106)
at org.openqa.selenium.support.pagefactory.internal.LocatingElementHandler.invoke(LocatingElementHandler.java:51)
at com.sun.proxy.$Proxy25.sendKeys(Unknown Source)
at Pom.Create_DOC.Accept_and_Forward_INWARD_Workflow_Document_from_User6(Create_DOC.java:1887)
at Script.INWARD_INTERNAL_WORKFLOW.TC_29_Accept_and_Forward_INWARD_Workflow_Document_from_User6(INWARD_INTERNAL_WORKFLOW.java:332)
... Removed 32 stack frames]]>
    </failure>
  </testcase> <!-- TC_29_Accept_and_Forward_INWARD_Workflow_Document_from_User6 -->
  <testcase name="TC_30_Rework_INWARD_Workflow_Document_from_User7" time="118.187" classname="Script.INWARD_INTERNAL_WORKFLOW"/>
  <testcase name="LandBrowser21" time="19.18" classname="Script.INWARD_INTERNAL_WORKFLOW"/>
  <testcase name="Login_EWA21" time="17.937" classname="Script.INWARD_INTERNAL_WORKFLOW"/>
  <testcase name="TC_31_Create_INWARD_Internal_Document" time="87.149" classname="Script.INWARD_INTERNAL_WORKFLOW">
    <failure type="org.openqa.selenium.TimeoutException" message="Expected condition failed: waiting for alert to be present (tried for 20 second(s) with 500 milliseconds interval)
Build info: version: &amp;apos;3.141.59&amp;apos;, revision: &amp;apos;e82be7d358&amp;apos;, time: &amp;apos;2018-11-14T08:17:03&amp;apos;
System info: host: &amp;apos;CIPLWKT014&amp;apos;, ip: &amp;apos;10.4.8.14&amp;apos;, os.name: &amp;apos;Windows 10&amp;apos;, os.arch: &amp;apos;x86&amp;apos;, os.version: &amp;apos;10.0&amp;apos;, java.version: &amp;apos;1.8.0_351&amp;apos;
Driver info: org.openqa.selenium.edge.EdgeDriver
Capabilities {acceptInsecureCerts: false, browserName: MicrosoftEdge, browserVersion: 124.0.2478.51, fedcm:accounts: true, javascriptEnabled: true, ms:edgeOptions: {debuggerAddress: localhost:64305}, msedge: {msedgedriverVersion: 124.0.2478.51 (e23a9b7d0a14..., userDataDir: C:\Users\nisha.r\AppData\Lo...}, networkConnectionEnabled: false, pageLoadStrategy: normal, platform: WINDOWS, platformName: WINDOWS, proxy: Proxy(), setWindowRect: true, strictFileInteractability: false, timeouts: {implicit: 0, pageLoad: 300000, script: 30000}, unhandledPromptBehavior: dismiss and notify, webauthn:extension:credBlob: true, webauthn:extension:largeBlob: true, webauthn:extension:minPinLength: true, webauthn:extension:prf: true, webauthn:virtualAuthenticators: true}
Session ID: 6236174194310986bb29d09267a6824f">
      <![CDATA[org.openqa.selenium.TimeoutException: Expected condition failed: waiting for alert to be present (tried for 20 second(s) with 500 milliseconds interval)
Build info: version: '3.141.59', revision: 'e82be7d358', time: '2018-11-14T08:17:03'
System info: host: 'CIPLWKT014', ip: '10.4.8.14', os.name: 'Windows 10', os.arch: 'x86', os.version: '10.0', java.version: '1.8.0_351'
Driver info: org.openqa.selenium.edge.EdgeDriver
Capabilities {acceptInsecureCerts: false, browserName: MicrosoftEdge, browserVersion: 124.0.2478.51, fedcm:accounts: true, javascriptEnabled: true, ms:edgeOptions: {debuggerAddress: localhost:64305}, msedge: {msedgedriverVersion: 124.0.2478.51 (e23a9b7d0a14..., userDataDir: C:\Users\nisha.r\AppData\Lo...}, networkConnectionEnabled: false, pageLoadStrategy: normal, platform: WINDOWS, platformName: WINDOWS, proxy: Proxy(), setWindowRect: true, strictFileInteractability: false, timeouts: {implicit: 0, pageLoad: 300000, script: 30000}, unhandledPromptBehavior: dismiss and notify, webauthn:extension:credBlob: true, webauthn:extension:largeBlob: true, webauthn:extension:minPinLength: true, webauthn:extension:prf: true, webauthn:virtualAuthenticators: true}
Session ID: 6236174194310986bb29d09267a6824f
at org.openqa.selenium.support.ui.WebDriverWait.timeoutException(WebDriverWait.java:95)
at org.openqa.selenium.support.ui.FluentWait.until(FluentWait.java:272)
at Pom.Create_DOC.Create_INWARD_Internal_Document_and_sendTo_Inward_Workflow_For_Intimation(Create_DOC.java:2982)
at Script.INWARD_INTERNAL_WORKFLOW.TC_31_Create_INWARD_Internal_Document(INWARD_INTERNAL_WORKFLOW.java:367)
... Removed 26 stack frames]]>
    </failure>
  </testcase> <!-- TC_31_Create_INWARD_Internal_Document -->
  <testcase name="TC_32_Intimate_INWARD_Workflow_Document_from_User1" time="65.196" classname="Script.INWARD_INTERNAL_WORKFLOW">
    <failure type="org.openqa.selenium.ElementNotInteractableException" message="element not interactable
  (Session info: MicrosoftEdge=124.0.2478.51)
Build info: version: &amp;apos;3.141.59&amp;apos;, revision: &amp;apos;e82be7d358&amp;apos;, time: &amp;apos;2018-11-14T08:17:03&amp;apos;
System info: host: &amp;apos;CIPLWKT014&amp;apos;, ip: &amp;apos;10.4.8.14&amp;apos;, os.name: &amp;apos;Windows 10&amp;apos;, os.arch: &amp;apos;x86&amp;apos;, os.version: &amp;apos;10.0&amp;apos;, java.version: &amp;apos;1.8.0_351&amp;apos;
Driver info: org.openqa.selenium.edge.EdgeDriver
Capabilities {acceptInsecureCerts: false, browserName: MicrosoftEdge, browserVersion: 124.0.2478.51, fedcm:accounts: true, javascriptEnabled: true, ms:edgeOptions: {debuggerAddress: localhost:64305}, msedge: {msedgedriverVersion: 124.0.2478.51 (e23a9b7d0a14..., userDataDir: C:\Users\nisha.r\AppData\Lo...}, networkConnectionEnabled: false, pageLoadStrategy: normal, platform: WINDOWS, platformName: WINDOWS, proxy: Proxy(), setWindowRect: true, strictFileInteractability: false, timeouts: {implicit: 0, pageLoad: 300000, script: 30000}, unhandledPromptBehavior: dismiss and notify, webauthn:extension:credBlob: true, webauthn:extension:largeBlob: true, webauthn:extension:minPinLength: true, webauthn:extension:prf: true, webauthn:virtualAuthenticators: true}
Session ID: 6236174194310986bb29d09267a6824f">
      <![CDATA[org.openqa.selenium.ElementNotInteractableException: element not interactable
  (Session info: MicrosoftEdge=124.0.2478.51)
Build info: version: '3.141.59', revision: 'e82be7d358', time: '2018-11-14T08:17:03'
System info: host: 'CIPLWKT014', ip: '10.4.8.14', os.name: 'Windows 10', os.arch: 'x86', os.version: '10.0', java.version: '1.8.0_351'
Driver info: org.openqa.selenium.edge.EdgeDriver
Capabilities {acceptInsecureCerts: false, browserName: MicrosoftEdge, browserVersion: 124.0.2478.51, fedcm:accounts: true, javascriptEnabled: true, ms:edgeOptions: {debuggerAddress: localhost:64305}, msedge: {msedgedriverVersion: 124.0.2478.51 (e23a9b7d0a14..., userDataDir: C:\Users\nisha.r\AppData\Lo...}, networkConnectionEnabled: false, pageLoadStrategy: normal, platform: WINDOWS, platformName: WINDOWS, proxy: Proxy(), setWindowRect: true, strictFileInteractability: false, timeouts: {implicit: 0, pageLoad: 300000, script: 30000}, unhandledPromptBehavior: dismiss and notify, webauthn:extension:credBlob: true, webauthn:extension:largeBlob: true, webauthn:extension:minPinLength: true, webauthn:extension:prf: true, webauthn:virtualAuthenticators: true}
Session ID: 6236174194310986bb29d09267a6824f
at org.openqa.selenium.remote.http.W3CHttpResponseCodec.createException(W3CHttpResponseCodec.java:187)
at org.openqa.selenium.remote.http.W3CHttpResponseCodec.decode(W3CHttpResponseCodec.java:122)
at org.openqa.selenium.remote.http.W3CHttpResponseCodec.decode(W3CHttpResponseCodec.java:49)
at org.openqa.selenium.remote.HttpCommandExecutor.execute(HttpCommandExecutor.java:158)
at org.openqa.selenium.remote.service.DriverCommandExecutor.execute(DriverCommandExecutor.java:83)
at org.openqa.selenium.remote.RemoteWebDriver.execute(RemoteWebDriver.java:552)
at org.openqa.selenium.remote.RemoteWebElement.execute(RemoteWebElement.java:285)
at org.openqa.selenium.remote.RemoteWebElement.sendKeys(RemoteWebElement.java:106)
at org.openqa.selenium.support.pagefactory.internal.LocatingElementHandler.invoke(LocatingElementHandler.java:51)
at com.sun.proxy.$Proxy25.sendKeys(Unknown Source)
at Pom.Create_DOC.Intimate_INWARD_Workflow_Document_from_User1(Create_DOC.java:2840)
at Script.INWARD_INTERNAL_WORKFLOW.TC_32_Intimate_INWARD_Workflow_Document_from_User1(INWARD_INTERNAL_WORKFLOW.java:376)
... Removed 32 stack frames]]>
    </failure>
  </testcase> <!-- TC_32_Intimate_INWARD_Workflow_Document_from_User1 -->
  <testcase name="TC_33_Intimate_INWARD_Workflow_Document_from_User2" time="104.037" classname="Script.INWARD_INTERNAL_WORKFLOW">
    <failure type="org.openqa.selenium.ElementNotInteractableException" message="element not interactable
  (Session info: MicrosoftEdge=124.0.2478.51)
Build info: version: &amp;apos;3.141.59&amp;apos;, revision: &amp;apos;e82be7d358&amp;apos;, time: &amp;apos;2018-11-14T08:17:03&amp;apos;
System info: host: &amp;apos;CIPLWKT014&amp;apos;, ip: &amp;apos;10.4.8.14&amp;apos;, os.name: &amp;apos;Windows 10&amp;apos;, os.arch: &amp;apos;x86&amp;apos;, os.version: &amp;apos;10.0&amp;apos;, java.version: &amp;apos;1.8.0_351&amp;apos;
Driver info: org.openqa.selenium.edge.EdgeDriver
Capabilities {acceptInsecureCerts: false, browserName: MicrosoftEdge, browserVersion: 124.0.2478.51, fedcm:accounts: true, javascriptEnabled: true, ms:edgeOptions: {debuggerAddress: localhost:64305}, msedge: {msedgedriverVersion: 124.0.2478.51 (e23a9b7d0a14..., userDataDir: C:\Users\nisha.r\AppData\Lo...}, networkConnectionEnabled: false, pageLoadStrategy: normal, platform: WINDOWS, platformName: WINDOWS, proxy: Proxy(), setWindowRect: true, strictFileInteractability: false, timeouts: {implicit: 0, pageLoad: 300000, script: 30000}, unhandledPromptBehavior: dismiss and notify, webauthn:extension:credBlob: true, webauthn:extension:largeBlob: true, webauthn:extension:minPinLength: true, webauthn:extension:prf: true, webauthn:virtualAuthenticators: true}
Session ID: 6236174194310986bb29d09267a6824f">
      <![CDATA[org.openqa.selenium.ElementNotInteractableException: element not interactable
  (Session info: MicrosoftEdge=124.0.2478.51)
Build info: version: '3.141.59', revision: 'e82be7d358', time: '2018-11-14T08:17:03'
System info: host: 'CIPLWKT014', ip: '10.4.8.14', os.name: 'Windows 10', os.arch: 'x86', os.version: '10.0', java.version: '1.8.0_351'
Driver info: org.openqa.selenium.edge.EdgeDriver
Capabilities {acceptInsecureCerts: false, browserName: MicrosoftEdge, browserVersion: 124.0.2478.51, fedcm:accounts: true, javascriptEnabled: true, ms:edgeOptions: {debuggerAddress: localhost:64305}, msedge: {msedgedriverVersion: 124.0.2478.51 (e23a9b7d0a14..., userDataDir: C:\Users\nisha.r\AppData\Lo...}, networkConnectionEnabled: false, pageLoadStrategy: normal, platform: WINDOWS, platformName: WINDOWS, proxy: Proxy(), setWindowRect: true, strictFileInteractability: false, timeouts: {implicit: 0, pageLoad: 300000, script: 30000}, unhandledPromptBehavior: dismiss and notify, webauthn:extension:credBlob: true, webauthn:extension:largeBlob: true, webauthn:extension:minPinLength: true, webauthn:extension:prf: true, webauthn:virtualAuthenticators: true}
Session ID: 6236174194310986bb29d09267a6824f
at org.openqa.selenium.remote.http.W3CHttpResponseCodec.createException(W3CHttpResponseCodec.java:187)
at org.openqa.selenium.remote.http.W3CHttpResponseCodec.decode(W3CHttpResponseCodec.java:122)
at org.openqa.selenium.remote.http.W3CHttpResponseCodec.decode(W3CHttpResponseCodec.java:49)
at org.openqa.selenium.remote.HttpCommandExecutor.execute(HttpCommandExecutor.java:158)
at org.openqa.selenium.remote.service.DriverCommandExecutor.execute(DriverCommandExecutor.java:83)
at org.openqa.selenium.remote.RemoteWebDriver.execute(RemoteWebDriver.java:552)
at org.openqa.selenium.remote.RemoteWebElement.execute(RemoteWebElement.java:285)
at org.openqa.selenium.remote.RemoteWebElement.sendKeys(RemoteWebElement.java:106)
at org.openqa.selenium.support.pagefactory.internal.LocatingElementHandler.invoke(LocatingElementHandler.java:51)
at com.sun.proxy.$Proxy25.sendKeys(Unknown Source)
at Pom.Create_DOC.Intimate_INWARD_Workflow_Document_from_User2(Create_DOC.java:2889)
at Script.INWARD_INTERNAL_WORKFLOW.TC_33_Intimate_INWARD_Workflow_Document_from_User2(INWARD_INTERNAL_WORKFLOW.java:385)
... Removed 32 stack frames]]>
    </failure>
  </testcase> <!-- TC_33_Intimate_INWARD_Workflow_Document_from_User2 -->
  <testcase name="TC_34_Intimate_End_INWARD_Workflow_Document_from_User3" time="95.265" classname="Script.INWARD_INTERNAL_WORKFLOW"/>
</testsuite> <!-- Test8 -->
