<?xml version="1.0" encoding="UTF-8"?>
<!-- Generated by org.testng.reporters.JUnitXMLReporter -->
<testsuite hostname="CIPLWKT014" ignored="0" name="Test4" tests="38" failures="0" timestamp="25 Apr 2024 16:32:13 GMT" time="22.096" errors="0">
  <testcase name="@BeforeClass ladBrowser" time="21.659" classname="Script.ApproveForwardAndRework">
    <failure type="org.openqa.selenium.WebDriverException" message="Timed out waiting for driver server to start.
Build info: version: &amp;apos;3.141.59&amp;apos;, revision: &amp;apos;e82be7d358&amp;apos;, time: &amp;apos;2018-11-14T08:17:03&amp;apos;
System info: host: &amp;apos;CIPLWKT014&amp;apos;, ip: &amp;apos;10.4.8.14&amp;apos;, os.name: &amp;apos;Windows 10&amp;apos;, os.arch: &amp;apos;x86&amp;apos;, os.version: &amp;apos;10.0&amp;apos;, java.version: &amp;apos;1.8.0_351&amp;apos;
Driver info: driver.version: ChromeDriver">
      <![CDATA[org.openqa.selenium.WebDriverException: Timed out waiting for driver server to start.
Build info: version: '3.141.59', revision: 'e82be7d358', time: '2018-11-14T08:17:03'
System info: host: 'CIPLWKT014', ip: '10.4.8.14', os.name: 'Windows 10', os.arch: 'x86', os.version: '10.0', java.version: '1.8.0_351'
Driver info: driver.version: ChromeDriver
at org.openqa.selenium.remote.service.DriverService.waitUntilAvailable(DriverService.java:202)
at org.openqa.selenium.remote.service.DriverService.start(DriverService.java:188)
at org.openqa.selenium.remote.service.DriverCommandExecutor.execute(DriverCommandExecutor.java:79)
at org.openqa.selenium.remote.RemoteWebDriver.execute(RemoteWebDriver.java:552)
at org.openqa.selenium.remote.RemoteWebDriver.startSession(RemoteWebDriver.java:213)
at org.openqa.selenium.remote.RemoteWebDriver.<init>(RemoteWebDriver.java:131)
at org.openqa.selenium.chrome.ChromeDriver.<init>(ChromeDriver.java:181)
at org.openqa.selenium.chrome.ChromeDriver.<init>(ChromeDriver.java:168)
at org.openqa.selenium.chrome.ChromeDriver.<init>(ChromeDriver.java:123)
at Generic.BaseClass.loadBrowser(BaseClass.java:62)
at Script.ApproveForwardAndRework.ladBrowser(ApproveForwardAndRework.java:17)
Caused by: org.openqa.selenium.net.UrlChecker$TimeoutException: Timed out waiting for [http://localhost:43165/status] to be available after 20015 ms
at org.openqa.selenium.net.UrlChecker.waitUntilAvailable(UrlChecker.java:100)
at org.openqa.selenium.remote.service.DriverService.waitUntilAvailable(DriverService.java:197)
... 37 more
Caused by: java.util.concurrent.TimeoutException
at java.util.concurrent.FutureTask.get(Unknown Source)
at com.google.common.util.concurrent.SimpleTimeLimiter.callWithTimeout(SimpleTimeLimiter.java:156)
at org.openqa.selenium.net.UrlChecker.waitUntilAvailable(UrlChecker.java:75)
... 38 more
... Removed 27 stack frames]]>
    </failure>
  </testcase> <!-- @BeforeClass ladBrowser -->
  <testcase name="Tc01_LoginSIDBI" time="0.0" classname="Script.ApproveForwardAndRework">
    <skipped/>
  </testcase> <!-- Tc01_LoginSIDBI -->
  <testcase name="Tc02_CreateOfficeNoteDynamicWF" time="0.0" classname="Script.ApproveForwardAndRework">
    <skipped/>
  </testcase> <!-- Tc02_CreateOfficeNoteDynamicWF -->
  <testcase name="Tc03_EnterOTPDialog" time="0.0" classname="Script.ApproveForwardAndRework">
    <skipped/>
  </testcase> <!-- Tc03_EnterOTPDialog -->
  <testcase name="Tc04_SendToWorkflowDialog" time="0.0" classname="Script.ApproveForwardAndRework">
    <skipped/>
  </testcase> <!-- Tc04_SendToWorkflowDialog -->
  <testcase name="Tc05_Originator_Logout" time="0.0" classname="Script.ApproveForwardAndRework">
    <skipped/>
  </testcase> <!-- Tc05_Originator_Logout -->
  <testcase name="Tc06_Task_User1_Login" time="0.0" classname="Script.ApproveForwardAndRework">
    <skipped/>
  </testcase> <!-- Tc06_Task_User1_Login -->
  <testcase name="Tc07_User1_ApproveAndForward_Wf" time="0.0" classname="Script.ApproveForwardAndRework">
    <skipped/>
  </testcase> <!-- Tc07_User1_ApproveAndForward_Wf -->
  <testcase name="Tc08_User_1_OTP_Validation" time="0.0" classname="Script.ApproveForwardAndRework">
    <skipped/>
  </testcase> <!-- Tc08_User_1_OTP_Validation -->
  <testcase name="Tc09_User_1_EnterCommentAndSendDocumentToNextUser" time="0.0" classname="Script.ApproveForwardAndRework">
    <skipped/>
  </testcase> <!-- Tc09_User_1_EnterCommentAndSendDocumentToNextUser -->
  <testcase name="Tc10_TaskUser_1_LogouthePage" time="0.0" classname="Script.ApproveForwardAndRework">
    <skipped/>
  </testcase> <!-- Tc10_TaskUser_1_LogouthePage -->
  <testcase name="Tc11_Task_User2_Login" time="0.0" classname="Script.ApproveForwardAndRework">
    <skipped/>
  </testcase> <!-- Tc11_Task_User2_Login -->
  <testcase name="Tc12_User2_ApproveAndForward_Wf" time="0.0" classname="Script.ApproveForwardAndRework">
    <skipped/>
  </testcase> <!-- Tc12_User2_ApproveAndForward_Wf -->
  <testcase name="Tc13_User_2_OTP_Validation" time="0.0" classname="Script.ApproveForwardAndRework">
    <skipped/>
  </testcase> <!-- Tc13_User_2_OTP_Validation -->
  <testcase name="Tc14_User_2_EnterCommentAndSendDocumentToNextUser" time="0.0" classname="Script.ApproveForwardAndRework">
    <skipped/>
  </testcase> <!-- Tc14_User_2_EnterCommentAndSendDocumentToNextUser -->
  <testcase name="Tc15_TaskUser_2_LogouthePage" time="0.0" classname="Script.ApproveForwardAndRework">
    <skipped/>
  </testcase> <!-- Tc15_TaskUser_2_LogouthePage -->
  <testcase name="Tc16_Task_User3_Login" time="0.0" classname="Script.ApproveForwardAndRework">
    <skipped/>
  </testcase> <!-- Tc16_Task_User3_Login -->
  <testcase name="Tc17_User3_ApproveAndForward_Wf" time="0.0" classname="Script.ApproveForwardAndRework">
    <skipped/>
  </testcase> <!-- Tc17_User3_ApproveAndForward_Wf -->
  <testcase name="Tc18_User_3_OTP_Validation" time="0.0" classname="Script.ApproveForwardAndRework">
    <skipped/>
  </testcase> <!-- Tc18_User_3_OTP_Validation -->
  <testcase name="Tc19_User_3_EnterCommentAndSendDocumentToNextUser" time="0.0" classname="Script.ApproveForwardAndRework">
    <skipped/>
  </testcase> <!-- Tc19_User_3_EnterCommentAndSendDocumentToNextUser -->
  <testcase name="Tc20_TaskUser_3_LogouthePage" time="0.0" classname="Script.ApproveForwardAndRework">
    <skipped/>
  </testcase> <!-- Tc20_TaskUser_3_LogouthePage -->
  <testcase name="Tc21_Task_User4_Login" time="0.0" classname="Script.ApproveForwardAndRework">
    <skipped/>
  </testcase> <!-- Tc21_Task_User4_Login -->
  <testcase name="Tc22_User4_ReworkDocument" time="0.0" classname="Script.ApproveForwardAndRework">
    <skipped/>
  </testcase> <!-- Tc22_User4_ReworkDocument -->
  <testcase name="Tc23_User_4_OTP_Validation" time="0.0" classname="Script.ApproveForwardAndRework">
    <skipped/>
  </testcase> <!-- Tc23_User_4_OTP_Validation -->
  <testcase name="Tc24_User_4_EnterCommentAndSendDocumentToNextUser" time="0.0" classname="Script.ApproveForwardAndRework">
    <skipped/>
  </testcase> <!-- Tc24_User_4_EnterCommentAndSendDocumentToNextUser -->
  <testcase name="Tc25_TaskUser_4_LogouthePage" time="0.0" classname="Script.ApproveForwardAndRework">
    <skipped/>
  </testcase> <!-- Tc25_TaskUser_4_LogouthePage -->
  <testcase name="Tc26_User3_Rework" time="0.0" classname="Script.ApproveForwardAndRework">
    <skipped/>
  </testcase> <!-- Tc26_User3_Rework -->
  <testcase name="Tc27_User_3_OTP_Validation" time="0.0" classname="Script.ApproveForwardAndRework">
    <skipped/>
  </testcase> <!-- Tc27_User_3_OTP_Validation -->
  <testcase name="Tc28_User_3_EnterCommentAndSendDocumentToPreviousUserForRework" time="0.0" classname="Script.ApproveForwardAndRework">
    <skipped/>
  </testcase> <!-- Tc28_User_3_EnterCommentAndSendDocumentToPreviousUserForRework -->
  <testcase name="Tc29_TaskUser_3_LogouthePage" time="0.0" classname="Script.ApproveForwardAndRework">
    <skipped/>
  </testcase> <!-- Tc29_TaskUser_3_LogouthePage -->
  <testcase name="Tc30_Task2_User_Login" time="0.0" classname="Script.ApproveForwardAndRework">
    <skipped/>
  </testcase> <!-- Tc30_Task2_User_Login -->
  <testcase name="Tc31_User2_ReworkTheDocument" time="0.0" classname="Script.ApproveForwardAndRework">
    <skipped/>
  </testcase> <!-- Tc31_User2_ReworkTheDocument -->
  <testcase name="Tc32_User_2_OTP_Validation" time="0.0" classname="Script.ApproveForwardAndRework">
    <skipped/>
  </testcase> <!-- Tc32_User_2_OTP_Validation -->
  <testcase name="Tc33_User_2_EnterCommentAndSendDocumentToPreviousUserForRework" time="0.0" classname="Script.ApproveForwardAndRework">
    <skipped/>
  </testcase> <!-- Tc33_User_2_EnterCommentAndSendDocumentToPreviousUserForRework -->
  <testcase name="Tc34_TaskUser_2_LogouthePage" time="0.0" classname="Script.ApproveForwardAndRework">
    <skipped/>
  </testcase> <!-- Tc34_TaskUser_2_LogouthePage -->
  <testcase name="Tc35_Task_User_1Login" time="0.0" classname="Script.ApproveForwardAndRework">
    <skipped/>
  </testcase> <!-- Tc35_Task_User_1Login -->
  <testcase name="Tc36_User1_ReworkTheDocument" time="0.0" classname="Script.ApproveForwardAndRework">
    <skipped/>
  </testcase> <!-- Tc36_User1_ReworkTheDocument -->
  <testcase name="Tc37_User_1_OTP_Validation" time="0.0" classname="Script.ApproveForwardAndRework">
    <skipped/>
  </testcase> <!-- Tc37_User_1_OTP_Validation -->
  <testcase name="Tc38_User_1_EnterCommentNotifyOriginator" time="0.0" classname="Script.ApproveForwardAndRework">
    <skipped/>
  </testcase> <!-- Tc38_User_1_EnterCommentNotifyOriginator -->
</testsuite> <!-- Test4 -->
