<?xml version="1.0" encoding="UTF-8"?>
<!-- Generated by org.testng.reporters.JUnitReportReporter -->
<testsuite skipped="34" hostname="CIPLWKT014" name="Script.INWARD_EXTERNAL_WORKFLOW" tests="116" failures="0" timestamp="25 Apr 2024 21:09:02 GMT" time="15092.018" errors="11">
  <testcase name="Login_EWA" time="25.547" classname="Script.INWARD_EXTERNAL_WORKFLOW"/>
  <testcase name="Login_EWA" time="22.462" classname="Script.INWARD_EXTERNAL_WORKFLOW"/>
  <testcase name="TC_01_Create_INWARD_Document_and_sendTo_Inward_Workflow" time="72.450" classname="Script.INWARD_EXTERNAL_WORKFLOW">
    <skipped/>
  </testcase> <!-- TC_01_Create_INWARD_Document_and_sendTo_Inward_Workflow -->
  <testcase name="TC_01_Create_INWARD_Document_and_sendTo_Inward_Workflow" time="132.766" classname="Script.INWARD_EXTERNAL_WORKFLOW">
    <skipped/>
  </testcase> <!-- TC_01_Create_INWARD_Document_and_sendTo_Inward_Workflow -->
  <testcase name="TC_01_Create_INWARD_Document_and_sendTo_Inward_Workflow" time="75.587" classname="Script.INWARD_EXTERNAL_WORKFLOW">
    <skipped/>
  </testcase> <!-- TC_01_Create_INWARD_Document_and_sendTo_Inward_Workflow -->
  <testcase name="TC_01_Create_INWARD_Document_and_sendTo_Inward_Workflow" time="65.739" classname="Script.INWARD_EXTERNAL_WORKFLOW">
    <error type="org.openqa.selenium.JavascriptException" message="javascript error: {&quot;status&quot;:60,&quot;value&quot;:&quot;http://10.4.10.72:8080/CVWeb/cvLgn# has no size and location&quot;}
  (Session info: MicrosoftEdge=124.0.2478.51)
Build info: version: &#039;3.141.59&#039;, revision: &#039;e82be7d358&#039;, time: &#039;2018-11-14T08:17:03&#039;
System info: host: &#039;CIPLWKT014&#039;, ip: &#039;10.4.8.14&#039;, os.name: &#039;Windows 10&#039;, os.arch: &#039;x86&#039;, os.version: &#039;10.0&#039;, java.version: &#039;1.8.0_351&#039;
Driver info: org.openqa.selenium.edge.EdgeDriver
Capabilities {acceptInsecureCerts: false, browserName: MicrosoftEdge, browserVersion: 124.0.2478.51, fedcm:accounts: true, javascriptEnabled: true, ms:edgeOptions: {debuggerAddress: localhost:60195}, msedge: {msedgedriverVersion: 124.0.2478.51 (e23a9b7d0a14..., userDataDir: C:\Users\nisha.r\AppData\Lo...}, networkConnectionEnabled: false, pageLoadStrategy: normal, platform: WINDOWS, platformName: WINDOWS, proxy: Proxy(), setWindowRect: true, strictFileInteractability: false, timeouts: {implicit: 0, pageLoad: 300000, script: 30000}, unhandledPromptBehavior: dismiss and notify, webauthn:extension:credBlob: true, webauthn:extension:largeBlob: true, webauthn:extension:minPinLength: true, webauthn:extension:prf: true, webauthn:virtualAuthenticators: true}
Session ID: e553cdb7d660f41d660b1e4e766fab55">
      <![CDATA[org.openqa.selenium.JavascriptException: javascript error: {"status":60,"value":"http://10.4.10.72:8080/CVWeb/cvLgn# has no size and location"}
  (Session info: MicrosoftEdge=124.0.2478.51)
Build info: version: '3.141.59', revision: 'e82be7d358', time: '2018-11-14T08:17:03'
System info: host: 'CIPLWKT014', ip: '10.4.8.14', os.name: 'Windows 10', os.arch: 'x86', os.version: '10.0', java.version: '1.8.0_351'
Driver info: org.openqa.selenium.edge.EdgeDriver
Capabilities {acceptInsecureCerts: false, browserName: MicrosoftEdge, browserVersion: 124.0.2478.51, fedcm:accounts: true, javascriptEnabled: true, ms:edgeOptions: {debuggerAddress: localhost:60195}, msedge: {msedgedriverVersion: 124.0.2478.51 (e23a9b7d0a14..., userDataDir: C:\Users\nisha.r\AppData\Lo...}, networkConnectionEnabled: false, pageLoadStrategy: normal, platform: WINDOWS, platformName: WINDOWS, proxy: Proxy(), setWindowRect: true, strictFileInteractability: false, timeouts: {implicit: 0, pageLoad: 300000, script: 30000}, unhandledPromptBehavior: dismiss and notify, webauthn:extension:credBlob: true, webauthn:extension:largeBlob: true, webauthn:extension:minPinLength: true, webauthn:extension:prf: true, webauthn:virtualAuthenticators: true}
Session ID: e553cdb7d660f41d660b1e4e766fab55
at sun.reflect.NativeConstructorAccessorImpl.newInstance0(Native Method)
at sun.reflect.NativeConstructorAccessorImpl.newInstance(Unknown Source)
at sun.reflect.DelegatingConstructorAccessorImpl.newInstance(Unknown Source)
at java.lang.reflect.Constructor.newInstance(Unknown Source)
at org.openqa.selenium.remote.http.W3CHttpResponseCodec.createException(W3CHttpResponseCodec.java:187)
at org.openqa.selenium.remote.http.W3CHttpResponseCodec.decode(W3CHttpResponseCodec.java:122)
at org.openqa.selenium.remote.http.W3CHttpResponseCodec.decode(W3CHttpResponseCodec.java:49)
at org.openqa.selenium.remote.HttpCommandExecutor.execute(HttpCommandExecutor.java:158)
at org.openqa.selenium.remote.service.DriverCommandExecutor.execute(DriverCommandExecutor.java:83)
at org.openqa.selenium.remote.RemoteWebDriver.execute(RemoteWebDriver.java:552)
at org.openqa.selenium.remote.RemoteWebDriver.perform(RemoteWebDriver.java:618)
at org.openqa.selenium.interactions.Actions$BuiltAction.perform(Actions.java:639)
at org.openqa.selenium.interactions.Actions.perform(Actions.java:595)
at Generic.BaseClass.selectElement(BaseClass.java:424)
at Pom.Create_DOC.Create_INWARD_Document_and_sendTo_Inward_Workflow(Create_DOC.java:672)
at Script.INWARD_EXTERNAL_WORKFLOW.TC_01_Create_INWARD_Document_and_sendTo_Inward_Workflow(INWARD_EXTERNAL_WORKFLOW.java:34)
at sun.reflect.NativeMethodAccessorImpl.invoke0(Native Method)
at sun.reflect.NativeMethodAccessorImpl.invoke(Unknown Source)
at sun.reflect.DelegatingMethodAccessorImpl.invoke(Unknown Source)
at java.lang.reflect.Method.invoke(Unknown Source)
at org.testng.internal.MethodInvocationHelper.invokeMethod(MethodInvocationHelper.java:124)
at org.testng.internal.Invoker.invokeMethod(Invoker.java:583)
at org.testng.internal.Invoker.retryFailed(Invoker.java:839)
at org.testng.internal.Invoker.invokeTestMethods(Invoker.java:1010)
at org.testng.internal.TestMethodWorker.invokeTestMethods(TestMethodWorker.java:125)
at org.testng.internal.TestMethodWorker.run(TestMethodWorker.java:109)
at org.testng.TestRunner.privateRun(TestRunner.java:648)
at org.testng.TestRunner.run(TestRunner.java:505)
at org.testng.SuiteRunner.runTest(SuiteRunner.java:455)
at org.testng.SuiteRunner.runSequentially(SuiteRunner.java:450)
at org.testng.SuiteRunner.privateRun(SuiteRunner.java:415)
at org.testng.SuiteRunner.run(SuiteRunner.java:364)
at org.testng.SuiteRunnerWorker.runSuite(SuiteRunnerWorker.java:52)
at org.testng.SuiteRunnerWorker.run(SuiteRunnerWorker.java:84)
at org.testng.TestNG.runSuitesSequentially(TestNG.java:1208)
at org.testng.TestNG.runSuitesSequentially(TestNG.java:1204)
at org.testng.TestNG.runSuitesLocally(TestNG.java:1137)
at org.testng.TestNG.runSuites(TestNG.java:1049)
at org.testng.TestNG.run(TestNG.java:1017)
at org.testng.remote.AbstractRemoteTestNG.run(AbstractRemoteTestNG.java:114)
at org.testng.remote.RemoteTestNG.initAndRun(RemoteTestNG.java:251)
at org.testng.remote.RemoteTestNG.main(RemoteTestNG.java:77)
]]>
    </error>
  </testcase> <!-- TC_01_Create_INWARD_Document_and_sendTo_Inward_Workflow -->
  <testcase name="TC_01_Create_INWARD_Document_and_sendTo_Inward_Workflow" time="833.123" classname="Script.INWARD_EXTERNAL_WORKFLOW"/>
  <testcase name="TC_02_Accept_and_Forward_INWARD_Workflow_Document_from_User1" time="162.311" classname="Script.INWARD_EXTERNAL_WORKFLOW"/>
  <testcase name="TC_02_Accept_and_Forward_INWARD_Workflow_Document_from_User1" time="162.237" classname="Script.INWARD_EXTERNAL_WORKFLOW">
    <error type="org.openqa.selenium.ElementNotInteractableException" message="element not interactable
  (Session info: MicrosoftEdge=124.0.2478.51)
Build info: version: &#039;3.141.59&#039;, revision: &#039;e82be7d358&#039;, time: &#039;2018-11-14T08:17:03&#039;
System info: host: &#039;CIPLWKT014&#039;, ip: &#039;10.4.8.14&#039;, os.name: &#039;Windows 10&#039;, os.arch: &#039;x86&#039;, os.version: &#039;10.0&#039;, java.version: &#039;1.8.0_351&#039;
Driver info: org.openqa.selenium.edge.EdgeDriver
Capabilities {acceptInsecureCerts: false, browserName: MicrosoftEdge, browserVersion: 124.0.2478.51, fedcm:accounts: true, javascriptEnabled: true, ms:edgeOptions: {debuggerAddress: localhost:60195}, msedge: {msedgedriverVersion: 124.0.2478.51 (e23a9b7d0a14..., userDataDir: C:\Users\nisha.r\AppData\Lo...}, networkConnectionEnabled: false, pageLoadStrategy: normal, platform: WINDOWS, platformName: WINDOWS, proxy: Proxy(), setWindowRect: true, strictFileInteractability: false, timeouts: {implicit: 0, pageLoad: 300000, script: 30000}, unhandledPromptBehavior: dismiss and notify, webauthn:extension:credBlob: true, webauthn:extension:largeBlob: true, webauthn:extension:minPinLength: true, webauthn:extension:prf: true, webauthn:virtualAuthenticators: true}
Session ID: e553cdb7d660f41d660b1e4e766fab55">
      <![CDATA[org.openqa.selenium.ElementNotInteractableException: element not interactable
  (Session info: MicrosoftEdge=124.0.2478.51)
Build info: version: '3.141.59', revision: 'e82be7d358', time: '2018-11-14T08:17:03'
System info: host: 'CIPLWKT014', ip: '10.4.8.14', os.name: 'Windows 10', os.arch: 'x86', os.version: '10.0', java.version: '1.8.0_351'
Driver info: org.openqa.selenium.edge.EdgeDriver
Capabilities {acceptInsecureCerts: false, browserName: MicrosoftEdge, browserVersion: 124.0.2478.51, fedcm:accounts: true, javascriptEnabled: true, ms:edgeOptions: {debuggerAddress: localhost:60195}, msedge: {msedgedriverVersion: 124.0.2478.51 (e23a9b7d0a14..., userDataDir: C:\Users\nisha.r\AppData\Lo...}, networkConnectionEnabled: false, pageLoadStrategy: normal, platform: WINDOWS, platformName: WINDOWS, proxy: Proxy(), setWindowRect: true, strictFileInteractability: false, timeouts: {implicit: 0, pageLoad: 300000, script: 30000}, unhandledPromptBehavior: dismiss and notify, webauthn:extension:credBlob: true, webauthn:extension:largeBlob: true, webauthn:extension:minPinLength: true, webauthn:extension:prf: true, webauthn:virtualAuthenticators: true}
Session ID: e553cdb7d660f41d660b1e4e766fab55
at sun.reflect.NativeConstructorAccessorImpl.newInstance0(Native Method)
at sun.reflect.NativeConstructorAccessorImpl.newInstance(Unknown Source)
at sun.reflect.DelegatingConstructorAccessorImpl.newInstance(Unknown Source)
at java.lang.reflect.Constructor.newInstance(Unknown Source)
at org.openqa.selenium.remote.http.W3CHttpResponseCodec.createException(W3CHttpResponseCodec.java:187)
at org.openqa.selenium.remote.http.W3CHttpResponseCodec.decode(W3CHttpResponseCodec.java:122)
at org.openqa.selenium.remote.http.W3CHttpResponseCodec.decode(W3CHttpResponseCodec.java:49)
at org.openqa.selenium.remote.HttpCommandExecutor.execute(HttpCommandExecutor.java:158)
at org.openqa.selenium.remote.service.DriverCommandExecutor.execute(DriverCommandExecutor.java:83)
at org.openqa.selenium.remote.RemoteWebDriver.execute(RemoteWebDriver.java:552)
at org.openqa.selenium.remote.RemoteWebElement.execute(RemoteWebElement.java:285)
at org.openqa.selenium.remote.RemoteWebElement.sendKeys(RemoteWebElement.java:106)
at sun.reflect.GeneratedMethodAccessor3.invoke(Unknown Source)
at sun.reflect.DelegatingMethodAccessorImpl.invoke(Unknown Source)
at java.lang.reflect.Method.invoke(Unknown Source)
at org.openqa.selenium.support.pagefactory.internal.LocatingElementHandler.invoke(LocatingElementHandler.java:51)
at com.sun.proxy.$Proxy25.sendKeys(Unknown Source)
at Pom.Create_DOC.Accept_and_Forward_INWARD_Workflow_Document_from_User1(Create_DOC.java:1582)
at Script.INWARD_EXTERNAL_WORKFLOW.TC_02_Accept_and_Forward_INWARD_Workflow_Document_from_User1(INWARD_EXTERNAL_WORKFLOW.java:45)
at sun.reflect.NativeMethodAccessorImpl.invoke0(Native Method)
at sun.reflect.NativeMethodAccessorImpl.invoke(Unknown Source)
at sun.reflect.DelegatingMethodAccessorImpl.invoke(Unknown Source)
at java.lang.reflect.Method.invoke(Unknown Source)
at org.testng.internal.MethodInvocationHelper.invokeMethod(MethodInvocationHelper.java:124)
at org.testng.internal.Invoker.invokeMethod(Invoker.java:583)
at org.testng.internal.Invoker.retryFailed(Invoker.java:839)
at org.testng.internal.Invoker.invokeTestMethods(Invoker.java:1010)
at org.testng.internal.TestMethodWorker.invokeTestMethods(TestMethodWorker.java:125)
at org.testng.internal.TestMethodWorker.run(TestMethodWorker.java:109)
at org.testng.TestRunner.privateRun(TestRunner.java:648)
at org.testng.TestRunner.run(TestRunner.java:505)
at org.testng.SuiteRunner.runTest(SuiteRunner.java:455)
at org.testng.SuiteRunner.runSequentially(SuiteRunner.java:450)
at org.testng.SuiteRunner.privateRun(SuiteRunner.java:415)
at org.testng.SuiteRunner.run(SuiteRunner.java:364)
at org.testng.SuiteRunnerWorker.runSuite(SuiteRunnerWorker.java:52)
at org.testng.SuiteRunnerWorker.run(SuiteRunnerWorker.java:84)
at org.testng.TestNG.runSuitesSequentially(TestNG.java:1208)
at org.testng.TestNG.runSuitesSequentially(TestNG.java:1204)
at org.testng.TestNG.runSuitesLocally(TestNG.java:1137)
at org.testng.TestNG.runSuites(TestNG.java:1049)
at org.testng.TestNG.run(TestNG.java:1017)
at org.testng.remote.AbstractRemoteTestNG.run(AbstractRemoteTestNG.java:114)
at org.testng.remote.RemoteTestNG.initAndRun(RemoteTestNG.java:251)
at org.testng.remote.RemoteTestNG.main(RemoteTestNG.java:77)
]]>
    </error>
  </testcase> <!-- TC_02_Accept_and_Forward_INWARD_Workflow_Document_from_User1 -->
  <testcase name="TC_02_Accept_and_Forward_INWARD_Workflow_Document_from_User1" time="149.328" classname="Script.INWARD_EXTERNAL_WORKFLOW">
    <skipped/>
  </testcase> <!-- TC_02_Accept_and_Forward_INWARD_Workflow_Document_from_User1 -->
  <testcase name="TC_02_Accept_and_Forward_INWARD_Workflow_Document_from_User1" time="172.443" classname="Script.INWARD_EXTERNAL_WORKFLOW">
    <skipped/>
  </testcase> <!-- TC_02_Accept_and_Forward_INWARD_Workflow_Document_from_User1 -->
  <testcase name="TC_02_Accept_and_Forward_INWARD_Workflow_Document_from_User1" time="170.904" classname="Script.INWARD_EXTERNAL_WORKFLOW">
    <skipped/>
  </testcase> <!-- TC_02_Accept_and_Forward_INWARD_Workflow_Document_from_User1 -->
  <testcase name="TC_03_Accept_and_Forward_INWARD_Workflow_Document_from_User2" time="157.204" classname="Script.INWARD_EXTERNAL_WORKFLOW"/>
  <testcase name="TC_03_Accept_and_Forward_INWARD_Workflow_Document_from_User2" time="169.407" classname="Script.INWARD_EXTERNAL_WORKFLOW"/>
  <testcase name="TC_04_Accept_and_Forward_INWARD_Workflow_Document_from_User3" time="166.369" classname="Script.INWARD_EXTERNAL_WORKFLOW"/>
  <testcase name="TC_04_Accept_and_Forward_INWARD_Workflow_Document_from_User3" time="165.949" classname="Script.INWARD_EXTERNAL_WORKFLOW"/>
  <testcase name="TC_05_Accept_and_Forward_INWARD_Workflow_Document_from_User4" time="150.007" classname="Script.INWARD_EXTERNAL_WORKFLOW"/>
  <testcase name="TC_05_Accept_and_Forward_INWARD_Workflow_Document_from_User4" time="166.236" classname="Script.INWARD_EXTERNAL_WORKFLOW"/>
  <testcase name="TC_06_Accept_and_Forward_INWARD_Workflow_Document_from_User5" time="159.508" classname="Script.INWARD_EXTERNAL_WORKFLOW"/>
  <testcase name="TC_06_Accept_and_Forward_INWARD_Workflow_Document_from_User5" time="162.334" classname="Script.INWARD_EXTERNAL_WORKFLOW"/>
  <testcase name="TC_07_Accept_and_Forward_INWARD_Workflow_Document_from_User6" time="93.049" classname="Script.INWARD_EXTERNAL_WORKFLOW">
    <error type="org.openqa.selenium.ElementNotInteractableException" message="element not interactable
  (Session info: MicrosoftEdge=124.0.2478.51)
Build info: version: &#039;3.141.59&#039;, revision: &#039;e82be7d358&#039;, time: &#039;2018-11-14T08:17:03&#039;
System info: host: &#039;CIPLWKT014&#039;, ip: &#039;10.4.8.14&#039;, os.name: &#039;Windows 10&#039;, os.arch: &#039;x86&#039;, os.version: &#039;10.0&#039;, java.version: &#039;1.8.0_351&#039;
Driver info: org.openqa.selenium.edge.EdgeDriver
Capabilities {acceptInsecureCerts: false, browserName: MicrosoftEdge, browserVersion: 124.0.2478.51, fedcm:accounts: true, javascriptEnabled: true, ms:edgeOptions: {debuggerAddress: localhost:60195}, msedge: {msedgedriverVersion: 124.0.2478.51 (e23a9b7d0a14..., userDataDir: C:\Users\nisha.r\AppData\Lo...}, networkConnectionEnabled: false, pageLoadStrategy: normal, platform: WINDOWS, platformName: WINDOWS, proxy: Proxy(), setWindowRect: true, strictFileInteractability: false, timeouts: {implicit: 0, pageLoad: 300000, script: 30000}, unhandledPromptBehavior: dismiss and notify, webauthn:extension:credBlob: true, webauthn:extension:largeBlob: true, webauthn:extension:minPinLength: true, webauthn:extension:prf: true, webauthn:virtualAuthenticators: true}
Session ID: e553cdb7d660f41d660b1e4e766fab55">
      <![CDATA[org.openqa.selenium.ElementNotInteractableException: element not interactable
  (Session info: MicrosoftEdge=124.0.2478.51)
Build info: version: '3.141.59', revision: 'e82be7d358', time: '2018-11-14T08:17:03'
System info: host: 'CIPLWKT014', ip: '10.4.8.14', os.name: 'Windows 10', os.arch: 'x86', os.version: '10.0', java.version: '1.8.0_351'
Driver info: org.openqa.selenium.edge.EdgeDriver
Capabilities {acceptInsecureCerts: false, browserName: MicrosoftEdge, browserVersion: 124.0.2478.51, fedcm:accounts: true, javascriptEnabled: true, ms:edgeOptions: {debuggerAddress: localhost:60195}, msedge: {msedgedriverVersion: 124.0.2478.51 (e23a9b7d0a14..., userDataDir: C:\Users\nisha.r\AppData\Lo...}, networkConnectionEnabled: false, pageLoadStrategy: normal, platform: WINDOWS, platformName: WINDOWS, proxy: Proxy(), setWindowRect: true, strictFileInteractability: false, timeouts: {implicit: 0, pageLoad: 300000, script: 30000}, unhandledPromptBehavior: dismiss and notify, webauthn:extension:credBlob: true, webauthn:extension:largeBlob: true, webauthn:extension:minPinLength: true, webauthn:extension:prf: true, webauthn:virtualAuthenticators: true}
Session ID: e553cdb7d660f41d660b1e4e766fab55
at sun.reflect.NativeConstructorAccessorImpl.newInstance0(Native Method)
at sun.reflect.NativeConstructorAccessorImpl.newInstance(Unknown Source)
at sun.reflect.DelegatingConstructorAccessorImpl.newInstance(Unknown Source)
at java.lang.reflect.Constructor.newInstance(Unknown Source)
at org.openqa.selenium.remote.http.W3CHttpResponseCodec.createException(W3CHttpResponseCodec.java:187)
at org.openqa.selenium.remote.http.W3CHttpResponseCodec.decode(W3CHttpResponseCodec.java:122)
at org.openqa.selenium.remote.http.W3CHttpResponseCodec.decode(W3CHttpResponseCodec.java:49)
at org.openqa.selenium.remote.HttpCommandExecutor.execute(HttpCommandExecutor.java:158)
at org.openqa.selenium.remote.service.DriverCommandExecutor.execute(DriverCommandExecutor.java:83)
at org.openqa.selenium.remote.RemoteWebDriver.execute(RemoteWebDriver.java:552)
at org.openqa.selenium.remote.RemoteWebElement.execute(RemoteWebElement.java:285)
at org.openqa.selenium.remote.RemoteWebElement.sendKeys(RemoteWebElement.java:106)
at sun.reflect.GeneratedMethodAccessor3.invoke(Unknown Source)
at sun.reflect.DelegatingMethodAccessorImpl.invoke(Unknown Source)
at java.lang.reflect.Method.invoke(Unknown Source)
at org.openqa.selenium.support.pagefactory.internal.LocatingElementHandler.invoke(LocatingElementHandler.java:51)
at com.sun.proxy.$Proxy25.sendKeys(Unknown Source)
at Pom.Create_DOC.Accept_and_Forward_INWARD_Workflow_Document_from_User6(Create_DOC.java:1887)
at Script.INWARD_EXTERNAL_WORKFLOW.TC_07_Accept_and_Forward_INWARD_Workflow_Document_from_User6(INWARD_EXTERNAL_WORKFLOW.java:90)
at sun.reflect.NativeMethodAccessorImpl.invoke0(Native Method)
at sun.reflect.NativeMethodAccessorImpl.invoke(Unknown Source)
at sun.reflect.DelegatingMethodAccessorImpl.invoke(Unknown Source)
at java.lang.reflect.Method.invoke(Unknown Source)
at org.testng.internal.MethodInvocationHelper.invokeMethod(MethodInvocationHelper.java:124)
at org.testng.internal.Invoker.invokeMethod(Invoker.java:583)
at org.testng.internal.Invoker.retryFailed(Invoker.java:839)
at org.testng.internal.Invoker.invokeTestMethods(Invoker.java:1010)
at org.testng.internal.TestMethodWorker.invokeTestMethods(TestMethodWorker.java:125)
at org.testng.internal.TestMethodWorker.run(TestMethodWorker.java:109)
at org.testng.TestRunner.privateRun(TestRunner.java:648)
at org.testng.TestRunner.run(TestRunner.java:505)
at org.testng.SuiteRunner.runTest(SuiteRunner.java:455)
at org.testng.SuiteRunner.runSequentially(SuiteRunner.java:450)
at org.testng.SuiteRunner.privateRun(SuiteRunner.java:415)
at org.testng.SuiteRunner.run(SuiteRunner.java:364)
at org.testng.SuiteRunnerWorker.runSuite(SuiteRunnerWorker.java:52)
at org.testng.SuiteRunnerWorker.run(SuiteRunnerWorker.java:84)
at org.testng.TestNG.runSuitesSequentially(TestNG.java:1208)
at org.testng.TestNG.runSuitesSequentially(TestNG.java:1204)
at org.testng.TestNG.runSuitesLocally(TestNG.java:1137)
at org.testng.TestNG.runSuites(TestNG.java:1049)
at org.testng.TestNG.run(TestNG.java:1017)
at org.testng.remote.AbstractRemoteTestNG.run(AbstractRemoteTestNG.java:114)
at org.testng.remote.RemoteTestNG.initAndRun(RemoteTestNG.java:251)
at org.testng.remote.RemoteTestNG.main(RemoteTestNG.java:77)
]]>
    </error>
  </testcase> <!-- TC_07_Accept_and_Forward_INWARD_Workflow_Document_from_User6 -->
  <testcase name="TC_07_Accept_and_Forward_INWARD_Workflow_Document_from_User6" time="110.183" classname="Script.INWARD_EXTERNAL_WORKFLOW"/>
  <testcase name="TC_07_Accept_and_Forward_INWARD_Workflow_Document_from_User6" time="108.014" classname="Script.INWARD_EXTERNAL_WORKFLOW">
    <skipped/>
  </testcase> <!-- TC_07_Accept_and_Forward_INWARD_Workflow_Document_from_User6 -->
  <testcase name="TC_07_Accept_and_Forward_INWARD_Workflow_Document_from_User6" time="108.685" classname="Script.INWARD_EXTERNAL_WORKFLOW">
    <skipped/>
  </testcase> <!-- TC_07_Accept_and_Forward_INWARD_Workflow_Document_from_User6 -->
  <testcase name="TC_07_Accept_and_Forward_INWARD_Workflow_Document_from_User6" time="110.532" classname="Script.INWARD_EXTERNAL_WORKFLOW">
    <skipped/>
  </testcase> <!-- TC_07_Accept_and_Forward_INWARD_Workflow_Document_from_User6 -->
  <testcase name="TC_08_Accept_and_Forward_INWARD_Workflow_Document_from_User7" time="122.658" classname="Script.INWARD_EXTERNAL_WORKFLOW"/>
  <testcase name="TC_08_Accept_and_Forward_INWARD_Workflow_Document_from_User7" time="106.371" classname="Script.INWARD_EXTERNAL_WORKFLOW"/>
  <testcase name="TC_09_Accept_and_Forward_INWARD_Workflow_Document_from_User8" time="133.590" classname="Script.INWARD_EXTERNAL_WORKFLOW"/>
  <testcase name="TC_09_Accept_and_Forward_INWARD_Workflow_Document_from_User8" time="116.591" classname="Script.INWARD_EXTERNAL_WORKFLOW"/>
  <testcase name="TC_10_Accept_and_Forward_INWARD_Workflow_Document_from_User9" time="139.083" classname="Script.INWARD_EXTERNAL_WORKFLOW"/>
  <testcase name="TC_10_Accept_and_Forward_INWARD_Workflow_Document_from_User9" time="137.223" classname="Script.INWARD_EXTERNAL_WORKFLOW"/>
  <testcase name="TC_11_Approve_and_End_INWARD_Workflow_Document_from_User10" time="128.201" classname="Script.INWARD_EXTERNAL_WORKFLOW"/>
  <testcase name="TC_11_Approve_and_End_INWARD_Workflow_Document_from_User10" time="207.500" classname="Script.INWARD_EXTERNAL_WORKFLOW"/>
  <testcase name="LandBrowser1" time="23.808" classname="Script.INWARD_EXTERNAL_WORKFLOW"/>
  <testcase name="LandBrowser1" time="23.581" classname="Script.INWARD_EXTERNAL_WORKFLOW">
    <skipped/>
  </testcase> <!-- LandBrowser1 -->
  <testcase name="LandBrowser1" time="78.405" classname="Script.INWARD_EXTERNAL_WORKFLOW"/>
  <testcase name="Login_EWA1" time="16.381" classname="Script.INWARD_EXTERNAL_WORKFLOW"/>
  <testcase name="Login_EWA1" time="31.730" classname="Script.INWARD_EXTERNAL_WORKFLOW"/>
  <testcase name="TC_12_Create_INWARD_Document_and_sendTo_Inward_Workflow_Approve_and_PSR" time="96.717" classname="Script.INWARD_EXTERNAL_WORKFLOW">
    <skipped/>
  </testcase> <!-- TC_12_Create_INWARD_Document_and_sendTo_Inward_Workflow_Approve_and_PSR -->
  <testcase name="TC_12_Create_INWARD_Document_and_sendTo_Inward_Workflow_Approve_and_PSR" time="27.732" classname="Script.INWARD_EXTERNAL_WORKFLOW">
    <error type="org.openqa.selenium.JavascriptException" message="javascript error: {&quot;status&quot;:60,&quot;value&quot;:&quot;http://10.4.10.72:8080/CVWeb/cvLgn# has no size and location&quot;}
  (Session info: MicrosoftEdge=124.0.2478.51)
Build info: version: &#039;3.141.59&#039;, revision: &#039;e82be7d358&#039;, time: &#039;2018-11-14T08:17:03&#039;
System info: host: &#039;CIPLWKT014&#039;, ip: &#039;10.4.8.14&#039;, os.name: &#039;Windows 10&#039;, os.arch: &#039;x86&#039;, os.version: &#039;10.0&#039;, java.version: &#039;1.8.0_351&#039;
Driver info: org.openqa.selenium.edge.EdgeDriver
Capabilities {acceptInsecureCerts: false, browserName: MicrosoftEdge, browserVersion: 124.0.2478.51, fedcm:accounts: true, javascriptEnabled: true, ms:edgeOptions: {debuggerAddress: localhost:64076}, msedge: {msedgedriverVersion: 124.0.2478.51 (e23a9b7d0a14..., userDataDir: C:\Users\nisha.r\AppData\Lo...}, networkConnectionEnabled: false, pageLoadStrategy: normal, platform: WINDOWS, platformName: WINDOWS, proxy: Proxy(), setWindowRect: true, strictFileInteractability: false, timeouts: {implicit: 0, pageLoad: 300000, script: 30000}, unhandledPromptBehavior: dismiss and notify, webauthn:extension:credBlob: true, webauthn:extension:largeBlob: true, webauthn:extension:minPinLength: true, webauthn:extension:prf: true, webauthn:virtualAuthenticators: true}
Session ID: cea75aeac54d65339661ef21bbbe79b6">
      <![CDATA[org.openqa.selenium.JavascriptException: javascript error: {"status":60,"value":"http://10.4.10.72:8080/CVWeb/cvLgn# has no size and location"}
  (Session info: MicrosoftEdge=124.0.2478.51)
Build info: version: '3.141.59', revision: 'e82be7d358', time: '2018-11-14T08:17:03'
System info: host: 'CIPLWKT014', ip: '10.4.8.14', os.name: 'Windows 10', os.arch: 'x86', os.version: '10.0', java.version: '1.8.0_351'
Driver info: org.openqa.selenium.edge.EdgeDriver
Capabilities {acceptInsecureCerts: false, browserName: MicrosoftEdge, browserVersion: 124.0.2478.51, fedcm:accounts: true, javascriptEnabled: true, ms:edgeOptions: {debuggerAddress: localhost:64076}, msedge: {msedgedriverVersion: 124.0.2478.51 (e23a9b7d0a14..., userDataDir: C:\Users\nisha.r\AppData\Lo...}, networkConnectionEnabled: false, pageLoadStrategy: normal, platform: WINDOWS, platformName: WINDOWS, proxy: Proxy(), setWindowRect: true, strictFileInteractability: false, timeouts: {implicit: 0, pageLoad: 300000, script: 30000}, unhandledPromptBehavior: dismiss and notify, webauthn:extension:credBlob: true, webauthn:extension:largeBlob: true, webauthn:extension:minPinLength: true, webauthn:extension:prf: true, webauthn:virtualAuthenticators: true}
Session ID: cea75aeac54d65339661ef21bbbe79b6
at sun.reflect.NativeConstructorAccessorImpl.newInstance0(Native Method)
at sun.reflect.NativeConstructorAccessorImpl.newInstance(Unknown Source)
at sun.reflect.DelegatingConstructorAccessorImpl.newInstance(Unknown Source)
at java.lang.reflect.Constructor.newInstance(Unknown Source)
at org.openqa.selenium.remote.http.W3CHttpResponseCodec.createException(W3CHttpResponseCodec.java:187)
at org.openqa.selenium.remote.http.W3CHttpResponseCodec.decode(W3CHttpResponseCodec.java:122)
at org.openqa.selenium.remote.http.W3CHttpResponseCodec.decode(W3CHttpResponseCodec.java:49)
at org.openqa.selenium.remote.HttpCommandExecutor.execute(HttpCommandExecutor.java:158)
at org.openqa.selenium.remote.service.DriverCommandExecutor.execute(DriverCommandExecutor.java:83)
at org.openqa.selenium.remote.RemoteWebDriver.execute(RemoteWebDriver.java:552)
at org.openqa.selenium.remote.RemoteWebDriver.perform(RemoteWebDriver.java:618)
at org.openqa.selenium.interactions.Actions$BuiltAction.perform(Actions.java:639)
at org.openqa.selenium.interactions.Actions.perform(Actions.java:595)
at Generic.BaseClass.selectElement(BaseClass.java:424)
at Pom.Create_DOC.Create_INWARD_Document_and_sendTo_Inward_Workflow_Approve_and_PSR(Create_DOC.java:1118)
at Script.INWARD_EXTERNAL_WORKFLOW.TC_12_Create_INWARD_Document_and_sendTo_Inward_Workflow_Approve_and_PSR(INWARD_EXTERNAL_WORKFLOW.java:155)
at sun.reflect.NativeMethodAccessorImpl.invoke0(Native Method)
at sun.reflect.NativeMethodAccessorImpl.invoke(Unknown Source)
at sun.reflect.DelegatingMethodAccessorImpl.invoke(Unknown Source)
at java.lang.reflect.Method.invoke(Unknown Source)
at org.testng.internal.MethodInvocationHelper.invokeMethod(MethodInvocationHelper.java:124)
at org.testng.internal.Invoker.invokeMethod(Invoker.java:583)
at org.testng.internal.Invoker.retryFailed(Invoker.java:839)
at org.testng.internal.Invoker.invokeTestMethods(Invoker.java:1010)
at org.testng.internal.TestMethodWorker.invokeTestMethods(TestMethodWorker.java:125)
at org.testng.internal.TestMethodWorker.run(TestMethodWorker.java:109)
at org.testng.TestRunner.privateRun(TestRunner.java:648)
at org.testng.TestRunner.run(TestRunner.java:505)
at org.testng.SuiteRunner.runTest(SuiteRunner.java:455)
at org.testng.SuiteRunner.runSequentially(SuiteRunner.java:450)
at org.testng.SuiteRunner.privateRun(SuiteRunner.java:415)
at org.testng.SuiteRunner.run(SuiteRunner.java:364)
at org.testng.SuiteRunnerWorker.runSuite(SuiteRunnerWorker.java:52)
at org.testng.SuiteRunnerWorker.run(SuiteRunnerWorker.java:84)
at org.testng.TestNG.runSuitesSequentially(TestNG.java:1208)
at org.testng.TestNG.runSuitesSequentially(TestNG.java:1204)
at org.testng.TestNG.runSuitesLocally(TestNG.java:1137)
at org.testng.TestNG.runSuites(TestNG.java:1049)
at org.testng.TestNG.run(TestNG.java:1017)
at org.testng.remote.AbstractRemoteTestNG.run(AbstractRemoteTestNG.java:114)
at org.testng.remote.RemoteTestNG.initAndRun(RemoteTestNG.java:251)
at org.testng.remote.RemoteTestNG.main(RemoteTestNG.java:77)
]]>
    </error>
  </testcase> <!-- TC_12_Create_INWARD_Document_and_sendTo_Inward_Workflow_Approve_and_PSR -->
  <testcase name="TC_12_Create_INWARD_Document_and_sendTo_Inward_Workflow_Approve_and_PSR" time="28.072" classname="Script.INWARD_EXTERNAL_WORKFLOW">
    <skipped/>
  </testcase> <!-- TC_12_Create_INWARD_Document_and_sendTo_Inward_Workflow_Approve_and_PSR -->
  <testcase name="TC_12_Create_INWARD_Document_and_sendTo_Inward_Workflow_Approve_and_PSR" time="778.004" classname="Script.INWARD_EXTERNAL_WORKFLOW"/>
  <testcase name="TC_12_Create_INWARD_Document_and_sendTo_Inward_Workflow_Approve_and_PSR" time="23.760" classname="Script.INWARD_EXTERNAL_WORKFLOW">
    <skipped/>
  </testcase> <!-- TC_12_Create_INWARD_Document_and_sendTo_Inward_Workflow_Approve_and_PSR -->
  <testcase name="TC_13_Approve_and_PSR_INWARD_Workflow_Document_from_User1" time="100.471" classname="Script.INWARD_EXTERNAL_WORKFLOW">
    <error type="org.openqa.selenium.ElementNotInteractableException" message="element not interactable
  (Session info: MicrosoftEdge=124.0.2478.51)
Build info: version: &#039;3.141.59&#039;, revision: &#039;e82be7d358&#039;, time: &#039;2018-11-14T08:17:03&#039;
System info: host: &#039;CIPLWKT014&#039;, ip: &#039;10.4.8.14&#039;, os.name: &#039;Windows 10&#039;, os.arch: &#039;x86&#039;, os.version: &#039;10.0&#039;, java.version: &#039;1.8.0_351&#039;
Driver info: org.openqa.selenium.edge.EdgeDriver
Capabilities {acceptInsecureCerts: false, browserName: MicrosoftEdge, browserVersion: 124.0.2478.51, fedcm:accounts: true, javascriptEnabled: true, ms:edgeOptions: {debuggerAddress: localhost:64076}, msedge: {msedgedriverVersion: 124.0.2478.51 (e23a9b7d0a14..., userDataDir: C:\Users\nisha.r\AppData\Lo...}, networkConnectionEnabled: false, pageLoadStrategy: normal, platform: WINDOWS, platformName: WINDOWS, proxy: Proxy(), setWindowRect: true, strictFileInteractability: false, timeouts: {implicit: 0, pageLoad: 300000, script: 30000}, unhandledPromptBehavior: dismiss and notify, webauthn:extension:credBlob: true, webauthn:extension:largeBlob: true, webauthn:extension:minPinLength: true, webauthn:extension:prf: true, webauthn:virtualAuthenticators: true}
Session ID: cea75aeac54d65339661ef21bbbe79b6">
      <![CDATA[org.openqa.selenium.ElementNotInteractableException: element not interactable
  (Session info: MicrosoftEdge=124.0.2478.51)
Build info: version: '3.141.59', revision: 'e82be7d358', time: '2018-11-14T08:17:03'
System info: host: 'CIPLWKT014', ip: '10.4.8.14', os.name: 'Windows 10', os.arch: 'x86', os.version: '10.0', java.version: '1.8.0_351'
Driver info: org.openqa.selenium.edge.EdgeDriver
Capabilities {acceptInsecureCerts: false, browserName: MicrosoftEdge, browserVersion: 124.0.2478.51, fedcm:accounts: true, javascriptEnabled: true, ms:edgeOptions: {debuggerAddress: localhost:64076}, msedge: {msedgedriverVersion: 124.0.2478.51 (e23a9b7d0a14..., userDataDir: C:\Users\nisha.r\AppData\Lo...}, networkConnectionEnabled: false, pageLoadStrategy: normal, platform: WINDOWS, platformName: WINDOWS, proxy: Proxy(), setWindowRect: true, strictFileInteractability: false, timeouts: {implicit: 0, pageLoad: 300000, script: 30000}, unhandledPromptBehavior: dismiss and notify, webauthn:extension:credBlob: true, webauthn:extension:largeBlob: true, webauthn:extension:minPinLength: true, webauthn:extension:prf: true, webauthn:virtualAuthenticators: true}
Session ID: cea75aeac54d65339661ef21bbbe79b6
at sun.reflect.NativeConstructorAccessorImpl.newInstance0(Native Method)
at sun.reflect.NativeConstructorAccessorImpl.newInstance(Unknown Source)
at sun.reflect.DelegatingConstructorAccessorImpl.newInstance(Unknown Source)
at java.lang.reflect.Constructor.newInstance(Unknown Source)
at org.openqa.selenium.remote.http.W3CHttpResponseCodec.createException(W3CHttpResponseCodec.java:187)
at org.openqa.selenium.remote.http.W3CHttpResponseCodec.decode(W3CHttpResponseCodec.java:122)
at org.openqa.selenium.remote.http.W3CHttpResponseCodec.decode(W3CHttpResponseCodec.java:49)
at org.openqa.selenium.remote.HttpCommandExecutor.execute(HttpCommandExecutor.java:158)
at org.openqa.selenium.remote.service.DriverCommandExecutor.execute(DriverCommandExecutor.java:83)
at org.openqa.selenium.remote.RemoteWebDriver.execute(RemoteWebDriver.java:552)
at org.openqa.selenium.remote.RemoteWebElement.execute(RemoteWebElement.java:285)
at org.openqa.selenium.remote.RemoteWebElement.sendKeys(RemoteWebElement.java:106)
at sun.reflect.GeneratedMethodAccessor3.invoke(Unknown Source)
at sun.reflect.DelegatingMethodAccessorImpl.invoke(Unknown Source)
at java.lang.reflect.Method.invoke(Unknown Source)
at org.openqa.selenium.support.pagefactory.internal.LocatingElementHandler.invoke(LocatingElementHandler.java:51)
at com.sun.proxy.$Proxy25.sendKeys(Unknown Source)
at Pom.Create_DOC.Approve_and_PSR_INWARD_Workflow_Document_from_User1(Create_DOC.java:2134)
at Script.INWARD_EXTERNAL_WORKFLOW.TC_13_Approve_and_PSR_INWARD_Workflow_Document_from_User1(INWARD_EXTERNAL_WORKFLOW.java:166)
at sun.reflect.NativeMethodAccessorImpl.invoke0(Native Method)
at sun.reflect.NativeMethodAccessorImpl.invoke(Unknown Source)
at sun.reflect.DelegatingMethodAccessorImpl.invoke(Unknown Source)
at java.lang.reflect.Method.invoke(Unknown Source)
at org.testng.internal.MethodInvocationHelper.invokeMethod(MethodInvocationHelper.java:124)
at org.testng.internal.Invoker.invokeMethod(Invoker.java:583)
at org.testng.internal.Invoker.retryFailed(Invoker.java:839)
at org.testng.internal.Invoker.invokeTestMethods(Invoker.java:1010)
at org.testng.internal.TestMethodWorker.invokeTestMethods(TestMethodWorker.java:125)
at org.testng.internal.TestMethodWorker.run(TestMethodWorker.java:109)
at org.testng.TestRunner.privateRun(TestRunner.java:648)
at org.testng.TestRunner.run(TestRunner.java:505)
at org.testng.SuiteRunner.runTest(SuiteRunner.java:455)
at org.testng.SuiteRunner.runSequentially(SuiteRunner.java:450)
at org.testng.SuiteRunner.privateRun(SuiteRunner.java:415)
at org.testng.SuiteRunner.run(SuiteRunner.java:364)
at org.testng.SuiteRunnerWorker.runSuite(SuiteRunnerWorker.java:52)
at org.testng.SuiteRunnerWorker.run(SuiteRunnerWorker.java:84)
at org.testng.TestNG.runSuitesSequentially(TestNG.java:1208)
at org.testng.TestNG.runSuitesSequentially(TestNG.java:1204)
at org.testng.TestNG.runSuitesLocally(TestNG.java:1137)
at org.testng.TestNG.runSuites(TestNG.java:1049)
at org.testng.TestNG.run(TestNG.java:1017)
at org.testng.remote.AbstractRemoteTestNG.run(AbstractRemoteTestNG.java:114)
at org.testng.remote.RemoteTestNG.initAndRun(RemoteTestNG.java:251)
at org.testng.remote.RemoteTestNG.main(RemoteTestNG.java:77)
]]>
    </error>
  </testcase> <!-- TC_13_Approve_and_PSR_INWARD_Workflow_Document_from_User1 -->
  <testcase name="TC_13_Approve_and_PSR_INWARD_Workflow_Document_from_User1" time="115.424" classname="Script.INWARD_EXTERNAL_WORKFLOW"/>
  <testcase name="TC_13_Approve_and_PSR_INWARD_Workflow_Document_from_User1" time="94.269" classname="Script.INWARD_EXTERNAL_WORKFLOW">
    <skipped/>
  </testcase> <!-- TC_13_Approve_and_PSR_INWARD_Workflow_Document_from_User1 -->
  <testcase name="TC_13_Approve_and_PSR_INWARD_Workflow_Document_from_User1" time="95.646" classname="Script.INWARD_EXTERNAL_WORKFLOW">
    <skipped/>
  </testcase> <!-- TC_13_Approve_and_PSR_INWARD_Workflow_Document_from_User1 -->
  <testcase name="TC_13_Approve_and_PSR_INWARD_Workflow_Document_from_User1" time="111.028" classname="Script.INWARD_EXTERNAL_WORKFLOW">
    <skipped/>
  </testcase> <!-- TC_13_Approve_and_PSR_INWARD_Workflow_Document_from_User1 -->
  <testcase name="TC_14_Approve_and_PSR_INWARD_Workflow_Document_from_User2" time="158.534" classname="Script.INWARD_EXTERNAL_WORKFLOW"/>
  <testcase name="TC_14_Approve_and_PSR_INWARD_Workflow_Document_from_User2" time="162.920" classname="Script.INWARD_EXTERNAL_WORKFLOW"/>
  <testcase name="TC_15_Approve_and_PSR_INWARD_Workflow_Document_from_User3" time="169.819" classname="Script.INWARD_EXTERNAL_WORKFLOW"/>
  <testcase name="TC_15_Approve_and_PSR_INWARD_Workflow_Document_from_User3" time="159.303" classname="Script.INWARD_EXTERNAL_WORKFLOW"/>
  <testcase name="TC_16_Approve_and_PSR_INWARD_Workflow_Document_from_User4" time="174.512" classname="Script.INWARD_EXTERNAL_WORKFLOW"/>
  <testcase name="TC_16_Approve_and_PSR_INWARD_Workflow_Document_from_User4" time="157.694" classname="Script.INWARD_EXTERNAL_WORKFLOW"/>
  <testcase name="TC_17_Approve_and_PSR_INWARD_Workflow_Document_from_User5" time="180.512" classname="Script.INWARD_EXTERNAL_WORKFLOW"/>
  <testcase name="TC_17_Approve_and_PSR_INWARD_Workflow_Document_from_User5" time="158.210" classname="Script.INWARD_EXTERNAL_WORKFLOW"/>
  <testcase name="TC_18_Approve_and_PSR_INWARD_Workflow_Document_from_User6" time="104.421" classname="Script.INWARD_EXTERNAL_WORKFLOW">
    <error type="org.openqa.selenium.ElementNotInteractableException" message="element not interactable
  (Session info: MicrosoftEdge=124.0.2478.51)
Build info: version: &#039;3.141.59&#039;, revision: &#039;e82be7d358&#039;, time: &#039;2018-11-14T08:17:03&#039;
System info: host: &#039;CIPLWKT014&#039;, ip: &#039;10.4.8.14&#039;, os.name: &#039;Windows 10&#039;, os.arch: &#039;x86&#039;, os.version: &#039;10.0&#039;, java.version: &#039;1.8.0_351&#039;
Driver info: org.openqa.selenium.edge.EdgeDriver
Capabilities {acceptInsecureCerts: false, browserName: MicrosoftEdge, browserVersion: 124.0.2478.51, fedcm:accounts: true, javascriptEnabled: true, ms:edgeOptions: {debuggerAddress: localhost:64076}, msedge: {msedgedriverVersion: 124.0.2478.51 (e23a9b7d0a14..., userDataDir: C:\Users\nisha.r\AppData\Lo...}, networkConnectionEnabled: false, pageLoadStrategy: normal, platform: WINDOWS, platformName: WINDOWS, proxy: Proxy(), setWindowRect: true, strictFileInteractability: false, timeouts: {implicit: 0, pageLoad: 300000, script: 30000}, unhandledPromptBehavior: dismiss and notify, webauthn:extension:credBlob: true, webauthn:extension:largeBlob: true, webauthn:extension:minPinLength: true, webauthn:extension:prf: true, webauthn:virtualAuthenticators: true}
Session ID: cea75aeac54d65339661ef21bbbe79b6">
      <![CDATA[org.openqa.selenium.ElementNotInteractableException: element not interactable
  (Session info: MicrosoftEdge=124.0.2478.51)
Build info: version: '3.141.59', revision: 'e82be7d358', time: '2018-11-14T08:17:03'
System info: host: 'CIPLWKT014', ip: '10.4.8.14', os.name: 'Windows 10', os.arch: 'x86', os.version: '10.0', java.version: '1.8.0_351'
Driver info: org.openqa.selenium.edge.EdgeDriver
Capabilities {acceptInsecureCerts: false, browserName: MicrosoftEdge, browserVersion: 124.0.2478.51, fedcm:accounts: true, javascriptEnabled: true, ms:edgeOptions: {debuggerAddress: localhost:64076}, msedge: {msedgedriverVersion: 124.0.2478.51 (e23a9b7d0a14..., userDataDir: C:\Users\nisha.r\AppData\Lo...}, networkConnectionEnabled: false, pageLoadStrategy: normal, platform: WINDOWS, platformName: WINDOWS, proxy: Proxy(), setWindowRect: true, strictFileInteractability: false, timeouts: {implicit: 0, pageLoad: 300000, script: 30000}, unhandledPromptBehavior: dismiss and notify, webauthn:extension:credBlob: true, webauthn:extension:largeBlob: true, webauthn:extension:minPinLength: true, webauthn:extension:prf: true, webauthn:virtualAuthenticators: true}
Session ID: cea75aeac54d65339661ef21bbbe79b6
at sun.reflect.NativeConstructorAccessorImpl.newInstance0(Native Method)
at sun.reflect.NativeConstructorAccessorImpl.newInstance(Unknown Source)
at sun.reflect.DelegatingConstructorAccessorImpl.newInstance(Unknown Source)
at java.lang.reflect.Constructor.newInstance(Unknown Source)
at org.openqa.selenium.remote.http.W3CHttpResponseCodec.createException(W3CHttpResponseCodec.java:187)
at org.openqa.selenium.remote.http.W3CHttpResponseCodec.decode(W3CHttpResponseCodec.java:122)
at org.openqa.selenium.remote.http.W3CHttpResponseCodec.decode(W3CHttpResponseCodec.java:49)
at org.openqa.selenium.remote.HttpCommandExecutor.execute(HttpCommandExecutor.java:158)
at org.openqa.selenium.remote.service.DriverCommandExecutor.execute(DriverCommandExecutor.java:83)
at org.openqa.selenium.remote.RemoteWebDriver.execute(RemoteWebDriver.java:552)
at org.openqa.selenium.remote.RemoteWebElement.execute(RemoteWebElement.java:285)
at org.openqa.selenium.remote.RemoteWebElement.sendKeys(RemoteWebElement.java:106)
at sun.reflect.GeneratedMethodAccessor3.invoke(Unknown Source)
at sun.reflect.DelegatingMethodAccessorImpl.invoke(Unknown Source)
at java.lang.reflect.Method.invoke(Unknown Source)
at org.openqa.selenium.support.pagefactory.internal.LocatingElementHandler.invoke(LocatingElementHandler.java:51)
at com.sun.proxy.$Proxy25.sendKeys(Unknown Source)
at Pom.Create_DOC.Approve_and_PSR_INWARD_Workflow_Document_from_User6(Create_DOC.java:2439)
at Script.INWARD_EXTERNAL_WORKFLOW.TC_18_Approve_and_PSR_INWARD_Workflow_Document_from_User6(INWARD_EXTERNAL_WORKFLOW.java:211)
at sun.reflect.NativeMethodAccessorImpl.invoke0(Native Method)
at sun.reflect.NativeMethodAccessorImpl.invoke(Unknown Source)
at sun.reflect.DelegatingMethodAccessorImpl.invoke(Unknown Source)
at java.lang.reflect.Method.invoke(Unknown Source)
at org.testng.internal.MethodInvocationHelper.invokeMethod(MethodInvocationHelper.java:124)
at org.testng.internal.Invoker.invokeMethod(Invoker.java:583)
at org.testng.internal.Invoker.retryFailed(Invoker.java:839)
at org.testng.internal.Invoker.invokeTestMethods(Invoker.java:1010)
at org.testng.internal.TestMethodWorker.invokeTestMethods(TestMethodWorker.java:125)
at org.testng.internal.TestMethodWorker.run(TestMethodWorker.java:109)
at org.testng.TestRunner.privateRun(TestRunner.java:648)
at org.testng.TestRunner.run(TestRunner.java:505)
at org.testng.SuiteRunner.runTest(SuiteRunner.java:455)
at org.testng.SuiteRunner.runSequentially(SuiteRunner.java:450)
at org.testng.SuiteRunner.privateRun(SuiteRunner.java:415)
at org.testng.SuiteRunner.run(SuiteRunner.java:364)
at org.testng.SuiteRunnerWorker.runSuite(SuiteRunnerWorker.java:52)
at org.testng.SuiteRunnerWorker.run(SuiteRunnerWorker.java:84)
at org.testng.TestNG.runSuitesSequentially(TestNG.java:1208)
at org.testng.TestNG.runSuitesSequentially(TestNG.java:1204)
at org.testng.TestNG.runSuitesLocally(TestNG.java:1137)
at org.testng.TestNG.runSuites(TestNG.java:1049)
at org.testng.TestNG.run(TestNG.java:1017)
at org.testng.remote.AbstractRemoteTestNG.run(AbstractRemoteTestNG.java:114)
at org.testng.remote.RemoteTestNG.initAndRun(RemoteTestNG.java:251)
at org.testng.remote.RemoteTestNG.main(RemoteTestNG.java:77)
]]>
    </error>
  </testcase> <!-- TC_18_Approve_and_PSR_INWARD_Workflow_Document_from_User6 -->
  <testcase name="TC_18_Approve_and_PSR_INWARD_Workflow_Document_from_User6" time="111.499" classname="Script.INWARD_EXTERNAL_WORKFLOW">
    <skipped/>
  </testcase> <!-- TC_18_Approve_and_PSR_INWARD_Workflow_Document_from_User6 -->
  <testcase name="TC_18_Approve_and_PSR_INWARD_Workflow_Document_from_User6" time="113.264" classname="Script.INWARD_EXTERNAL_WORKFLOW"/>
  <testcase name="TC_18_Approve_and_PSR_INWARD_Workflow_Document_from_User6" time="112.530" classname="Script.INWARD_EXTERNAL_WORKFLOW">
    <skipped/>
  </testcase> <!-- TC_18_Approve_and_PSR_INWARD_Workflow_Document_from_User6 -->
  <testcase name="TC_18_Approve_and_PSR_INWARD_Workflow_Document_from_User6" time="99.538" classname="Script.INWARD_EXTERNAL_WORKFLOW">
    <skipped/>
  </testcase> <!-- TC_18_Approve_and_PSR_INWARD_Workflow_Document_from_User6 -->
  <testcase name="TC_19_Approve_and_PSR_INWARD_Workflow_Document_from_User7" time="126.699" classname="Script.INWARD_EXTERNAL_WORKFLOW"/>
  <testcase name="TC_19_Approve_and_PSR_INWARD_Workflow_Document_from_User7" time="122.423" classname="Script.INWARD_EXTERNAL_WORKFLOW"/>
  <testcase name="TC_20_Approve_and_PSR_INWARD_Workflow_Document_from_User8" time="123.627" classname="Script.INWARD_EXTERNAL_WORKFLOW"/>
  <testcase name="TC_20_Approve_and_PSR_INWARD_Workflow_Document_from_User8" time="121.647" classname="Script.INWARD_EXTERNAL_WORKFLOW"/>
  <testcase name="TC_21_Approve_and_PSR_INWARD_Workflow_Document_from_User9" time="124.530" classname="Script.INWARD_EXTERNAL_WORKFLOW"/>
  <testcase name="TC_21_Approve_and_PSR_INWARD_Workflow_Document_from_User9" time="119.436" classname="Script.INWARD_EXTERNAL_WORKFLOW"/>
  <testcase name="TC_22_PSR_and_EndWorkflow_INWARD_Workflow_Document_from_User10" time="146.172" classname="Script.INWARD_EXTERNAL_WORKFLOW"/>
  <testcase name="TC_22_PSR_and_EndWorkflow_INWARD_Workflow_Document_from_User10" time="143.990" classname="Script.INWARD_EXTERNAL_WORKFLOW"/>
  <testcase name="LandBrowser2" time="59.063" classname="Script.INWARD_EXTERNAL_WORKFLOW"/>
  <testcase name="LandBrowser2" time="20.207" classname="Script.INWARD_EXTERNAL_WORKFLOW"/>
  <testcase name="Login_EWA2" time="21.810" classname="Script.INWARD_EXTERNAL_WORKFLOW"/>
  <testcase name="Login_EWA2" time="16.682" classname="Script.INWARD_EXTERNAL_WORKFLOW"/>
  <testcase name="TC_23_Create_INWARD_Document_and_sendTo_Inward_Workflow" time="75.198" classname="Script.INWARD_EXTERNAL_WORKFLOW">
    <skipped/>
  </testcase> <!-- TC_23_Create_INWARD_Document_and_sendTo_Inward_Workflow -->
  <testcase name="TC_23_Create_INWARD_Document_and_sendTo_Inward_Workflow" time="830.106" classname="Script.INWARD_EXTERNAL_WORKFLOW"/>
  <testcase name="TC_23_Create_INWARD_Document_and_sendTo_Inward_Workflow" time="69.878" classname="Script.INWARD_EXTERNAL_WORKFLOW">
    <error type="org.openqa.selenium.JavascriptException" message="javascript error: {&quot;status&quot;:60,&quot;value&quot;:&quot;http://10.4.10.72:8080/CVWeb/cvLgn# has no size and location&quot;}
  (Session info: MicrosoftEdge=124.0.2478.51)
Build info: version: &#039;3.141.59&#039;, revision: &#039;e82be7d358&#039;, time: &#039;2018-11-14T08:17:03&#039;
System info: host: &#039;CIPLWKT014&#039;, ip: &#039;10.4.8.14&#039;, os.name: &#039;Windows 10&#039;, os.arch: &#039;x86&#039;, os.version: &#039;10.0&#039;, java.version: &#039;1.8.0_351&#039;
Driver info: org.openqa.selenium.edge.EdgeDriver
Capabilities {acceptInsecureCerts: false, browserName: MicrosoftEdge, browserVersion: 124.0.2478.51, fedcm:accounts: true, javascriptEnabled: true, ms:edgeOptions: {debuggerAddress: localhost:64699}, msedge: {msedgedriverVersion: 124.0.2478.51 (e23a9b7d0a14..., userDataDir: C:\Users\nisha.r\AppData\Lo...}, networkConnectionEnabled: false, pageLoadStrategy: normal, platform: WINDOWS, platformName: WINDOWS, proxy: Proxy(), setWindowRect: true, strictFileInteractability: false, timeouts: {implicit: 0, pageLoad: 300000, script: 30000}, unhandledPromptBehavior: dismiss and notify, webauthn:extension:credBlob: true, webauthn:extension:largeBlob: true, webauthn:extension:minPinLength: true, webauthn:extension:prf: true, webauthn:virtualAuthenticators: true}
Session ID: 8e25bd0355ceae3c17d5ca7d144e7c8f">
      <![CDATA[org.openqa.selenium.JavascriptException: javascript error: {"status":60,"value":"http://10.4.10.72:8080/CVWeb/cvLgn# has no size and location"}
  (Session info: MicrosoftEdge=124.0.2478.51)
Build info: version: '3.141.59', revision: 'e82be7d358', time: '2018-11-14T08:17:03'
System info: host: 'CIPLWKT014', ip: '10.4.8.14', os.name: 'Windows 10', os.arch: 'x86', os.version: '10.0', java.version: '1.8.0_351'
Driver info: org.openqa.selenium.edge.EdgeDriver
Capabilities {acceptInsecureCerts: false, browserName: MicrosoftEdge, browserVersion: 124.0.2478.51, fedcm:accounts: true, javascriptEnabled: true, ms:edgeOptions: {debuggerAddress: localhost:64699}, msedge: {msedgedriverVersion: 124.0.2478.51 (e23a9b7d0a14..., userDataDir: C:\Users\nisha.r\AppData\Lo...}, networkConnectionEnabled: false, pageLoadStrategy: normal, platform: WINDOWS, platformName: WINDOWS, proxy: Proxy(), setWindowRect: true, strictFileInteractability: false, timeouts: {implicit: 0, pageLoad: 300000, script: 30000}, unhandledPromptBehavior: dismiss and notify, webauthn:extension:credBlob: true, webauthn:extension:largeBlob: true, webauthn:extension:minPinLength: true, webauthn:extension:prf: true, webauthn:virtualAuthenticators: true}
Session ID: 8e25bd0355ceae3c17d5ca7d144e7c8f
at sun.reflect.NativeConstructorAccessorImpl.newInstance0(Native Method)
at sun.reflect.NativeConstructorAccessorImpl.newInstance(Unknown Source)
at sun.reflect.DelegatingConstructorAccessorImpl.newInstance(Unknown Source)
at java.lang.reflect.Constructor.newInstance(Unknown Source)
at org.openqa.selenium.remote.http.W3CHttpResponseCodec.createException(W3CHttpResponseCodec.java:187)
at org.openqa.selenium.remote.http.W3CHttpResponseCodec.decode(W3CHttpResponseCodec.java:122)
at org.openqa.selenium.remote.http.W3CHttpResponseCodec.decode(W3CHttpResponseCodec.java:49)
at org.openqa.selenium.remote.HttpCommandExecutor.execute(HttpCommandExecutor.java:158)
at org.openqa.selenium.remote.service.DriverCommandExecutor.execute(DriverCommandExecutor.java:83)
at org.openqa.selenium.remote.RemoteWebDriver.execute(RemoteWebDriver.java:552)
at org.openqa.selenium.remote.RemoteWebDriver.perform(RemoteWebDriver.java:618)
at org.openqa.selenium.interactions.Actions$BuiltAction.perform(Actions.java:639)
at org.openqa.selenium.interactions.Actions.perform(Actions.java:595)
at Generic.BaseClass.selectElement(BaseClass.java:424)
at Pom.Create_DOC.Create_INWARD_Document_and_sendTo_Inward_Workflow(Create_DOC.java:672)
at Script.INWARD_EXTERNAL_WORKFLOW.TC_23_Create_INWARD_Document_and_sendTo_Inward_Workflow(INWARD_EXTERNAL_WORKFLOW.java:276)
at sun.reflect.NativeMethodAccessorImpl.invoke0(Native Method)
at sun.reflect.NativeMethodAccessorImpl.invoke(Unknown Source)
at sun.reflect.DelegatingMethodAccessorImpl.invoke(Unknown Source)
at java.lang.reflect.Method.invoke(Unknown Source)
at org.testng.internal.MethodInvocationHelper.invokeMethod(MethodInvocationHelper.java:124)
at org.testng.internal.Invoker.invokeMethod(Invoker.java:583)
at org.testng.internal.Invoker.retryFailed(Invoker.java:839)
at org.testng.internal.Invoker.invokeTestMethods(Invoker.java:1010)
at org.testng.internal.TestMethodWorker.invokeTestMethods(TestMethodWorker.java:125)
at org.testng.internal.TestMethodWorker.run(TestMethodWorker.java:109)
at org.testng.TestRunner.privateRun(TestRunner.java:648)
at org.testng.TestRunner.run(TestRunner.java:505)
at org.testng.SuiteRunner.runTest(SuiteRunner.java:455)
at org.testng.SuiteRunner.runSequentially(SuiteRunner.java:450)
at org.testng.SuiteRunner.privateRun(SuiteRunner.java:415)
at org.testng.SuiteRunner.run(SuiteRunner.java:364)
at org.testng.SuiteRunnerWorker.runSuite(SuiteRunnerWorker.java:52)
at org.testng.SuiteRunnerWorker.run(SuiteRunnerWorker.java:84)
at org.testng.TestNG.runSuitesSequentially(TestNG.java:1208)
at org.testng.TestNG.runSuitesSequentially(TestNG.java:1204)
at org.testng.TestNG.runSuitesLocally(TestNG.java:1137)
at org.testng.TestNG.runSuites(TestNG.java:1049)
at org.testng.TestNG.run(TestNG.java:1017)
at org.testng.remote.AbstractRemoteTestNG.run(AbstractRemoteTestNG.java:114)
at org.testng.remote.RemoteTestNG.initAndRun(RemoteTestNG.java:251)
at org.testng.remote.RemoteTestNG.main(RemoteTestNG.java:77)
]]>
    </error>
  </testcase> <!-- TC_23_Create_INWARD_Document_and_sendTo_Inward_Workflow -->
  <testcase name="TC_23_Create_INWARD_Document_and_sendTo_Inward_Workflow" time="70.037" classname="Script.INWARD_EXTERNAL_WORKFLOW">
    <skipped/>
  </testcase> <!-- TC_23_Create_INWARD_Document_and_sendTo_Inward_Workflow -->
  <testcase name="TC_23_Create_INWARD_Document_and_sendTo_Inward_Workflow" time="136.371" classname="Script.INWARD_EXTERNAL_WORKFLOW">
    <skipped/>
  </testcase> <!-- TC_23_Create_INWARD_Document_and_sendTo_Inward_Workflow -->
  <testcase name="TC_24_Accept_and_Forward_INWARD_Workflow_Document_from_User1" time="157.105" classname="Script.INWARD_EXTERNAL_WORKFLOW">
    <error type="org.openqa.selenium.ElementNotInteractableException" message="element not interactable
  (Session info: MicrosoftEdge=124.0.2478.51)
Build info: version: &#039;3.141.59&#039;, revision: &#039;e82be7d358&#039;, time: &#039;2018-11-14T08:17:03&#039;
System info: host: &#039;CIPLWKT014&#039;, ip: &#039;10.4.8.14&#039;, os.name: &#039;Windows 10&#039;, os.arch: &#039;x86&#039;, os.version: &#039;10.0&#039;, java.version: &#039;1.8.0_351&#039;
Driver info: org.openqa.selenium.edge.EdgeDriver
Capabilities {acceptInsecureCerts: false, browserName: MicrosoftEdge, browserVersion: 124.0.2478.51, fedcm:accounts: true, javascriptEnabled: true, ms:edgeOptions: {debuggerAddress: localhost:64699}, msedge: {msedgedriverVersion: 124.0.2478.51 (e23a9b7d0a14..., userDataDir: C:\Users\nisha.r\AppData\Lo...}, networkConnectionEnabled: false, pageLoadStrategy: normal, platform: WINDOWS, platformName: WINDOWS, proxy: Proxy(), setWindowRect: true, strictFileInteractability: false, timeouts: {implicit: 0, pageLoad: 300000, script: 30000}, unhandledPromptBehavior: dismiss and notify, webauthn:extension:credBlob: true, webauthn:extension:largeBlob: true, webauthn:extension:minPinLength: true, webauthn:extension:prf: true, webauthn:virtualAuthenticators: true}
Session ID: 8e25bd0355ceae3c17d5ca7d144e7c8f">
      <![CDATA[org.openqa.selenium.ElementNotInteractableException: element not interactable
  (Session info: MicrosoftEdge=124.0.2478.51)
Build info: version: '3.141.59', revision: 'e82be7d358', time: '2018-11-14T08:17:03'
System info: host: 'CIPLWKT014', ip: '10.4.8.14', os.name: 'Windows 10', os.arch: 'x86', os.version: '10.0', java.version: '1.8.0_351'
Driver info: org.openqa.selenium.edge.EdgeDriver
Capabilities {acceptInsecureCerts: false, browserName: MicrosoftEdge, browserVersion: 124.0.2478.51, fedcm:accounts: true, javascriptEnabled: true, ms:edgeOptions: {debuggerAddress: localhost:64699}, msedge: {msedgedriverVersion: 124.0.2478.51 (e23a9b7d0a14..., userDataDir: C:\Users\nisha.r\AppData\Lo...}, networkConnectionEnabled: false, pageLoadStrategy: normal, platform: WINDOWS, platformName: WINDOWS, proxy: Proxy(), setWindowRect: true, strictFileInteractability: false, timeouts: {implicit: 0, pageLoad: 300000, script: 30000}, unhandledPromptBehavior: dismiss and notify, webauthn:extension:credBlob: true, webauthn:extension:largeBlob: true, webauthn:extension:minPinLength: true, webauthn:extension:prf: true, webauthn:virtualAuthenticators: true}
Session ID: 8e25bd0355ceae3c17d5ca7d144e7c8f
at sun.reflect.GeneratedConstructorAccessor130.newInstance(Unknown Source)
at sun.reflect.DelegatingConstructorAccessorImpl.newInstance(Unknown Source)
at java.lang.reflect.Constructor.newInstance(Unknown Source)
at org.openqa.selenium.remote.http.W3CHttpResponseCodec.createException(W3CHttpResponseCodec.java:187)
at org.openqa.selenium.remote.http.W3CHttpResponseCodec.decode(W3CHttpResponseCodec.java:122)
at org.openqa.selenium.remote.http.W3CHttpResponseCodec.decode(W3CHttpResponseCodec.java:49)
at org.openqa.selenium.remote.HttpCommandExecutor.execute(HttpCommandExecutor.java:158)
at org.openqa.selenium.remote.service.DriverCommandExecutor.execute(DriverCommandExecutor.java:83)
at org.openqa.selenium.remote.RemoteWebDriver.execute(RemoteWebDriver.java:552)
at org.openqa.selenium.remote.RemoteWebElement.execute(RemoteWebElement.java:285)
at org.openqa.selenium.remote.RemoteWebElement.sendKeys(RemoteWebElement.java:106)
at sun.reflect.GeneratedMethodAccessor3.invoke(Unknown Source)
at sun.reflect.DelegatingMethodAccessorImpl.invoke(Unknown Source)
at java.lang.reflect.Method.invoke(Unknown Source)
at org.openqa.selenium.support.pagefactory.internal.LocatingElementHandler.invoke(LocatingElementHandler.java:51)
at com.sun.proxy.$Proxy25.sendKeys(Unknown Source)
at Pom.Create_DOC.Accept_and_Forward_INWARD_Workflow_Document_from_User1(Create_DOC.java:1582)
at Script.INWARD_EXTERNAL_WORKFLOW.TC_24_Accept_and_Forward_INWARD_Workflow_Document_from_User1(INWARD_EXTERNAL_WORKFLOW.java:287)
at sun.reflect.NativeMethodAccessorImpl.invoke0(Native Method)
at sun.reflect.NativeMethodAccessorImpl.invoke(Unknown Source)
at sun.reflect.DelegatingMethodAccessorImpl.invoke(Unknown Source)
at java.lang.reflect.Method.invoke(Unknown Source)
at org.testng.internal.MethodInvocationHelper.invokeMethod(MethodInvocationHelper.java:124)
at org.testng.internal.Invoker.invokeMethod(Invoker.java:583)
at org.testng.internal.Invoker.retryFailed(Invoker.java:839)
at org.testng.internal.Invoker.invokeTestMethods(Invoker.java:1010)
at org.testng.internal.TestMethodWorker.invokeTestMethods(TestMethodWorker.java:125)
at org.testng.internal.TestMethodWorker.run(TestMethodWorker.java:109)
at org.testng.TestRunner.privateRun(TestRunner.java:648)
at org.testng.TestRunner.run(TestRunner.java:505)
at org.testng.SuiteRunner.runTest(SuiteRunner.java:455)
at org.testng.SuiteRunner.runSequentially(SuiteRunner.java:450)
at org.testng.SuiteRunner.privateRun(SuiteRunner.java:415)
at org.testng.SuiteRunner.run(SuiteRunner.java:364)
at org.testng.SuiteRunnerWorker.runSuite(SuiteRunnerWorker.java:52)
at org.testng.SuiteRunnerWorker.run(SuiteRunnerWorker.java:84)
at org.testng.TestNG.runSuitesSequentially(TestNG.java:1208)
at org.testng.TestNG.runSuitesSequentially(TestNG.java:1204)
at org.testng.TestNG.runSuitesLocally(TestNG.java:1137)
at org.testng.TestNG.runSuites(TestNG.java:1049)
at org.testng.TestNG.run(TestNG.java:1017)
at org.testng.remote.AbstractRemoteTestNG.run(AbstractRemoteTestNG.java:114)
at org.testng.remote.RemoteTestNG.initAndRun(RemoteTestNG.java:251)
at org.testng.remote.RemoteTestNG.main(RemoteTestNG.java:77)
]]>
    </error>
  </testcase> <!-- TC_24_Accept_and_Forward_INWARD_Workflow_Document_from_User1 -->
  <testcase name="TC_24_Accept_and_Forward_INWARD_Workflow_Document_from_User1" time="160.513" classname="Script.INWARD_EXTERNAL_WORKFLOW">
    <skipped/>
  </testcase> <!-- TC_24_Accept_and_Forward_INWARD_Workflow_Document_from_User1 -->
  <testcase name="TC_24_Accept_and_Forward_INWARD_Workflow_Document_from_User1" time="154.320" classname="Script.INWARD_EXTERNAL_WORKFLOW">
    <skipped/>
  </testcase> <!-- TC_24_Accept_and_Forward_INWARD_Workflow_Document_from_User1 -->
  <testcase name="TC_24_Accept_and_Forward_INWARD_Workflow_Document_from_User1" time="185.659" classname="Script.INWARD_EXTERNAL_WORKFLOW"/>
  <testcase name="TC_24_Accept_and_Forward_INWARD_Workflow_Document_from_User1" time="153.972" classname="Script.INWARD_EXTERNAL_WORKFLOW">
    <skipped/>
  </testcase> <!-- TC_24_Accept_and_Forward_INWARD_Workflow_Document_from_User1 -->
  <testcase name="TC_25_Accept_and_Forward_INWARD_Workflow_Document_from_User2" time="155.899" classname="Script.INWARD_EXTERNAL_WORKFLOW"/>
  <testcase name="TC_25_Accept_and_Forward_INWARD_Workflow_Document_from_User2" time="169.810" classname="Script.INWARD_EXTERNAL_WORKFLOW"/>
  <testcase name="TC_26_Accept_and_Forward_INWARD_Workflow_Document_from_User3" time="168.394" classname="Script.INWARD_EXTERNAL_WORKFLOW"/>
  <testcase name="TC_26_Accept_and_Forward_INWARD_Workflow_Document_from_User3" time="168.523" classname="Script.INWARD_EXTERNAL_WORKFLOW"/>
  <testcase name="TC_27_Accept_and_Forward_INWARD_Workflow_Document_from_User4" time="167.852" classname="Script.INWARD_EXTERNAL_WORKFLOW"/>
  <testcase name="TC_27_Accept_and_Forward_INWARD_Workflow_Document_from_User4" time="163.464" classname="Script.INWARD_EXTERNAL_WORKFLOW"/>
  <testcase name="TC_28_Accept_and_Forward_INWARD_Workflow_Document_from_User5" time="152.245" classname="Script.INWARD_EXTERNAL_WORKFLOW"/>
  <testcase name="TC_28_Accept_and_Forward_INWARD_Workflow_Document_from_User5" time="171.596" classname="Script.INWARD_EXTERNAL_WORKFLOW"/>
  <testcase name="TC_29_Accept_and_Forward_INWARD_Workflow_Document_from_User6" time="109.248" classname="Script.INWARD_EXTERNAL_WORKFLOW">
    <error type="org.openqa.selenium.ElementNotInteractableException" message="element not interactable
  (Session info: MicrosoftEdge=124.0.2478.51)
Build info: version: &#039;3.141.59&#039;, revision: &#039;e82be7d358&#039;, time: &#039;2018-11-14T08:17:03&#039;
System info: host: &#039;CIPLWKT014&#039;, ip: &#039;10.4.8.14&#039;, os.name: &#039;Windows 10&#039;, os.arch: &#039;x86&#039;, os.version: &#039;10.0&#039;, java.version: &#039;1.8.0_351&#039;
Driver info: org.openqa.selenium.edge.EdgeDriver
Capabilities {acceptInsecureCerts: false, browserName: MicrosoftEdge, browserVersion: 124.0.2478.51, fedcm:accounts: true, javascriptEnabled: true, ms:edgeOptions: {debuggerAddress: localhost:64699}, msedge: {msedgedriverVersion: 124.0.2478.51 (e23a9b7d0a14..., userDataDir: C:\Users\nisha.r\AppData\Lo...}, networkConnectionEnabled: false, pageLoadStrategy: normal, platform: WINDOWS, platformName: WINDOWS, proxy: Proxy(), setWindowRect: true, strictFileInteractability: false, timeouts: {implicit: 0, pageLoad: 300000, script: 30000}, unhandledPromptBehavior: dismiss and notify, webauthn:extension:credBlob: true, webauthn:extension:largeBlob: true, webauthn:extension:minPinLength: true, webauthn:extension:prf: true, webauthn:virtualAuthenticators: true}
Session ID: 8e25bd0355ceae3c17d5ca7d144e7c8f">
      <![CDATA[org.openqa.selenium.ElementNotInteractableException: element not interactable
  (Session info: MicrosoftEdge=124.0.2478.51)
Build info: version: '3.141.59', revision: 'e82be7d358', time: '2018-11-14T08:17:03'
System info: host: 'CIPLWKT014', ip: '10.4.8.14', os.name: 'Windows 10', os.arch: 'x86', os.version: '10.0', java.version: '1.8.0_351'
Driver info: org.openqa.selenium.edge.EdgeDriver
Capabilities {acceptInsecureCerts: false, browserName: MicrosoftEdge, browserVersion: 124.0.2478.51, fedcm:accounts: true, javascriptEnabled: true, ms:edgeOptions: {debuggerAddress: localhost:64699}, msedge: {msedgedriverVersion: 124.0.2478.51 (e23a9b7d0a14..., userDataDir: C:\Users\nisha.r\AppData\Lo...}, networkConnectionEnabled: false, pageLoadStrategy: normal, platform: WINDOWS, platformName: WINDOWS, proxy: Proxy(), setWindowRect: true, strictFileInteractability: false, timeouts: {implicit: 0, pageLoad: 300000, script: 30000}, unhandledPromptBehavior: dismiss and notify, webauthn:extension:credBlob: true, webauthn:extension:largeBlob: true, webauthn:extension:minPinLength: true, webauthn:extension:prf: true, webauthn:virtualAuthenticators: true}
Session ID: 8e25bd0355ceae3c17d5ca7d144e7c8f
at sun.reflect.GeneratedConstructorAccessor130.newInstance(Unknown Source)
at sun.reflect.DelegatingConstructorAccessorImpl.newInstance(Unknown Source)
at java.lang.reflect.Constructor.newInstance(Unknown Source)
at org.openqa.selenium.remote.http.W3CHttpResponseCodec.createException(W3CHttpResponseCodec.java:187)
at org.openqa.selenium.remote.http.W3CHttpResponseCodec.decode(W3CHttpResponseCodec.java:122)
at org.openqa.selenium.remote.http.W3CHttpResponseCodec.decode(W3CHttpResponseCodec.java:49)
at org.openqa.selenium.remote.HttpCommandExecutor.execute(HttpCommandExecutor.java:158)
at org.openqa.selenium.remote.service.DriverCommandExecutor.execute(DriverCommandExecutor.java:83)
at org.openqa.selenium.remote.RemoteWebDriver.execute(RemoteWebDriver.java:552)
at org.openqa.selenium.remote.RemoteWebElement.execute(RemoteWebElement.java:285)
at org.openqa.selenium.remote.RemoteWebElement.sendKeys(RemoteWebElement.java:106)
at sun.reflect.GeneratedMethodAccessor3.invoke(Unknown Source)
at sun.reflect.DelegatingMethodAccessorImpl.invoke(Unknown Source)
at java.lang.reflect.Method.invoke(Unknown Source)
at org.openqa.selenium.support.pagefactory.internal.LocatingElementHandler.invoke(LocatingElementHandler.java:51)
at com.sun.proxy.$Proxy25.sendKeys(Unknown Source)
at Pom.Create_DOC.Accept_and_Forward_INWARD_Workflow_Document_from_User6(Create_DOC.java:1887)
at Script.INWARD_EXTERNAL_WORKFLOW.TC_29_Accept_and_Forward_INWARD_Workflow_Document_from_User6(INWARD_EXTERNAL_WORKFLOW.java:332)
at sun.reflect.NativeMethodAccessorImpl.invoke0(Native Method)
at sun.reflect.NativeMethodAccessorImpl.invoke(Unknown Source)
at sun.reflect.DelegatingMethodAccessorImpl.invoke(Unknown Source)
at java.lang.reflect.Method.invoke(Unknown Source)
at org.testng.internal.MethodInvocationHelper.invokeMethod(MethodInvocationHelper.java:124)
at org.testng.internal.Invoker.invokeMethod(Invoker.java:583)
at org.testng.internal.Invoker.retryFailed(Invoker.java:839)
at org.testng.internal.Invoker.invokeTestMethods(Invoker.java:1010)
at org.testng.internal.TestMethodWorker.invokeTestMethods(TestMethodWorker.java:125)
at org.testng.internal.TestMethodWorker.run(TestMethodWorker.java:109)
at org.testng.TestRunner.privateRun(TestRunner.java:648)
at org.testng.TestRunner.run(TestRunner.java:505)
at org.testng.SuiteRunner.runTest(SuiteRunner.java:455)
at org.testng.SuiteRunner.runSequentially(SuiteRunner.java:450)
at org.testng.SuiteRunner.privateRun(SuiteRunner.java:415)
at org.testng.SuiteRunner.run(SuiteRunner.java:364)
at org.testng.SuiteRunnerWorker.runSuite(SuiteRunnerWorker.java:52)
at org.testng.SuiteRunnerWorker.run(SuiteRunnerWorker.java:84)
at org.testng.TestNG.runSuitesSequentially(TestNG.java:1208)
at org.testng.TestNG.runSuitesSequentially(TestNG.java:1204)
at org.testng.TestNG.runSuitesLocally(TestNG.java:1137)
at org.testng.TestNG.runSuites(TestNG.java:1049)
at org.testng.TestNG.run(TestNG.java:1017)
at org.testng.remote.AbstractRemoteTestNG.run(AbstractRemoteTestNG.java:114)
at org.testng.remote.RemoteTestNG.initAndRun(RemoteTestNG.java:251)
at org.testng.remote.RemoteTestNG.main(RemoteTestNG.java:77)
]]>
    </error>
  </testcase> <!-- TC_29_Accept_and_Forward_INWARD_Workflow_Document_from_User6 -->
  <testcase name="TC_29_Accept_and_Forward_INWARD_Workflow_Document_from_User6" time="99.535" classname="Script.INWARD_EXTERNAL_WORKFLOW">
    <skipped/>
  </testcase> <!-- TC_29_Accept_and_Forward_INWARD_Workflow_Document_from_User6 -->
  <testcase name="TC_29_Accept_and_Forward_INWARD_Workflow_Document_from_User6" time="102.236" classname="Script.INWARD_EXTERNAL_WORKFLOW">
    <skipped/>
  </testcase> <!-- TC_29_Accept_and_Forward_INWARD_Workflow_Document_from_User6 -->
  <testcase name="TC_29_Accept_and_Forward_INWARD_Workflow_Document_from_User6" time="115.862" classname="Script.INWARD_EXTERNAL_WORKFLOW"/>
  <testcase name="TC_29_Accept_and_Forward_INWARD_Workflow_Document_from_User6" time="107.443" classname="Script.INWARD_EXTERNAL_WORKFLOW">
    <skipped/>
  </testcase> <!-- TC_29_Accept_and_Forward_INWARD_Workflow_Document_from_User6 -->
  <testcase name="TC_30_Rework_INWARD_Workflow_Document_from_User7" time="128.570" classname="Script.INWARD_EXTERNAL_WORKFLOW"/>
  <testcase name="TC_30_Rework_INWARD_Workflow_Document_from_User7" time="127.479" classname="Script.INWARD_EXTERNAL_WORKFLOW"/>
  <testcase name="LandBrowser21" time="52.540" classname="Script.INWARD_EXTERNAL_WORKFLOW"/>
  <testcase name="LandBrowser21" time="19.470" classname="Script.INWARD_EXTERNAL_WORKFLOW"/>
  <testcase name="Login_EWA21" time="15.595" classname="Script.INWARD_EXTERNAL_WORKFLOW"/>
  <testcase name="Login_EWA21" time="16.381" classname="Script.INWARD_EXTERNAL_WORKFLOW"/>
  <testcase name="TC_31_Create_INWARD_EXTERNAL_Document" time="348.918" classname="Script.INWARD_EXTERNAL_WORKFLOW"/>
  <testcase name="TC_31_Create_INWARD_EXTERNAL_Document" time="95.213" classname="Script.INWARD_EXTERNAL_WORKFLOW">
    <skipped/>
  </testcase> <!-- TC_31_Create_INWARD_EXTERNAL_Document -->
  <testcase name="TC_31_Create_INWARD_EXTERNAL_Document" time="23.239" classname="Script.INWARD_EXTERNAL_WORKFLOW">
    <skipped/>
  </testcase> <!-- TC_31_Create_INWARD_EXTERNAL_Document -->
  <testcase name="TC_31_Create_INWARD_EXTERNAL_Document" time="27.950" classname="Script.INWARD_EXTERNAL_WORKFLOW">
    <error type="org.openqa.selenium.JavascriptException" message="javascript error: {&quot;status&quot;:60,&quot;value&quot;:&quot;http://10.4.10.72:8080/CVWeb/cvLgn# has no size and location&quot;}
  (Session info: MicrosoftEdge=124.0.2478.51)
Build info: version: &#039;3.141.59&#039;, revision: &#039;e82be7d358&#039;, time: &#039;2018-11-14T08:17:03&#039;
System info: host: &#039;CIPLWKT014&#039;, ip: &#039;10.4.8.14&#039;, os.name: &#039;Windows 10&#039;, os.arch: &#039;x86&#039;, os.version: &#039;10.0&#039;, java.version: &#039;1.8.0_351&#039;
Driver info: org.openqa.selenium.edge.EdgeDriver
Capabilities {acceptInsecureCerts: false, browserName: MicrosoftEdge, browserVersion: 124.0.2478.51, fedcm:accounts: true, javascriptEnabled: true, ms:edgeOptions: {debuggerAddress: localhost:56814}, msedge: {msedgedriverVersion: 124.0.2478.51 (e23a9b7d0a14..., userDataDir: C:\Users\nisha.r\AppData\Lo...}, networkConnectionEnabled: false, pageLoadStrategy: normal, platform: WINDOWS, platformName: WINDOWS, proxy: Proxy(), setWindowRect: true, strictFileInteractability: false, timeouts: {implicit: 0, pageLoad: 300000, script: 30000}, unhandledPromptBehavior: dismiss and notify, webauthn:extension:credBlob: true, webauthn:extension:largeBlob: true, webauthn:extension:minPinLength: true, webauthn:extension:prf: true, webauthn:virtualAuthenticators: true}
Session ID: 0e679dff40583ad1fb9099d42749afa1">
      <![CDATA[org.openqa.selenium.JavascriptException: javascript error: {"status":60,"value":"http://10.4.10.72:8080/CVWeb/cvLgn# has no size and location"}
  (Session info: MicrosoftEdge=124.0.2478.51)
Build info: version: '3.141.59', revision: 'e82be7d358', time: '2018-11-14T08:17:03'
System info: host: 'CIPLWKT014', ip: '10.4.8.14', os.name: 'Windows 10', os.arch: 'x86', os.version: '10.0', java.version: '1.8.0_351'
Driver info: org.openqa.selenium.edge.EdgeDriver
Capabilities {acceptInsecureCerts: false, browserName: MicrosoftEdge, browserVersion: 124.0.2478.51, fedcm:accounts: true, javascriptEnabled: true, ms:edgeOptions: {debuggerAddress: localhost:56814}, msedge: {msedgedriverVersion: 124.0.2478.51 (e23a9b7d0a14..., userDataDir: C:\Users\nisha.r\AppData\Lo...}, networkConnectionEnabled: false, pageLoadStrategy: normal, platform: WINDOWS, platformName: WINDOWS, proxy: Proxy(), setWindowRect: true, strictFileInteractability: false, timeouts: {implicit: 0, pageLoad: 300000, script: 30000}, unhandledPromptBehavior: dismiss and notify, webauthn:extension:credBlob: true, webauthn:extension:largeBlob: true, webauthn:extension:minPinLength: true, webauthn:extension:prf: true, webauthn:virtualAuthenticators: true}
Session ID: 0e679dff40583ad1fb9099d42749afa1
at sun.reflect.NativeConstructorAccessorImpl.newInstance0(Native Method)
at sun.reflect.NativeConstructorAccessorImpl.newInstance(Unknown Source)
at sun.reflect.DelegatingConstructorAccessorImpl.newInstance(Unknown Source)
at java.lang.reflect.Constructor.newInstance(Unknown Source)
at org.openqa.selenium.remote.http.W3CHttpResponseCodec.createException(W3CHttpResponseCodec.java:187)
at org.openqa.selenium.remote.http.W3CHttpResponseCodec.decode(W3CHttpResponseCodec.java:122)
at org.openqa.selenium.remote.http.W3CHttpResponseCodec.decode(W3CHttpResponseCodec.java:49)
at org.openqa.selenium.remote.HttpCommandExecutor.execute(HttpCommandExecutor.java:158)
at org.openqa.selenium.remote.service.DriverCommandExecutor.execute(DriverCommandExecutor.java:83)
at org.openqa.selenium.remote.RemoteWebDriver.execute(RemoteWebDriver.java:552)
at org.openqa.selenium.remote.RemoteWebDriver.perform(RemoteWebDriver.java:618)
at org.openqa.selenium.interactions.Actions$BuiltAction.perform(Actions.java:639)
at org.openqa.selenium.interactions.Actions.perform(Actions.java:595)
at Generic.BaseClass.selectElement(BaseClass.java:424)
at Pom.Create_DOC.Create_INWARD_Document_and_sendTo_Inward_Workflow_For_Intimation(Create_DOC.java:2710)
at Script.INWARD_EXTERNAL_WORKFLOW.TC_31_Create_INWARD_EXTERNAL_Document(INWARD_EXTERNAL_WORKFLOW.java:367)
at sun.reflect.NativeMethodAccessorImpl.invoke0(Native Method)
at sun.reflect.NativeMethodAccessorImpl.invoke(Unknown Source)
at sun.reflect.DelegatingMethodAccessorImpl.invoke(Unknown Source)
at java.lang.reflect.Method.invoke(Unknown Source)
at org.testng.internal.MethodInvocationHelper.invokeMethod(MethodInvocationHelper.java:124)
at org.testng.internal.Invoker.invokeMethod(Invoker.java:583)
at org.testng.internal.Invoker.retryFailed(Invoker.java:839)
at org.testng.internal.Invoker.invokeTestMethods(Invoker.java:1010)
at org.testng.internal.TestMethodWorker.invokeTestMethods(TestMethodWorker.java:125)
at org.testng.internal.TestMethodWorker.run(TestMethodWorker.java:109)
at org.testng.TestRunner.privateRun(TestRunner.java:648)
at org.testng.TestRunner.run(TestRunner.java:505)
at org.testng.SuiteRunner.runTest(SuiteRunner.java:455)
at org.testng.SuiteRunner.runSequentially(SuiteRunner.java:450)
at org.testng.SuiteRunner.privateRun(SuiteRunner.java:415)
at org.testng.SuiteRunner.run(SuiteRunner.java:364)
at org.testng.SuiteRunnerWorker.runSuite(SuiteRunnerWorker.java:52)
at org.testng.SuiteRunnerWorker.run(SuiteRunnerWorker.java:84)
at org.testng.TestNG.runSuitesSequentially(TestNG.java:1208)
at org.testng.TestNG.runSuitesSequentially(TestNG.java:1204)
at org.testng.TestNG.runSuitesLocally(TestNG.java:1137)
at org.testng.TestNG.runSuites(TestNG.java:1049)
at org.testng.TestNG.run(TestNG.java:1017)
at org.testng.remote.AbstractRemoteTestNG.run(AbstractRemoteTestNG.java:114)
at org.testng.remote.RemoteTestNG.initAndRun(RemoteTestNG.java:251)
at org.testng.remote.RemoteTestNG.main(RemoteTestNG.java:77)
]]>
    </error>
  </testcase> <!-- TC_31_Create_INWARD_EXTERNAL_Document -->
  <testcase name="TC_31_Create_INWARD_EXTERNAL_Document" time="22.044" classname="Script.INWARD_EXTERNAL_WORKFLOW">
    <skipped/>
  </testcase> <!-- TC_31_Create_INWARD_EXTERNAL_Document -->
  <testcase name="TC_32_Intimate_INWARD_Workflow_Document_from_User1" time="80.373" classname="Script.INWARD_EXTERNAL_WORKFLOW"/>
  <testcase name="TC_32_Intimate_INWARD_Workflow_Document_from_User1" time="96.799" classname="Script.INWARD_EXTERNAL_WORKFLOW">
    <skipped/>
  </testcase> <!-- TC_32_Intimate_INWARD_Workflow_Document_from_User1 -->
  <testcase name="TC_32_Intimate_INWARD_Workflow_Document_from_User1" time="68.890" classname="Script.INWARD_EXTERNAL_WORKFLOW">
    <skipped/>
  </testcase> <!-- TC_32_Intimate_INWARD_Workflow_Document_from_User1 -->
  <testcase name="TC_32_Intimate_INWARD_Workflow_Document_from_User1" time="2.037" classname="Script.INWARD_EXTERNAL_WORKFLOW">
    <skipped/>
  </testcase> <!-- TC_32_Intimate_INWARD_Workflow_Document_from_User1 -->
  <testcase name="TC_32_Intimate_INWARD_Workflow_Document_from_User1" time="50.300" classname="Script.INWARD_EXTERNAL_WORKFLOW">
    <error type="org.openqa.selenium.TimeoutException" message="Expected condition failed: waiting for alert to be present (tried for 10 second(s) with 500 milliseconds interval)
Build info: version: &#039;3.141.59&#039;, revision: &#039;e82be7d358&#039;, time: &#039;2018-11-14T08:17:03&#039;
System info: host: &#039;CIPLWKT014&#039;, ip: &#039;10.4.8.14&#039;, os.name: &#039;Windows 10&#039;, os.arch: &#039;x86&#039;, os.version: &#039;10.0&#039;, java.version: &#039;1.8.0_351&#039;
Driver info: org.openqa.selenium.edge.EdgeDriver
Capabilities {acceptInsecureCerts: false, browserName: MicrosoftEdge, browserVersion: 124.0.2478.51, fedcm:accounts: true, javascriptEnabled: true, ms:edgeOptions: {debuggerAddress: localhost:56814}, msedge: {msedgedriverVersion: 124.0.2478.51 (e23a9b7d0a14..., userDataDir: C:\Users\nisha.r\AppData\Lo...}, networkConnectionEnabled: false, pageLoadStrategy: normal, platform: WINDOWS, platformName: WINDOWS, proxy: Proxy(), setWindowRect: true, strictFileInteractability: false, timeouts: {implicit: 0, pageLoad: 300000, script: 30000}, unhandledPromptBehavior: dismiss and notify, webauthn:extension:credBlob: true, webauthn:extension:largeBlob: true, webauthn:extension:minPinLength: true, webauthn:extension:prf: true, webauthn:virtualAuthenticators: true}
Session ID: 0e679dff40583ad1fb9099d42749afa1">
      <![CDATA[org.openqa.selenium.TimeoutException: Expected condition failed: waiting for alert to be present (tried for 10 second(s) with 500 milliseconds interval)
Build info: version: '3.141.59', revision: 'e82be7d358', time: '2018-11-14T08:17:03'
System info: host: 'CIPLWKT014', ip: '10.4.8.14', os.name: 'Windows 10', os.arch: 'x86', os.version: '10.0', java.version: '1.8.0_351'
Driver info: org.openqa.selenium.edge.EdgeDriver
Capabilities {acceptInsecureCerts: false, browserName: MicrosoftEdge, browserVersion: 124.0.2478.51, fedcm:accounts: true, javascriptEnabled: true, ms:edgeOptions: {debuggerAddress: localhost:56814}, msedge: {msedgedriverVersion: 124.0.2478.51 (e23a9b7d0a14..., userDataDir: C:\Users\nisha.r\AppData\Lo...}, networkConnectionEnabled: false, pageLoadStrategy: normal, platform: WINDOWS, platformName: WINDOWS, proxy: Proxy(), setWindowRect: true, strictFileInteractability: false, timeouts: {implicit: 0, pageLoad: 300000, script: 30000}, unhandledPromptBehavior: dismiss and notify, webauthn:extension:credBlob: true, webauthn:extension:largeBlob: true, webauthn:extension:minPinLength: true, webauthn:extension:prf: true, webauthn:virtualAuthenticators: true}
Session ID: 0e679dff40583ad1fb9099d42749afa1
at org.openqa.selenium.support.ui.WebDriverWait.timeoutException(WebDriverWait.java:95)
at org.openqa.selenium.support.ui.FluentWait.until(FluentWait.java:272)
at Pom.Create_DOC.Intimate_INWARD_Workflow_Document_from_User1(Create_DOC.java:2828)
at Script.INWARD_EXTERNAL_WORKFLOW.TC_32_Intimate_INWARD_Workflow_Document_from_User1(INWARD_EXTERNAL_WORKFLOW.java:376)
at sun.reflect.NativeMethodAccessorImpl.invoke0(Native Method)
at sun.reflect.NativeMethodAccessorImpl.invoke(Unknown Source)
at sun.reflect.DelegatingMethodAccessorImpl.invoke(Unknown Source)
at java.lang.reflect.Method.invoke(Unknown Source)
at org.testng.internal.MethodInvocationHelper.invokeMethod(MethodInvocationHelper.java:124)
at org.testng.internal.Invoker.invokeMethod(Invoker.java:583)
at org.testng.internal.Invoker.retryFailed(Invoker.java:839)
at org.testng.internal.Invoker.invokeTestMethods(Invoker.java:1010)
at org.testng.internal.TestMethodWorker.invokeTestMethods(TestMethodWorker.java:125)
at org.testng.internal.TestMethodWorker.run(TestMethodWorker.java:109)
at org.testng.TestRunner.privateRun(TestRunner.java:648)
at org.testng.TestRunner.run(TestRunner.java:505)
at org.testng.SuiteRunner.runTest(SuiteRunner.java:455)
at org.testng.SuiteRunner.runSequentially(SuiteRunner.java:450)
at org.testng.SuiteRunner.privateRun(SuiteRunner.java:415)
at org.testng.SuiteRunner.run(SuiteRunner.java:364)
at org.testng.SuiteRunnerWorker.runSuite(SuiteRunnerWorker.java:52)
at org.testng.SuiteRunnerWorker.run(SuiteRunnerWorker.java:84)
at org.testng.TestNG.runSuitesSequentially(TestNG.java:1208)
at org.testng.TestNG.runSuitesSequentially(TestNG.java:1204)
at org.testng.TestNG.runSuitesLocally(TestNG.java:1137)
at org.testng.TestNG.runSuites(TestNG.java:1049)
at org.testng.TestNG.run(TestNG.java:1017)
at org.testng.remote.AbstractRemoteTestNG.run(AbstractRemoteTestNG.java:114)
at org.testng.remote.RemoteTestNG.initAndRun(RemoteTestNG.java:251)
at org.testng.remote.RemoteTestNG.main(RemoteTestNG.java:77)
]]>
    </error>
  </testcase> <!-- TC_32_Intimate_INWARD_Workflow_Document_from_User1 -->
  <testcase name="TC_33_Intimate_INWARD_Workflow_Document_from_User2" time="118.030" classname="Script.INWARD_EXTERNAL_WORKFLOW"/>
  <testcase name="TC_33_Intimate_INWARD_Workflow_Document_from_User2" time="125.793" classname="Script.INWARD_EXTERNAL_WORKFLOW"/>
  <testcase name="TC_34_Intimate_End_INWARD_Workflow_Document_from_User3" time="103.509" classname="Script.INWARD_EXTERNAL_WORKFLOW"/>
  <testcase name="TC_34_Intimate_End_INWARD_Workflow_Document_from_User3" time="105.961" classname="Script.INWARD_EXTERNAL_WORKFLOW"/>
</testsuite> <!-- Script.INWARD_EXTERNAL_WORKFLOW -->
