<?xml version="1.0" encoding="UTF-8"?>
<!-- Generated by org.testng.reporters.JUnitXMLReporter -->
<testsuite hostname="CIPLWKT010" ignored="0" name="Test" tests="26" failures="18" timestamp="31 Aug 2023 07:43:45 GMT" time="99.065" errors="0">
  <testcase name="Tc01" time="7.182" classname="Script.seachFucn02">
    <failure type="org.openqa.selenium.NoSuchElementException" message="no such element: Unable to locate element: {&amp;quot;method&amp;quot;:&amp;quot;xpath&amp;quot;,&amp;quot;selector&amp;quot;:&amp;quot; //button[@id=&amp;apos;cvModelLoginValidationOk&amp;apos;]&amp;quot;}
  (Session info: MicrosoftEdge=116.0.1938.62)
For documentation on this error, please visit: https://www.seleniumhq.org/exceptions/no_such_element.html
Build info: version: &amp;apos;3.141.59&amp;apos;, revision: &amp;apos;e82be7d358&amp;apos;, time: &amp;apos;2018-11-14T08:25:53&amp;apos;
System info: host: &amp;apos;CIPLWKT010&amp;apos;, ip: &amp;apos;10.4.8.14&amp;apos;, os.name: &amp;apos;Windows 10&amp;apos;, os.arch: &amp;apos;x86&amp;apos;, os.version: &amp;apos;10.0&amp;apos;, java.version: &amp;apos;1.8.0_351&amp;apos;
Driver info: org.openqa.selenium.edge.EdgeDriver
Capabilities {acceptInsecureCerts: false, browserName: msedge, browserVersion: 116.0.1938.62, fedcm:accounts: true, javascriptEnabled: true, ms:edgeOptions: {debuggerAddress: localhost:64423}, msedge: {msedgedriverVersion: 116.0.1938.62 (493f2197e519..., userDataDir: C:\Users\nisha.r\AppData\Lo...}, networkConnectionEnabled: false, pageLoadStrategy: normal, platform: WINDOWS, platformName: WINDOWS, proxy: Proxy(), setWindowRect: true, strictFileInteractability: false, timeouts: {implicit: 0, pageLoad: 300000, script: 30000}, unhandledPromptBehavior: dismiss and notify, webauthn:extension:credBlob: true, webauthn:extension:largeBlob: true, webauthn:extension:minPinLength: true, webauthn:extension:prf: true, webauthn:virtualAuthenticators: true}
Session ID: 6ff6957fbd87c195ce1fd94f7d243b6b
*** Element info: {Using=xpath, value= //button[@id=&amp;apos;cvModelLoginValidationOk&amp;apos;]}">
      <![CDATA[org.openqa.selenium.NoSuchElementException: no such element: Unable to locate element: {"method":"xpath","selector":" //button[@id='cvModelLoginValidationOk']"}
  (Session info: MicrosoftEdge=116.0.1938.62)
For documentation on this error, please visit: https://www.seleniumhq.org/exceptions/no_such_element.html
Build info: version: '3.141.59', revision: 'e82be7d358', time: '2018-11-14T08:25:53'
System info: host: 'CIPLWKT010', ip: '10.4.8.14', os.name: 'Windows 10', os.arch: 'x86', os.version: '10.0', java.version: '1.8.0_351'
Driver info: org.openqa.selenium.edge.EdgeDriver
Capabilities {acceptInsecureCerts: false, browserName: msedge, browserVersion: 116.0.1938.62, fedcm:accounts: true, javascriptEnabled: true, ms:edgeOptions: {debuggerAddress: localhost:64423}, msedge: {msedgedriverVersion: 116.0.1938.62 (493f2197e519..., userDataDir: C:\Users\nisha.r\AppData\Lo...}, networkConnectionEnabled: false, pageLoadStrategy: normal, platform: WINDOWS, platformName: WINDOWS, proxy: Proxy(), setWindowRect: true, strictFileInteractability: false, timeouts: {implicit: 0, pageLoad: 300000, script: 30000}, unhandledPromptBehavior: dismiss and notify, webauthn:extension:credBlob: true, webauthn:extension:largeBlob: true, webauthn:extension:minPinLength: true, webauthn:extension:prf: true, webauthn:virtualAuthenticators: true}
Session ID: 6ff6957fbd87c195ce1fd94f7d243b6b
*** Element info: {Using=xpath, value= //button[@id='cvModelLoginValidationOk']}
at org.openqa.selenium.remote.http.W3CHttpResponseCodec.createException(W3CHttpResponseCodec.java:187)
at org.openqa.selenium.remote.http.W3CHttpResponseCodec.decode(W3CHttpResponseCodec.java:122)
at org.openqa.selenium.remote.http.W3CHttpResponseCodec.decode(W3CHttpResponseCodec.java:49)
at org.openqa.selenium.remote.HttpCommandExecutor.execute(HttpCommandExecutor.java:158)
at org.openqa.selenium.remote.service.DriverCommandExecutor.execute(DriverCommandExecutor.java:83)
at org.openqa.selenium.remote.RemoteWebDriver.execute(RemoteWebDriver.java:552)
at org.openqa.selenium.remote.RemoteWebDriver.findElement(RemoteWebDriver.java:323)
at org.openqa.selenium.remote.RemoteWebDriver.findElementByXPath(RemoteWebDriver.java:428)
at org.openqa.selenium.By$ByXPath.findElement(By.java:353)
at org.openqa.selenium.remote.RemoteWebDriver.findElement(RemoteWebDriver.java:315)
at Script.seachFucn02.Tc01(seachFucn02.java:34)
... Removed 29 stack frames]]>
    </failure>
  </testcase> <!-- Tc01 -->
  <testcase name="Tc02" time="12.04" classname="Script.seachFucn02"/>
  <testcase name="Tc03" time="7.328" classname="Script.seachFucn02"/>
  <testcase name="Tc04" time="10.783" classname="Script.seachFucn02"/>
  <testcase name="Tc05" time="8.18" classname="Script.seachFucn02"/>
  <testcase name="Tc06" time="15.997" classname="Script.seachFucn02"/>
  <testcase name="Tc01" time="0.001" classname="Script.SearchFunctionality">
    <failure type="java.lang.NullPointerException">
      <![CDATA[java.lang.NullPointerException
at Script.SearchFunctionality.Tc01(SearchFunctionality.java:56)
... Removed 25 stack frames]]>
    </failure>
  </testcase> <!-- Tc01 -->
  <testcase name="Tc02" time="0.001" classname="Script.SearchFunctionality">
    <failure type="java.lang.NullPointerException">
      <![CDATA[java.lang.NullPointerException
at Script.SearchFunctionality.Tc02(SearchFunctionality.java:70)
... Removed 25 stack frames]]>
    </failure>
  </testcase> <!-- Tc02 -->
  <testcase name="Tc03" time="0.001" classname="Script.SearchFunctionality">
    <failure type="java.lang.NullPointerException">
      <![CDATA[java.lang.NullPointerException
at Script.SearchFunctionality.Tc03(SearchFunctionality.java:91)
... Removed 25 stack frames]]>
    </failure>
  </testcase> <!-- Tc03 -->
  <testcase name="Tc02" time="0.001" classname="Script.SelectDocumentLocation">
    <failure type="java.lang.NullPointerException">
      <![CDATA[java.lang.NullPointerException
at Script.SelectDocumentLocation.Tc02(SelectDocumentLocation.java:55)
... Removed 25 stack frames]]>
    </failure>
  </testcase> <!-- Tc02 -->
  <testcase name="Tc03" time="0.001" classname="Script.SelectDocumentLocation">
    <failure type="java.lang.NullPointerException">
      <![CDATA[java.lang.NullPointerException
at Script.SelectDocumentLocation.Tc03(SelectDocumentLocation.java:82)
... Removed 25 stack frames]]>
    </failure>
  </testcase> <!-- Tc03 -->
  <testcase name="Tc04" time="0.001" classname="Script.SelectDocumentLocation">
    <failure type="java.lang.NullPointerException">
      <![CDATA[java.lang.NullPointerException
at Script.SelectDocumentLocation.Tc04(SelectDocumentLocation.java:105)
... Removed 25 stack frames]]>
    </failure>
  </testcase> <!-- Tc04 -->
  <testcase name="Tc05" time="0.002" classname="Script.SelectDocumentLocation">
    <failure type="java.lang.NullPointerException">
      <![CDATA[java.lang.NullPointerException
at Script.SelectDocumentLocation.Tc05(SelectDocumentLocation.java:128)
... Removed 25 stack frames]]>
    </failure>
  </testcase> <!-- Tc05 -->
  <testcase name="Tc06" time="0.0" classname="Script.SelectDocumentLocation">
    <failure type="java.lang.NullPointerException">
      <![CDATA[java.lang.NullPointerException
at Script.SelectDocumentLocation.Tc06(SelectDocumentLocation.java:147)
... Removed 25 stack frames]]>
    </failure>
  </testcase> <!-- Tc06 -->
  <testcase name="Tc07" time="0.0" classname="Script.SelectDocumentLocation">
    <failure type="java.lang.NullPointerException">
      <![CDATA[java.lang.NullPointerException
at Script.SelectDocumentLocation.Tc07(SelectDocumentLocation.java:165)
... Removed 25 stack frames]]>
    </failure>
  </testcase> <!-- Tc07 -->
  <testcase name="Tc08" time="0.0" classname="Script.SelectDocumentLocation">
    <failure type="java.lang.NullPointerException">
      <![CDATA[java.lang.NullPointerException
at Script.SelectDocumentLocation.Tc08(SelectDocumentLocation.java:185)
... Removed 25 stack frames]]>
    </failure>
  </testcase> <!-- Tc08 -->
  <testcase name="Tc02RejectStatus" time="0.001" classname="Script.WorkflowStatus">
    <failure type="java.lang.NullPointerException">
      <![CDATA[java.lang.NullPointerException
at Script.WorkflowStatus.Tc02RejectStatus(WorkflowStatus.java:38)
... Removed 25 stack frames]]>
    </failure>
  </testcase> <!-- Tc02RejectStatus -->
  <testcase name="Tc03CreatedFrom" time="0.001" classname="Script.WorkflowStatus">
    <failure type="java.lang.NullPointerException">
      <![CDATA[java.lang.NullPointerException
at Script.WorkflowStatus.Tc03CreatedFrom(WorkflowStatus.java:82)
... Removed 25 stack frames]]>
    </failure>
  </testcase> <!-- Tc03CreatedFrom -->
  <testcase name="Tc03" time="0.001" classname="Script.SearchWith4CheckBox">
    <failure type="java.lang.NullPointerException">
      <![CDATA[java.lang.NullPointerException
at Script.SearchWith4CheckBox.Tc03(SearchWith4CheckBox.java:39)
... Removed 25 stack frames]]>
    </failure>
  </testcase> <!-- Tc03 -->
  <testcase name="Tc04" time="0.0" classname="Script.SearchWith4CheckBox">
    <failure type="java.lang.NullPointerException">
      <![CDATA[java.lang.NullPointerException
at Script.SearchWith4CheckBox.Tc04(SearchWith4CheckBox.java:50)
... Removed 25 stack frames]]>
    </failure>
  </testcase> <!-- Tc04 -->
  <testcase name="Tc05" time="0.0" classname="Script.SearchWith4CheckBox">
    <failure type="java.lang.NullPointerException">
      <![CDATA[java.lang.NullPointerException
at Script.SearchWith4CheckBox.Tc05(SearchWith4CheckBox.java:61)
... Removed 25 stack frames]]>
    </failure>
  </testcase> <!-- Tc05 -->
  <testcase name="Tc06" time="0.0" classname="Script.SearchWith4CheckBox">
    <failure type="java.lang.NullPointerException">
      <![CDATA[java.lang.NullPointerException
at Script.SearchWith4CheckBox.Tc06(SearchWith4CheckBox.java:72)
... Removed 25 stack frames]]>
    </failure>
  </testcase> <!-- Tc06 -->
  <testcase name="Tc07" time="0.001" classname="Script.SearchWith4CheckBox">
    <failure type="java.lang.NullPointerException">
      <![CDATA[java.lang.NullPointerException
at Script.SearchWith4CheckBox.Tc07(SearchWith4CheckBox.java:83)
... Removed 25 stack frames]]>
    </failure>
  </testcase> <!-- Tc07 -->
  <testcase name="Tc01" time="6.92" classname="Script.QuickSearch"/>
  <testcase name="Tc02" time="5.318" classname="Script.QuickSearch"/>
  <testcase name="Tc03" time="8.778" classname="Script.QuickSearch"/>
</testsuite> <!-- Test -->
